SF:/home/runner/work/logripper/logripper/src/rust/logripper-core/src/adif/mapper.rs
FN:310,_RNvMNtNtCsyXBwHmtrR2_14logripper_core4adif6mapperNtB2_10AdifMapper10qso_to_adi
FN:29,_RNvMNtNtCsyXBwHmtrR2_14logripper_core4adif6mapperNtB2_10AdifMapper13record_to_qso
FN:301,_RNvMNtNtCsyXBwHmtrR2_14logripper_core4adif6mapperNtB2_10AdifMapper18qso_to_adif_fields
FN:317,_RNvMNtNtCsyXBwHmtrR2_14logripper_core4adif6mapperNtB2_10AdifMapper27qso_to_adif_fields_borrowed
FN:688,_RNvNtNtCsyXBwHmtrR2_14logripper_core4adif6mapper10mhz_to_khz
FN:736,_RNvNtNtCsyXBwHmtrR2_14logripper_core4adif6mapper19field_is_overridden
FN:567,_RNvNtNtCsyXBwHmtrR2_14logripper_core4adif6mapper19parse_adif_datetime
FN:620,_RNvNtNtCsyXBwHmtrR2_14logripper_core4adif6mapper19parse_adif_location
FN:612,_RNvNtNtCsyXBwHmtrR2_14logripper_core4adif6mapper20format_adif_datetime
FN:652,_RNvNtNtCsyXBwHmtrR2_14logripper_core4adif6mapper20format_adif_location
FN:711,_RNvNtNtCsyXBwHmtrR2_14logripper_core4adif6mapper22map_confirmation_field
FN:701,_RNvNtNtCsyXBwHmtrR2_14logripper_core4adif6mapper23parse_confirmation_bool
FN:724,_RNvNtNtCsyXBwHmtrR2_14logripper_core4adif6mapper23push_confirmation_field
FN:533,_RINvMNtNtCsyXBwHmtrR2_14logripper_core4adif6mapperNtB3_10AdifMapper13fields_to_adiINtNtCsaFPxhswmqCN_5alloc6borrow3CoweEB1i_EB7_
FN:558,_RINvNtNtCsyXBwHmtrR2_14logripper_core4adif6mapper10push_fieldReBX_EB6_
FN:558,_RINvNtNtCsyXBwHmtrR2_14logripper_core4adif6mapper10push_fieldReNtNtCsaFPxhswmqCN_5alloc6string6StringEB6_
FN:538,_RNCINvMNtNtCsyXBwHmtrR2_14logripper_core4adif6mapperNtB5_10AdifMapper13fields_to_adiINtNtCsaFPxhswmqCN_5alloc6borrow3CoweEB1k_E0B9_
FN:86,_RNCNvMNtNtCsyXBwHmtrR2_14logripper_core4adif6mapperNtB4_10AdifMapper13record_to_qso0B8_
FN:304,_RNCNvMNtNtCsyXBwHmtrR2_14logripper_core4adif6mapperNtB4_10AdifMapper18qso_to_adif_fields0B8_
FN:324,_RNCNvMNtNtCsyXBwHmtrR2_14logripper_core4adif6mapperNtB4_10AdifMapper27qso_to_adif_fields_borrowed0B8_
FN:326,_RNCNvMNtNtCsyXBwHmtrR2_14logripper_core4adif6mapperNtB4_10AdifMapper27qso_to_adif_fields_borroweds0_0B8_
FN:339,_RNCNvMNtNtCsyXBwHmtrR2_14logripper_core4adif6mapperNtB4_10AdifMapper27qso_to_adif_fields_borroweds1_0B8_
FN:450,_RNCNvMNtNtCsyXBwHmtrR2_14logripper_core4adif6mapperNtB4_10AdifMapper27qso_to_adif_fields_borroweds2_0B8_
FN:456,_RNCNvMNtNtCsyXBwHmtrR2_14logripper_core4adif6mapperNtB4_10AdifMapper27qso_to_adif_fields_borroweds3_0B8_
FN:325,_RNCNvMNtNtCsyXBwHmtrR2_14logripper_core4adif6mapperNtB4_10AdifMapper27qso_to_adif_fields_borroweds_0B8_
FN:750,_RNCNvNtNtCsyXBwHmtrR2_14logripper_core4adif6mapper19field_is_overridden0B7_
FN:759,_RNCNvNtNtCsyXBwHmtrR2_14logripper_core4adif6mapper19field_is_overriddens0_0B7_
FN:763,_RNCNvNtNtCsyXBwHmtrR2_14logripper_core4adif6mapper19field_is_overriddens1_0B7_
FN:767,_RNCNvNtNtCsyXBwHmtrR2_14logripper_core4adif6mapper19field_is_overriddens2_0B7_
FN:771,_RNCNvNtNtCsyXBwHmtrR2_14logripper_core4adif6mapper19field_is_overriddens3_0B7_
FN:755,_RNCNvNtNtCsyXBwHmtrR2_14logripper_core4adif6mapper19field_is_overriddens_0B7_
FN:841,_RNCNvNtNtNtCslSqZBX8bsoa_14logripper_core4adif6mapper5testss_25record_to_qso_core_fields0B9_
FN:1162,_RNCNvNtNtNtCslSqZBX8bsoa_14logripper_core4adif6mapper5testss_29qso_to_adif_fields_round_trip0B9_
FN:1397,_RNCNvNtNtNtCslSqZBX8bsoa_14logripper_core4adif6mapper5testss_36negative_nanos_does_not_corrupt_date0B9_
FN:1209,_RNCNvNtNtNtCslSqZBX8bsoa_14logripper_core4adif6mapper5testss_38qso_to_adif_fields_emits_end_timestamp0B9_
FN:1345,_RNCNvNtNtNtCslSqZBX8bsoa_14logripper_core4adif6mapper5testss_42operator_fallback_when_no_station_callsign0B9_
FN:1236,_RNCNvNtNtNtCslSqZBX8bsoa_14logripper_core4adif6mapper5testss_48qso_to_adif_fields_emits_station_snapshot_fields0B9_
FN:952,_RNCNvNtNtNtCslSqZBX8bsoa_14logripper_core4adif6mapper5testss_53non_boolean_lotw_eqsl_values_preserved_for_round_trip0B9_
FN:1273,_RNCNvNtNtNtCslSqZBX8bsoa_14logripper_core4adif6mapper5testss_56qso_to_adif_fields_emits_n_for_false_confirmation_fields0B9_
FN:1308,_RNCNvNtNtNtCslSqZBX8bsoa_14logripper_core4adif6mapper5testss_57dedicated_fields_do_not_duplicate_overridden_extra_fields0B9_
FN:1313,_RNCNvNtNtNtCslSqZBX8bsoa_14logripper_core4adif6mapper5testss_57dedicated_fields_do_not_duplicate_overridden_extra_fieldss0_0B9_
FN:1314,_RNCNvNtNtNtCslSqZBX8bsoa_14logripper_core4adif6mapper5testss_57dedicated_fields_do_not_duplicate_overridden_extra_fieldss1_0B9_
FN:1318,_RNCNvNtNtNtCslSqZBX8bsoa_14logripper_core4adif6mapper5testss_57dedicated_fields_do_not_duplicate_overridden_extra_fieldss2_0B9_
FN:1319,_RNCNvNtNtNtCslSqZBX8bsoa_14logripper_core4adif6mapper5testss_57dedicated_fields_do_not_duplicate_overridden_extra_fieldss3_0B9_
FN:1323,_RNCNvNtNtNtCslSqZBX8bsoa_14logripper_core4adif6mapper5testss_57dedicated_fields_do_not_duplicate_overridden_extra_fieldss4_0B9_
FN:1324,_RNCNvNtNtNtCslSqZBX8bsoa_14logripper_core4adif6mapper5testss_57dedicated_fields_do_not_duplicate_overridden_extra_fieldss5_0B9_
FN:1309,_RNCNvNtNtNtCslSqZBX8bsoa_14logripper_core4adif6mapper5testss_57dedicated_fields_do_not_duplicate_overridden_extra_fieldss_0B9_
FN:806,_RNvNtNtNtCslSqZBX8bsoa_14logripper_core4adif6mapper5tests16make_test_record
FN:1248,_RNvNtNtNtCslSqZBX8bsoa_14logripper_core4adif6mapper5testss_17adi_format_output
FN:1361,_RNvNtNtNtCslSqZBX8bsoa_14logripper_core4adif6mapper5testss_24frequency_to_khz_precise
FN:905,_RNvNtNtNtCslSqZBX8bsoa_14logripper_core4adif6mapper5testss_24record_to_qso_qsl_fields
FN:1419,_RNvNtNtNtCslSqZBX8bsoa_14logripper_core4adif6mapper5testss_25adif_location_round_trips
FN:828,_RNvNtNtNtCslSqZBX8bsoa_14logripper_core4adif6mapper5testss_25record_to_qso_core_fields
FN:1351,_RNvNtNtNtCslSqZBX8bsoa_14logripper_core4adif6mapper5testss_27frequency_to_khz_conversion
FN:960,_RNvNtNtNtCslSqZBX8bsoa_14logripper_core4adif6mapper5testss_28record_to_qso_contest_fields
FN:847,_RNvNtNtNtCslSqZBX8bsoa_14logripper_core4adif6mapper5testss_28record_to_qso_signal_reports
FN:1408,_RNvNtNtNtCslSqZBX8bsoa_14logripper_core4adif6mapper5testss_29non_ascii_date_does_not_panic
FN:1154,_RNvNtNtNtCslSqZBX8bsoa_14logripper_core4adif6mapper5testss_29qso_to_adif_fields_round_trip
FN:1371,_RNvNtNtNtCslSqZBX8bsoa_14logripper_core4adif6mapper5testss_30negative_frequency_is_rejected
FN:878,_RNvNtNtNtCslSqZBX8bsoa_14logripper_core4adif6mapper5testss_30record_to_qso_timestamp_4digit
FN:891,_RNvNtNtNtCslSqZBX8bsoa_14logripper_core4adif6mapper5testss_30record_to_qso_timestamp_6digit
FN:1174,_RNvNtNtNtCslSqZBX8bsoa_14logripper_core4adif6mapper5testss_32record_to_qso_maps_end_timestamp
FN:1074,_RNvNtNtNtCslSqZBX8bsoa_14logripper_core4adif6mapper5testss_32record_to_qso_propagation_fields
FN:1118,_RNvNtNtNtCslSqZBX8bsoa_14logripper_core4adif6mapper5testss_34import_only_mode_c4fm_sets_submode
FN:1011,_RNvNtNtNtCslSqZBX8bsoa_14logripper_core4adif6mapper5testss_35record_to_qso_geographic_enrichment
FN:1384,_RNvNtNtNtCslSqZBX8bsoa_14logripper_core4adif6mapper5testss_36negative_nanos_does_not_corrupt_date
FN:1088,_RNvNtNtNtCslSqZBX8bsoa_14logripper_core4adif6mapper5testss_36record_to_qso_extra_fields_preserved
FN:821,_RNvNtNtNtCslSqZBX8bsoa_14logripper_core4adif6mapper5testss_37record_to_qso_generates_uuid_local_id
FN:1192,_RNvNtNtNtCslSqZBX8bsoa_14logripper_core4adif6mapper5testss_38qso_to_adif_fields_emits_end_timestamp
FN:864,_RNvNtNtNtCslSqZBX8bsoa_14logripper_core4adif6mapper5testss_41record_to_qso_parses_three_digit_rst_tone
FN:1334,_RNvNtNtNtCslSqZBX8bsoa_14logripper_core4adif6mapper5testss_42operator_fallback_when_no_station_callsign
FN:1049,_RNvNtNtNtCslSqZBX8bsoa_14logripper_core4adif6mapper5testss_42record_to_qso_maps_station_snapshot_fields
FN:976,_RNvNtNtNtCslSqZBX8bsoa_14logripper_core4adif6mapper5testss_48invalid_core_fields_are_preserved_for_round_trip
FN:1217,_RNvNtNtNtCslSqZBX8bsoa_14logripper_core4adif6mapper5testss_48qso_to_adif_fields_emits_station_snapshot_fields
FN:1129,_RNvNtNtNtCslSqZBX8bsoa_14logripper_core4adif6mapper5testss_48submode_aliases_in_mode_field_map_to_parent_mode
FN:931,_RNvNtNtNtCslSqZBX8bsoa_14logripper_core4adif6mapper5testss_53non_boolean_lotw_eqsl_values_preserved_for_round_trip
FN:1260,_RNvNtNtNtCslSqZBX8bsoa_14logripper_core4adif6mapper5testss_56qso_to_adif_fields_emits_n_for_false_confirmation_fields
FN:1283,_RNvNtNtNtCslSqZBX8bsoa_14logripper_core4adif6mapper5testss_57dedicated_fields_do_not_duplicate_overridden_extra_fields
FN:1035,_RNvNtNtNtCslSqZBX8bsoa_14logripper_core4adif6mapper5testss_61dxcc_enrichment_populates_missing_country_continent_and_zones
FN:533,_RINvMNtNtCslSqZBX8bsoa_14logripper_core4adif6mapperNtB3_10AdifMapper13fields_to_adiINtNtCsaFPxhswmqCN_5alloc6borrow3CoweEB1j_EB7_
FN:533,_RINvMNtNtCslSqZBX8bsoa_14logripper_core4adif6mapperNtB3_10AdifMapper13fields_to_adiNtNtCsaFPxhswmqCN_5alloc6string6StringB1j_EB7_
FN:558,_RINvNtNtCslSqZBX8bsoa_14logripper_core4adif6mapper10push_fieldReBY_EB6_
FN:558,_RINvNtNtCslSqZBX8bsoa_14logripper_core4adif6mapper10push_fieldReNtNtCsaFPxhswmqCN_5alloc6string6StringEB6_
FN:538,_RNCINvMNtNtCslSqZBX8bsoa_14logripper_core4adif6mapperNtB5_10AdifMapper13fields_to_adiINtNtCsaFPxhswmqCN_5alloc6borrow3CoweEB1l_E0B9_
FN:538,_RNCINvMNtNtCslSqZBX8bsoa_14logripper_core4adif6mapperNtB5_10AdifMapper13fields_to_adiNtNtCsaFPxhswmqCN_5alloc6string6StringB1l_E0B9_
FN:86,_RNCNvMNtNtCslSqZBX8bsoa_14logripper_core4adif6mapperNtB4_10AdifMapper13record_to_qso0B8_
FN:304,_RNCNvMNtNtCslSqZBX8bsoa_14logripper_core4adif6mapperNtB4_10AdifMapper18qso_to_adif_fields0B8_
FN:324,_RNCNvMNtNtCslSqZBX8bsoa_14logripper_core4adif6mapperNtB4_10AdifMapper27qso_to_adif_fields_borrowed0B8_
FN:326,_RNCNvMNtNtCslSqZBX8bsoa_14logripper_core4adif6mapperNtB4_10AdifMapper27qso_to_adif_fields_borroweds0_0B8_
FN:339,_RNCNvMNtNtCslSqZBX8bsoa_14logripper_core4adif6mapperNtB4_10AdifMapper27qso_to_adif_fields_borroweds1_0B8_
FN:450,_RNCNvMNtNtCslSqZBX8bsoa_14logripper_core4adif6mapperNtB4_10AdifMapper27qso_to_adif_fields_borroweds2_0B8_
FN:456,_RNCNvMNtNtCslSqZBX8bsoa_14logripper_core4adif6mapperNtB4_10AdifMapper27qso_to_adif_fields_borroweds3_0B8_
FN:325,_RNCNvMNtNtCslSqZBX8bsoa_14logripper_core4adif6mapperNtB4_10AdifMapper27qso_to_adif_fields_borroweds_0B8_
FN:750,_RNCNvNtNtCslSqZBX8bsoa_14logripper_core4adif6mapper19field_is_overridden0B7_
FN:759,_RNCNvNtNtCslSqZBX8bsoa_14logripper_core4adif6mapper19field_is_overriddens0_0B7_
FN:763,_RNCNvNtNtCslSqZBX8bsoa_14logripper_core4adif6mapper19field_is_overriddens1_0B7_
FN:767,_RNCNvNtNtCslSqZBX8bsoa_14logripper_core4adif6mapper19field_is_overriddens2_0B7_
FN:771,_RNCNvNtNtCslSqZBX8bsoa_14logripper_core4adif6mapper19field_is_overriddens3_0B7_
FN:755,_RNCNvNtNtCslSqZBX8bsoa_14logripper_core4adif6mapper19field_is_overriddens_0B7_
FN:310,_RNvMNtNtCslSqZBX8bsoa_14logripper_core4adif6mapperNtB2_10AdifMapper10qso_to_adi
FN:29,_RNvMNtNtCslSqZBX8bsoa_14logripper_core4adif6mapperNtB2_10AdifMapper13record_to_qso
FN:301,_RNvMNtNtCslSqZBX8bsoa_14logripper_core4adif6mapperNtB2_10AdifMapper18qso_to_adif_fields
FN:317,_RNvMNtNtCslSqZBX8bsoa_14logripper_core4adif6mapperNtB2_10AdifMapper27qso_to_adif_fields_borrowed
FN:688,_RNvNtNtCslSqZBX8bsoa_14logripper_core4adif6mapper10mhz_to_khz
FN:736,_RNvNtNtCslSqZBX8bsoa_14logripper_core4adif6mapper19field_is_overridden
FN:567,_RNvNtNtCslSqZBX8bsoa_14logripper_core4adif6mapper19parse_adif_datetime
FN:620,_RNvNtNtCslSqZBX8bsoa_14logripper_core4adif6mapper19parse_adif_location
FN:612,_RNvNtNtCslSqZBX8bsoa_14logripper_core4adif6mapper20format_adif_datetime
FN:652,_RNvNtNtCslSqZBX8bsoa_14logripper_core4adif6mapper20format_adif_location
FN:711,_RNvNtNtCslSqZBX8bsoa_14logripper_core4adif6mapper22map_confirmation_field
FN:701,_RNvNtNtCslSqZBX8bsoa_14logripper_core4adif6mapper23parse_confirmation_bool
FN:724,_RNvNtNtCslSqZBX8bsoa_14logripper_core4adif6mapper23push_confirmation_field
FNDA:3,_RNvMNtNtCsyXBwHmtrR2_14logripper_core4adif6mapperNtB2_10AdifMapper10qso_to_adi
FNDA:18,_RNvMNtNtCsyXBwHmtrR2_14logripper_core4adif6mapperNtB2_10AdifMapper13record_to_qso
FNDA:0,_RNvMNtNtCsyXBwHmtrR2_14logripper_core4adif6mapperNtB2_10AdifMapper18qso_to_adif_fields
FNDA:3,_RNvMNtNtCsyXBwHmtrR2_14logripper_core4adif6mapperNtB2_10AdifMapper27qso_to_adif_fields_borrowed
FNDA:14,_RNvNtNtCsyXBwHmtrR2_14logripper_core4adif6mapper10mhz_to_khz
FNDA:6,_RNvNtNtCsyXBwHmtrR2_14logripper_core4adif6mapper19field_is_overridden
FNDA:18,_RNvNtNtCsyXBwHmtrR2_14logripper_core4adif6mapper19parse_adif_datetime
FNDA:0,_RNvNtNtCsyXBwHmtrR2_14logripper_core4adif6mapper19parse_adif_location
FNDA:3,_RNvNtNtCsyXBwHmtrR2_14logripper_core4adif6mapper20format_adif_datetime
FNDA:0,_RNvNtNtCsyXBwHmtrR2_14logripper_core4adif6mapper20format_adif_location
FNDA:4,_RNvNtNtCsyXBwHmtrR2_14logripper_core4adif6mapper22map_confirmation_field
FNDA:4,_RNvNtNtCsyXBwHmtrR2_14logripper_core4adif6mapper23parse_confirmation_bool
FNDA:12,_RNvNtNtCsyXBwHmtrR2_14logripper_core4adif6mapper23push_confirmation_field
FNDA:3,_RINvMNtNtCsyXBwHmtrR2_14logripper_core4adif6mapperNtB3_10AdifMapper13fields_to_adiINtNtCsaFPxhswmqCN_5alloc6borrow3CoweEB1i_EB7_
FNDA:24,_RINvNtNtCsyXBwHmtrR2_14logripper_core4adif6mapper10push_fieldReBX_EB6_
FNDA:16,_RINvNtNtCsyXBwHmtrR2_14logripper_core4adif6mapper10push_fieldReNtNtCsaFPxhswmqCN_5alloc6string6StringEB6_
FNDA:40,_RNCINvMNtNtCsyXBwHmtrR2_14logripper_core4adif6mapperNtB5_10AdifMapper13fields_to_adiINtNtCsaFPxhswmqCN_5alloc6borrow3CoweEB1k_E0B9_
FNDA:0,_RNCNvMNtNtCsyXBwHmtrR2_14logripper_core4adif6mapperNtB4_10AdifMapper13record_to_qso0B8_
FNDA:0,_RNCNvMNtNtCsyXBwHmtrR2_14logripper_core4adif6mapperNtB4_10AdifMapper18qso_to_adif_fields0B8_
FNDA:3,_RNCNvMNtNtCsyXBwHmtrR2_14logripper_core4adif6mapperNtB4_10AdifMapper27qso_to_adif_fields_borrowed0B8_
FNDA:0,_RNCNvMNtNtCsyXBwHmtrR2_14logripper_core4adif6mapperNtB4_10AdifMapper27qso_to_adif_fields_borroweds0_0B8_
FNDA:3,_RNCNvMNtNtCsyXBwHmtrR2_14logripper_core4adif6mapperNtB4_10AdifMapper27qso_to_adif_fields_borroweds1_0B8_
FNDA:0,_RNCNvMNtNtCsyXBwHmtrR2_14logripper_core4adif6mapperNtB4_10AdifMapper27qso_to_adif_fields_borroweds2_0B8_
FNDA:0,_RNCNvMNtNtCsyXBwHmtrR2_14logripper_core4adif6mapperNtB4_10AdifMapper27qso_to_adif_fields_borroweds3_0B8_
FNDA:3,_RNCNvMNtNtCsyXBwHmtrR2_14logripper_core4adif6mapperNtB4_10AdifMapper27qso_to_adif_fields_borroweds_0B8_
FNDA:0,_RNCNvNtNtCsyXBwHmtrR2_14logripper_core4adif6mapper19field_is_overridden0B7_
FNDA:0,_RNCNvNtNtCsyXBwHmtrR2_14logripper_core4adif6mapper19field_is_overriddens0_0B7_
FNDA:0,_RNCNvNtNtCsyXBwHmtrR2_14logripper_core4adif6mapper19field_is_overriddens1_0B7_
FNDA:0,_RNCNvNtNtCsyXBwHmtrR2_14logripper_core4adif6mapper19field_is_overriddens2_0B7_
FNDA:0,_RNCNvNtNtCsyXBwHmtrR2_14logripper_core4adif6mapper19field_is_overriddens3_0B7_
FNDA:0,_RNCNvNtNtCsyXBwHmtrR2_14logripper_core4adif6mapper19field_is_overriddens_0B7_
FNDA:1,_RNCNvNtNtNtCslSqZBX8bsoa_14logripper_core4adif6mapper5testss_25record_to_qso_core_fields0B9_
FNDA:9,_RNCNvNtNtNtCslSqZBX8bsoa_14logripper_core4adif6mapper5testss_29qso_to_adif_fields_round_trip0B9_
FNDA:1,_RNCNvNtNtNtCslSqZBX8bsoa_14logripper_core4adif6mapper5testss_36negative_nanos_does_not_corrupt_date0B9_
FNDA:5,_RNCNvNtNtNtCslSqZBX8bsoa_14logripper_core4adif6mapper5testss_38qso_to_adif_fields_emits_end_timestamp0B9_
FNDA:1,_RNCNvNtNtNtCslSqZBX8bsoa_14logripper_core4adif6mapper5testss_42operator_fallback_when_no_station_callsign0B9_
FNDA:7,_RNCNvNtNtNtCslSqZBX8bsoa_14logripper_core4adif6mapper5testss_48qso_to_adif_fields_emits_station_snapshot_fields0B9_
FNDA:3,_RNCNvNtNtNtCslSqZBX8bsoa_14logripper_core4adif6mapper5testss_53non_boolean_lotw_eqsl_values_preserved_for_round_trip0B9_
FNDA:5,_RNCNvNtNtNtCslSqZBX8bsoa_14logripper_core4adif6mapper5testss_56qso_to_adif_fields_emits_n_for_false_confirmation_fields0B9_
FNDA:5,_RNCNvNtNtNtCslSqZBX8bsoa_14logripper_core4adif6mapper5testss_57dedicated_fields_do_not_duplicate_overridden_extra_fields0B9_
FNDA:5,_RNCNvNtNtNtCslSqZBX8bsoa_14logripper_core4adif6mapper5testss_57dedicated_fields_do_not_duplicate_overridden_extra_fieldss0_0B9_
FNDA:1,_RNCNvNtNtNtCslSqZBX8bsoa_14logripper_core4adif6mapper5testss_57dedicated_fields_do_not_duplicate_overridden_extra_fieldss1_0B9_
FNDA:5,_RNCNvNtNtNtCslSqZBX8bsoa_14logripper_core4adif6mapper5testss_57dedicated_fields_do_not_duplicate_overridden_extra_fieldss2_0B9_
FNDA:1,_RNCNvNtNtNtCslSqZBX8bsoa_14logripper_core4adif6mapper5testss_57dedicated_fields_do_not_duplicate_overridden_extra_fieldss3_0B9_
FNDA:5,_RNCNvNtNtNtCslSqZBX8bsoa_14logripper_core4adif6mapper5testss_57dedicated_fields_do_not_duplicate_overridden_extra_fieldss4_0B9_
FNDA:1,_RNCNvNtNtNtCslSqZBX8bsoa_14logripper_core4adif6mapper5testss_57dedicated_fields_do_not_duplicate_overridden_extra_fieldss5_0B9_
FNDA:1,_RNCNvNtNtNtCslSqZBX8bsoa_14logripper_core4adif6mapper5testss_57dedicated_fields_do_not_duplicate_overridden_extra_fieldss_0B9_
FNDA:5,_RNvNtNtNtCslSqZBX8bsoa_14logripper_core4adif6mapper5tests16make_test_record
FNDA:1,_RNvNtNtNtCslSqZBX8bsoa_14logripper_core4adif6mapper5testss_17adi_format_output
FNDA:1,_RNvNtNtNtCslSqZBX8bsoa_14logripper_core4adif6mapper5testss_24frequency_to_khz_precise
FNDA:1,_RNvNtNtNtCslSqZBX8bsoa_14logripper_core4adif6mapper5testss_24record_to_qso_qsl_fields
FNDA:1,_RNvNtNtNtCslSqZBX8bsoa_14logripper_core4adif6mapper5testss_25adif_location_round_trips
FNDA:1,_RNvNtNtNtCslSqZBX8bsoa_14logripper_core4adif6mapper5testss_25record_to_qso_core_fields
FNDA:1,_RNvNtNtNtCslSqZBX8bsoa_14logripper_core4adif6mapper5testss_27frequency_to_khz_conversion
FNDA:1,_RNvNtNtNtCslSqZBX8bsoa_14logripper_core4adif6mapper5testss_28record_to_qso_contest_fields
FNDA:1,_RNvNtNtNtCslSqZBX8bsoa_14logripper_core4adif6mapper5testss_28record_to_qso_signal_reports
FNDA:1,_RNvNtNtNtCslSqZBX8bsoa_14logripper_core4adif6mapper5testss_29non_ascii_date_does_not_panic
FNDA:1,_RNvNtNtNtCslSqZBX8bsoa_14logripper_core4adif6mapper5testss_29qso_to_adif_fields_round_trip
FNDA:1,_RNvNtNtNtCslSqZBX8bsoa_14logripper_core4adif6mapper5testss_30negative_frequency_is_rejected
FNDA:1,_RNvNtNtNtCslSqZBX8bsoa_14logripper_core4adif6mapper5testss_30record_to_qso_timestamp_4digit
FNDA:1,_RNvNtNtNtCslSqZBX8bsoa_14logripper_core4adif6mapper5testss_30record_to_qso_timestamp_6digit
FNDA:1,_RNvNtNtNtCslSqZBX8bsoa_14logripper_core4adif6mapper5testss_32record_to_qso_maps_end_timestamp
FNDA:1,_RNvNtNtNtCslSqZBX8bsoa_14logripper_core4adif6mapper5testss_32record_to_qso_propagation_fields
FNDA:1,_RNvNtNtNtCslSqZBX8bsoa_14logripper_core4adif6mapper5testss_34import_only_mode_c4fm_sets_submode
FNDA:1,_RNvNtNtNtCslSqZBX8bsoa_14logripper_core4adif6mapper5testss_35record_to_qso_geographic_enrichment
FNDA:1,_RNvNtNtNtCslSqZBX8bsoa_14logripper_core4adif6mapper5testss_36negative_nanos_does_not_corrupt_date
FNDA:1,_RNvNtNtNtCslSqZBX8bsoa_14logripper_core4adif6mapper5testss_36record_to_qso_extra_fields_preserved
FNDA:1,_RNvNtNtNtCslSqZBX8bsoa_14logripper_core4adif6mapper5testss_37record_to_qso_generates_uuid_local_id
FNDA:1,_RNvNtNtNtCslSqZBX8bsoa_14logripper_core4adif6mapper5testss_38qso_to_adif_fields_emits_end_timestamp
FNDA:1,_RNvNtNtNtCslSqZBX8bsoa_14logripper_core4adif6mapper5testss_41record_to_qso_parses_three_digit_rst_tone
FNDA:1,_RNvNtNtNtCslSqZBX8bsoa_14logripper_core4adif6mapper5testss_42operator_fallback_when_no_station_callsign
FNDA:1,_RNvNtNtNtCslSqZBX8bsoa_14logripper_core4adif6mapper5testss_42record_to_qso_maps_station_snapshot_fields
FNDA:1,_RNvNtNtNtCslSqZBX8bsoa_14logripper_core4adif6mapper5testss_48invalid_core_fields_are_preserved_for_round_trip
FNDA:1,_RNvNtNtNtCslSqZBX8bsoa_14logripper_core4adif6mapper5testss_48qso_to_adif_fields_emits_station_snapshot_fields
FNDA:1,_RNvNtNtNtCslSqZBX8bsoa_14logripper_core4adif6mapper5testss_48submode_aliases_in_mode_field_map_to_parent_mode
FNDA:1,_RNvNtNtNtCslSqZBX8bsoa_14logripper_core4adif6mapper5testss_53non_boolean_lotw_eqsl_values_preserved_for_round_trip
FNDA:1,_RNvNtNtNtCslSqZBX8bsoa_14logripper_core4adif6mapper5testss_56qso_to_adif_fields_emits_n_for_false_confirmation_fields
FNDA:1,_RNvNtNtNtCslSqZBX8bsoa_14logripper_core4adif6mapper5testss_57dedicated_fields_do_not_duplicate_overridden_extra_fields
FNDA:1,_RNvNtNtNtCslSqZBX8bsoa_14logripper_core4adif6mapper5testss_61dxcc_enrichment_populates_missing_country_continent_and_zones
FNDA:0,_RINvMNtNtCslSqZBX8bsoa_14logripper_core4adif6mapperNtB3_10AdifMapper13fields_to_adiINtNtCsaFPxhswmqCN_5alloc6borrow3CoweEB1j_EB7_
FNDA:1,_RINvMNtNtCslSqZBX8bsoa_14logripper_core4adif6mapperNtB3_10AdifMapper13fields_to_adiNtNtCsaFPxhswmqCN_5alloc6string6StringB1j_EB7_
FNDA:19,_RINvNtNtCslSqZBX8bsoa_14logripper_core4adif6mapper10push_fieldReBY_EB6_
FNDA:16,_RINvNtNtCslSqZBX8bsoa_14logripper_core4adif6mapper10push_fieldReNtNtCsaFPxhswmqCN_5alloc6string6StringEB6_
FNDA:0,_RNCINvMNtNtCslSqZBX8bsoa_14logripper_core4adif6mapperNtB5_10AdifMapper13fields_to_adiINtNtCsaFPxhswmqCN_5alloc6borrow3CoweEB1l_E0B9_
FNDA:2,_RNCINvMNtNtCslSqZBX8bsoa_14logripper_core4adif6mapperNtB5_10AdifMapper13fields_to_adiNtNtCsaFPxhswmqCN_5alloc6string6StringB1l_E0B9_
FNDA:5,_RNCNvMNtNtCslSqZBX8bsoa_14logripper_core4adif6mapperNtB4_10AdifMapper13record_to_qso0B8_
FNDA:35,_RNCNvMNtNtCslSqZBX8bsoa_14logripper_core4adif6mapperNtB4_10AdifMapper18qso_to_adif_fields0B8_
FNDA:3,_RNCNvMNtNtCslSqZBX8bsoa_14logripper_core4adif6mapperNtB4_10AdifMapper27qso_to_adif_fields_borrowed0B8_
FNDA:4,_RNCNvMNtNtCslSqZBX8bsoa_14logripper_core4adif6mapperNtB4_10AdifMapper27qso_to_adif_fields_borroweds0_0B8_
FNDA:3,_RNCNvMNtNtCslSqZBX8bsoa_14logripper_core4adif6mapperNtB4_10AdifMapper27qso_to_adif_fields_borroweds1_0B8_
FNDA:1,_RNCNvMNtNtCslSqZBX8bsoa_14logripper_core4adif6mapperNtB4_10AdifMapper27qso_to_adif_fields_borroweds2_0B8_
FNDA:1,_RNCNvMNtNtCslSqZBX8bsoa_14logripper_core4adif6mapperNtB4_10AdifMapper27qso_to_adif_fields_borroweds3_0B8_
FNDA:3,_RNCNvMNtNtCslSqZBX8bsoa_14logripper_core4adif6mapperNtB4_10AdifMapper27qso_to_adif_fields_borroweds_0B8_
FNDA:1,_RNCNvNtNtCslSqZBX8bsoa_14logripper_core4adif6mapper19field_is_overridden0B7_
FNDA:1,_RNCNvNtNtCslSqZBX8bsoa_14logripper_core4adif6mapper19field_is_overriddens0_0B7_
FNDA:0,_RNCNvNtNtCslSqZBX8bsoa_14logripper_core4adif6mapper19field_is_overriddens1_0B7_
FNDA:0,_RNCNvNtNtCslSqZBX8bsoa_14logripper_core4adif6mapper19field_is_overriddens2_0B7_
FNDA:0,_RNCNvNtNtCslSqZBX8bsoa_14logripper_core4adif6mapper19field_is_overriddens3_0B7_
FNDA:0,_RNCNvNtNtCslSqZBX8bsoa_14logripper_core4adif6mapper19field_is_overriddens_0B7_
FNDA:0,_RNvMNtNtCslSqZBX8bsoa_14logripper_core4adif6mapperNtB2_10AdifMapper10qso_to_adi
FNDA:29,_RNvMNtNtCslSqZBX8bsoa_14logripper_core4adif6mapperNtB2_10AdifMapper13record_to_qso
FNDA:7,_RNvMNtNtCslSqZBX8bsoa_14logripper_core4adif6mapperNtB2_10AdifMapper18qso_to_adif_fields
FNDA:7,_RNvMNtNtCslSqZBX8bsoa_14logripper_core4adif6mapperNtB2_10AdifMapper27qso_to_adif_fields_borrowed
FNDA:12,_RNvNtNtCslSqZBX8bsoa_14logripper_core4adif6mapper10mhz_to_khz
FNDA:6,_RNvNtNtCslSqZBX8bsoa_14logripper_core4adif6mapper19field_is_overridden
FNDA:13,_RNvNtNtCslSqZBX8bsoa_14logripper_core4adif6mapper19parse_adif_datetime
FNDA:4,_RNvNtNtCslSqZBX8bsoa_14logripper_core4adif6mapper19parse_adif_location
FNDA:4,_RNvNtNtCslSqZBX8bsoa_14logripper_core4adif6mapper20format_adif_datetime
FNDA:4,_RNvNtNtCslSqZBX8bsoa_14logripper_core4adif6mapper20format_adif_location
FNDA:8,_RNvNtNtCslSqZBX8bsoa_14logripper_core4adif6mapper22map_confirmation_field
FNDA:8,_RNvNtNtCslSqZBX8bsoa_14logripper_core4adif6mapper23parse_confirmation_bool
FNDA:28,_RNvNtNtCslSqZBX8bsoa_14logripper_core4adif6mapper23push_confirmation_field
FNF:78
FNH:74
DA:29,47
DA:30,47
DA:31,47
DA:32,47
DA:33,47
DA:34,47
DA:35,47
DA:38,47
DA:39,47
DA:40,47
DA:41,47
DA:43,405
DA:44,405
DA:45,405
DA:46,405
DA:48,405
DA:50,405
DA:51,358
DA:52,18
DA:53,18
DA:54,18
DA:55,18
DA:56,18
DA:57,18
DA:58,18
DA:59,340
DA:60,4
DA:61,4
DA:62,4
DA:63,4
DA:64,1
DA:65,1
DA:66,1
DA:67,1
DA:68,1
DA:69,1
DA:70,3
DA:72,336
DA:73,307
DA:74,278
DA:75,277
DA:76,276
DA:77,27
DA:78,25
DA:79,25
DA:80,2
DA:81,2
DA:83,249
DA:84,32
DA:85,31
DA:86,31
DA:87,5
DA:88,26
DA:89,1
DA:90,1
DA:91,1
DA:93,217
DA:94,212
DA:95,26
DA:96,26
DA:97,24
DA:98,24
DA:99,2
DA:100,2
DA:101,0
DA:102,0
DA:103,0
DA:106,186
DA:107,163
DA:108,141
DA:111,137
DA:112,133
DA:113,129
DA:114,124
DA:115,6
DA:116,6
DA:117,6
DA:119,118
DA:120,118
DA:121,118
DA:122,113
DA:123,5
DA:124,5
DA:125,5
DA:127,108
DA:128,4
DA:129,4
DA:130,4
DA:132,104
DA:133,103
DA:134,10
DA:135,10
DA:136,10
DA:137,10
DA:138,93
DA:139,0
DA:140,0
DA:141,0
DA:142,0
DA:143,93
DA:144,4
DA:145,4
DA:146,4
DA:147,4
DA:148,89
DA:149,0
DA:150,0
DA:151,0
DA:152,0
DA:153,89
DA:154,1
DA:155,1
DA:156,1
DA:157,1
DA:158,1
DA:159,0
DA:160,0
DA:162,88
DA:163,0
DA:164,0
DA:165,0
DA:166,0
DA:167,0
DA:168,0
DA:169,0
DA:171,88
DA:172,0
DA:173,0
DA:174,0
DA:175,0
DA:176,0
DA:177,0
DA:178,0
DA:180,88
DA:181,1
DA:182,1
DA:183,1
DA:184,1
DA:185,1
DA:186,0
DA:187,0
DA:189,87
DA:190,1
DA:191,1
DA:192,1
DA:193,1
DA:194,1
DA:195,0
DA:196,0
DA:200,86
DA:201,82
DA:202,78
DA:203,5
DA:204,5
DA:205,5
DA:206,5
DA:208,73
DA:209,1
DA:210,1
DA:211,1
DA:212,1
DA:214,72
DA:215,1
DA:216,1
DA:217,1
DA:218,1
DA:220,71
DA:221,5
DA:222,5
DA:223,5
DA:224,5
DA:228,66
DA:229,60
DA:230,54
DA:231,48
DA:232,48
DA:235,42
DA:236,38
DA:237,34
DA:240,30
DA:241,26
DA:244,26
DA:245,26
DA:246,26
DA:251,47
DA:252,29
DA:253,28
DA:254,28
DA:255,1
DA:256,1
DA:257,1
DA:258,1
DA:259,1
DA:260,1
DA:262,18
DA:263,0
DA:264,0
DA:265,18
DA:267,47
DA:268,1
DA:269,1
DA:270,1
DA:271,1
DA:272,1
DA:273,0
DA:274,0
DA:275,0
DA:276,0
DA:277,0
DA:278,0
DA:280,0
DA:281,0
DA:282,0
DA:283,0
DA:284,46
DA:285,0
DA:286,0
DA:287,46
DA:289,47
DA:291,47
DA:292,19
DA:293,28
DA:295,47
DA:296,47
DA:301,7
DA:302,7
DA:303,7
DA:304,35
DA:305,7
DA:306,7
DA:310,3
DA:311,3
DA:312,3
DA:313,3
DA:317,10
DA:318,10
DA:319,10
DA:322,10
DA:323,10
DA:324,10
DA:325,10
DA:326,10
DA:327,6
DA:328,6
DA:329,6
DA:330,6
DA:331,6
DA:332,6
DA:333,6
DA:334,10
DA:335,10
DA:336,10
DA:337,10
DA:338,10
DA:339,10
DA:340,2
DA:341,2
DA:342,8
DA:345,10
DA:346,6
DA:347,5
DA:348,5
DA:349,5
DA:350,4
DA:351,10
DA:352,1
DA:353,1
DA:354,1
DA:355,1
DA:356,9
DA:359,10
DA:360,10
DA:361,4
DA:362,6
DA:365,10
DA:366,10
DA:367,4
DA:368,6
DA:369,10
DA:370,0
DA:371,10
DA:374,10
DA:375,3
DA:376,3
DA:377,3
DA:378,3
DA:379,3
DA:380,3
DA:381,3
DA:382,7
DA:385,10
DA:386,3
DA:387,7
DA:388,10
DA:389,3
DA:390,7
DA:391,10
DA:392,1
DA:393,9
DA:396,10
DA:397,0
DA:398,10
DA:399,10
DA:400,0
DA:401,10
DA:402,10
DA:403,0
DA:404,10
DA:405,10
DA:406,0
DA:407,10
DA:408,10
DA:409,0
DA:410,10
DA:411,10
DA:412,0
DA:413,10
DA:414,10
DA:415,0
DA:416,10
DA:417,10
DA:418,0
DA:419,10
DA:420,10
DA:421,0
DA:422,10
DA:423,10
DA:424,0
DA:425,10
DA:426,10
DA:427,6
DA:428,5
DA:429,5
DA:430,6
DA:431,0
DA:432,6
DA:433,6
DA:434,2
DA:435,4
DA:436,6
DA:437,0
DA:438,6
DA:439,6
DA:440,0
DA:441,6
DA:442,6
DA:443,0
DA:444,6
DA:445,6
DA:446,0
DA:447,6
DA:448,6
DA:449,6
DA:450,6
DA:451,1
DA:452,1
DA:453,5
DA:454,6
DA:455,6
DA:456,6
DA:457,1
DA:458,1
DA:459,5
DA:460,4
DA:463,10
DA:464,10
DA:465,10
DA:467,10
DA:468,0
DA:469,10
DA:471,10
DA:472,10
DA:473,10
DA:475,10
DA:476,0
DA:477,10
DA:479,10
DA:480,10
DA:481,10
DA:482,10
DA:485,10
DA:486,1
DA:487,9
DA:488,10
DA:489,0
DA:490,10
DA:491,10
DA:492,0
DA:493,10
DA:494,10
DA:495,0
DA:496,10
DA:497,10
DA:498,0
DA:499,10
DA:502,10
DA:503,0
DA:504,10
DA:505,10
DA:506,1
DA:507,9
DA:508,10
DA:509,1
DA:510,9
DA:513,10
DA:514,1
DA:515,9
DA:516,10
DA:517,0
DA:518,10
DA:521,22
DA:522,12
DA:523,4
DA:524,8
DA:525,8
DA:528,10
DA:529,10
DA:533,4
DA:534,4
DA:535,4
DA:536,4
DA:538,42
DA:539,42
DA:540,42
DA:541,4
DA:543,46
DA:544,42
DA:545,42
DA:546,42
DA:547,42
DA:548,42
DA:549,42
DA:550,42
DA:551,42
DA:552,42
DA:553,4
DA:554,4
DA:555,4
DA:558,75
DA:559,75
DA:560,75
DA:561,75
DA:562,75
DA:563,75
DA:564,75
DA:567,31
DA:568,31
DA:569,1
DA:570,30
DA:572,30
DA:573,30
DA:574,0
DA:575,30
DA:576,0
DA:578,30
DA:579,30
DA:580,29
DA:582,29
DA:584,29
DA:585,29
DA:587,17
DA:588,17
DA:589,17
DA:592,12
DA:593,12
DA:594,12
DA:595,12
DA:597,0
DA:600,0
DA:603,29
DA:604,29
DA:605,29
DA:606,29
DA:607,29
DA:608,29
DA:609,31
DA:612,7
DA:613,7
DA:614,6
DA:615,6
DA:616,6
DA:617,6
DA:618,7
DA:620,4
DA:621,4
DA:622,4
DA:623,0
DA:624,4
DA:626,4
DA:627,4
DA:628,4
DA:629,0
DA:632,4
DA:633,0
DA:634,4
DA:636,4
DA:637,4
DA:638,4
DA:639,0
DA:640,4
DA:642,4
DA:643,4
DA:644,2
DA:646,2
DA:648,4
DA:649,4
DA:650,4
DA:652,4
DA:653,4
DA:654,0
DA:655,4
DA:657,4
DA:658,4
DA:659,0
DA:660,4
DA:662,4
DA:663,2
DA:664,0
DA:666,2
DA:668,2
DA:669,2
DA:671,0
DA:674,4
DA:675,4
DA:676,4
DA:677,4
DA:678,0
DA:679,0
DA:680,4
DA:681,4
DA:682,0
DA:683,4
DA:685,4
DA:686,4
DA:688,26
DA:689,26
DA:690,2
DA:691,24
DA:693,24
DA:694,24
DA:695,0
DA:696,24
DA:698,24
DA:699,26
DA:701,12
DA:702,12
DA:703,8
DA:704,4
DA:705,2
DA:707,2
DA:709,12
DA:711,12
DA:712,12
DA:713,12
DA:714,12
DA:715,12
DA:716,12
DA:717,12
DA:718,10
DA:719,10
DA:720,2
DA:721,2
DA:722,12
DA:724,40
DA:725,40
DA:726,40
DA:727,40
DA:728,40
DA:729,40
DA:730,3
DA:731,3
DA:732,34
DA:734,40
DA:736,12
DA:737,12
DA:738,12
DA:739,12
DA:740,12
DA:741,12
DA:742,2
DA:743,10
DA:744,0
DA:745,10
DA:746,0
DA:747,10
DA:748,2
DA:749,8
DA:750,1
DA:751,1
DA:752,1
DA:753,7
DA:754,0
DA:755,0
DA:756,0
DA:757,7
DA:758,1
DA:759,1
DA:760,1
DA:761,6
DA:762,0
DA:763,0
DA:764,0
DA:765,6
DA:766,0
DA:767,0
DA:768,0
DA:769,6
DA:770,0
DA:771,0
DA:772,0
DA:773,6
DA:774,0
DA:775,0
DA:776,0
DA:777,6
DA:778,0
DA:779,0
DA:780,0
DA:781,6
DA:782,0
DA:783,0
DA:784,0
DA:785,6
DA:786,0
DA:787,0
DA:788,0
DA:789,6
DA:790,0
DA:791,0
DA:792,0
DA:793,6
DA:794,0
DA:796,6
DA:798,12
DA:806,5
DA:807,5
DA:808,5
DA:809,5
DA:810,5
DA:811,5
DA:812,5
DA:813,5
DA:814,5
DA:815,5
DA:816,5
DA:817,5
DA:818,5
DA:821,1
DA:822,1
DA:824,1
DA:825,1
DA:828,1
DA:829,1
DA:830,1
DA:832,1
DA:833,1
DA:834,1
DA:835,1
DA:836,1
DA:837,1
DA:838,1
DA:839,1
DA:840,1
DA:841,1
DA:844,1
DA:847,1
DA:848,1
DA:849,1
DA:851,1
DA:852,1
DA:853,1
DA:854,1
DA:855,1
DA:856,1
DA:857,1
DA:858,1
DA:859,1
DA:860,1
DA:861,1
DA:864,1
DA:865,1
DA:866,1
DA:867,1
DA:869,1
DA:870,1
DA:871,1
DA:872,1
DA:873,1
DA:874,1
DA:875,1
DA:878,1
DA:879,1
DA:880,1
DA:881,1
DA:883,1
DA:884,1
DA:885,1
DA:886,1
DA:887,1
DA:888,1
DA:891,1
DA:892,1
DA:893,1
DA:894,1
DA:895,1
DA:896,1
DA:897,1
DA:898,1
DA:899,1
DA:900,1
DA:901,1
DA:902,1
DA:905,1
DA:906,1
DA:907,1
DA:908,1
DA:909,1
DA:910,1
DA:911,1
DA:912,1
DA:913,1
DA:915,1
DA:916,1
DA:918,1
DA:920,1
DA:922,1
DA:924,1
DA:925,1
DA:926,1
DA:927,1
DA:928,1
DA:931,1
DA:932,1
DA:933,1
DA:934,1
DA:935,1
DA:937,1
DA:938,1
DA:939,1
DA:940,1
DA:941,1
DA:944,1
DA:945,1
DA:949,1
DA:950,1
DA:951,1
DA:952,3
DA:953,1
DA:955,1
DA:956,1
DA:957,1
DA:960,1
DA:961,1
DA:962,1
DA:963,1
DA:964,1
DA:965,1
DA:966,1
DA:968,1
DA:969,1
DA:970,1
DA:971,1
DA:972,1
DA:973,1
DA:976,1
DA:977,1
DA:978,1
DA:979,1
DA:980,1
DA:981,1
DA:982,1
DA:983,1
DA:985,1
DA:987,1
DA:988,1
DA:989,1
DA:990,1
DA:991,1
DA:992,1
DA:995,1
DA:996,1
DA:999,1
DA:1000,1
DA:1003,1
DA:1004,1
DA:1007,1
DA:1008,1
DA:1011,1
DA:1012,1
DA:1013,1
DA:1014,1
DA:1015,1
DA:1016,1
DA:1017,1
DA:1018,1
DA:1019,1
DA:1020,1
DA:1021,1
DA:1023,1
DA:1024,1
DA:1025,1
DA:1026,1
DA:1027,1
DA:1028,1
DA:1029,1
DA:1030,1
DA:1031,1
DA:1032,1
DA:1035,1
DA:1036,1
DA:1037,1
DA:1038,1
DA:1040,1
DA:1041,1
DA:1042,1
DA:1043,1
DA:1044,1
DA:1045,1
DA:1046,1
DA:1049,1
DA:1050,1
DA:1051,1
DA:1052,1
DA:1053,1
DA:1054,1
DA:1055,1
DA:1056,1
DA:1057,1
DA:1058,1
DA:1060,1
DA:1061,1
DA:1063,1
DA:1064,1
DA:1065,1
DA:1066,1
DA:1067,1
DA:1068,1
DA:1069,1
DA:1070,1
DA:1071,1
DA:1074,1
DA:1075,1
DA:1076,1
DA:1077,1
DA:1078,1
DA:1079,1
DA:1081,1
DA:1082,1
DA:1083,1
DA:1084,1
DA:1085,1
DA:1088,1
DA:1089,1
DA:1090,1
DA:1091,1
DA:1092,1
DA:1093,1
DA:1094,1
DA:1096,1
DA:1097,1
DA:1098,1
DA:1101,1
DA:1102,1
DA:1105,1
DA:1106,1
DA:1109,1
DA:1110,1
DA:1111,1
DA:1112,1
DA:1115,1
DA:1118,1
DA:1119,1
DA:1120,1
DA:1121,1
DA:1123,1
DA:1124,1
DA:1125,1
DA:1126,1
DA:1129,1
DA:1130,4
DA:1131,1
DA:1132,1
DA:1133,1
DA:1134,1
DA:1136,4
DA:1137,4
DA:1138,4
DA:1140,4
DA:1141,4
DA:1142,4
DA:1143,0
DA:1145,4
DA:1146,4
DA:1147,4
DA:1148,0
DA:1151,1
DA:1154,1
DA:1155,1
DA:1156,1
DA:1157,1
DA:1160,1
DA:1161,1
DA:1162,9
DA:1163,1
DA:1165,1
DA:1166,1
DA:1167,1
DA:1168,1
DA:1169,1
DA:1170,1
DA:1171,1
DA:1174,1
DA:1175,1
DA:1176,1
DA:1177,1
DA:1178,1
DA:1179,1
DA:1180,1
DA:1182,1
DA:1183,1
DA:1184,1
DA:1185,1
DA:1186,1
DA:1187,1
DA:1188,1
DA:1189,1
DA:1192,1
DA:1193,1
DA:1194,1
DA:1195,1
DA:1196,1
DA:1197,1
DA:1198,1
DA:1199,1
DA:1200,1
DA:1201,1
DA:1202,1
DA:1203,1
DA:1204,1
DA:1206,1
DA:1207,1
DA:1208,1
DA:1209,5
DA:1210,1
DA:1212,1
DA:1213,1
DA:1214,1
DA:1217,1
DA:1218,1
DA:1219,1
DA:1220,1
DA:1221,1
DA:1222,1
DA:1223,1
DA:1224,1
DA:1225,1
DA:1226,1
DA:1227,1
DA:1228,1
DA:1229,1
DA:1230,1
DA:1231,1
DA:1233,1
DA:1234,1
DA:1235,1
DA:1236,7
DA:1237,1
DA:1239,1
DA:1240,1
DA:1241,1
DA:1242,1
DA:1243,1
DA:1244,1
DA:1245,1
DA:1248,1
DA:1249,1
DA:1250,1
DA:1251,1
DA:1253,1
DA:1254,1
DA:1255,1
DA:1256,1
DA:1257,1
DA:1260,1
DA:1261,1
DA:1262,1
DA:1263,1
DA:1264,1
DA:1265,1
DA:1266,1
DA:1267,1
DA:1268,1
DA:1270,1
DA:1271,1
DA:1272,1
DA:1273,5
DA:1274,1
DA:1276,1
DA:1277,1
DA:1278,1
DA:1279,1
DA:1280,1
DA:1283,1
DA:1284,1
DA:1285,1
DA:1286,1
DA:1287,1
DA:1288,1
DA:1289,1
DA:1290,1
DA:1291,1
DA:1292,1
DA:1293,1
DA:1294,1
DA:1295,1
DA:1296,1
DA:1297,1
DA:1298,1
DA:1299,1
DA:1300,1
DA:1301,1
DA:1302,1
DA:1303,1
DA:1305,1
DA:1306,1
DA:1307,1
DA:1308,5
DA:1309,1
DA:1310,1
DA:1311,1
DA:1312,1
DA:1313,5
DA:1314,1
DA:1315,1
DA:1316,1
DA:1317,1
DA:1318,5
DA:1319,1
DA:1320,1
DA:1321,1
DA:1322,1
DA:1323,5
DA:1324,1
DA:1325,1
DA:1327,1
DA:1328,1
DA:1329,1
DA:1330,1
DA:1331,1
DA:1334,1
DA:1335,1
DA:1336,1
DA:1337,1
DA:1340,1
DA:1341,1
DA:1342,1
DA:1343,1
DA:1344,1
DA:1345,1
DA:1348,1
DA:1351,1
DA:1352,1
DA:1353,1
DA:1354,1
DA:1356,1
DA:1357,1
DA:1358,1
DA:1361,1
DA:1362,1
DA:1363,1
DA:1364,1
DA:1366,1
DA:1367,1
DA:1368,1
DA:1371,1
DA:1372,1
DA:1373,1
DA:1374,1
DA:1376,1
DA:1377,1
DA:1379,0
DA:1381,1
DA:1384,1
DA:1385,1
DA:1386,1
DA:1387,1
DA:1388,1
DA:1389,1
DA:1390,1
DA:1391,1
DA:1392,1
DA:1394,1
DA:1395,1
DA:1396,1
DA:1397,1
DA:1398,1
DA:1400,1
DA:1401,1
DA:1403,0
DA:1405,1
DA:1408,1
DA:1411,1
DA:1412,1
DA:1413,1
DA:1414,0
DA:1416,1
DA:1419,1
DA:1420,1
DA:1421,1
DA:1423,1
DA:1424,1
DA:1425,1
DA:1427,1
DA:1428,1
DA:1429,1
DA:1431,1
BRF:0
BRH:0
LF:1147
LH:1012
end_of_record
SF:/home/runner/work/logripper/logripper/src/rust/logripper-core/src/adif/mod.rs
FN:24,_RNCNCNvNtCsyXBwHmtrR2_14logripper_core4adif14parse_adi_qsos00B7_
FN:19,_RNCNvNtCsyXBwHmtrR2_14logripper_core4adif14parse_adi_qsos0B5_
FN:70,_RNvNtNtCslSqZBX8bsoa_14logripper_core4adif5testss_35parse_adi_qsos_skips_header_records
FN:79,_RNvNtNtCslSqZBX8bsoa_14logripper_core4adif5testss_37serialize_adi_qsos_can_include_header
FN:51,_RNvNtCslSqZBX8bsoa_14logripper_core4adif11adif_header
FN:19,_RNvNtCslSqZBX8bsoa_14logripper_core4adif14parse_adi_qsos
FN:37,_RNvNtCslSqZBX8bsoa_14logripper_core4adif18serialize_adi_qsos
FN:70,_RNCNvNtNtCslSqZBX8bsoa_14logripper_core4adif5testss_35parse_adi_qsos_skips_header_records0B7_
FN:24,_RNCNCNvNtCslSqZBX8bsoa_14logripper_core4adif14parse_adi_qsos00B7_
FN:19,_RNCNvNtCslSqZBX8bsoa_14logripper_core4adif14parse_adi_qsos0B5_
FN:24,_RNCNCNvNtCsyXBwHmtrR2_14logripper_core4adif14parse_adi_qsos00Csi7zUHYvRpLi_16logripper_server
FN:19,_RNCNvNtCsyXBwHmtrR2_14logripper_core4adif14parse_adi_qsos0Csi7zUHYvRpLi_16logripper_server
FN:51,_RNvNtCsyXBwHmtrR2_14logripper_core4adif11adif_header
FN:19,_RNvNtCsyXBwHmtrR2_14logripper_core4adif14parse_adi_qsos
FN:37,_RNvNtCsyXBwHmtrR2_14logripper_core4adif18serialize_adi_qsos
FNDA:0,_RNCNCNvNtCsyXBwHmtrR2_14logripper_core4adif14parse_adi_qsos00B7_
FNDA:0,_RNCNvNtCsyXBwHmtrR2_14logripper_core4adif14parse_adi_qsos0B5_
FNDA:1,_RNvNtNtCslSqZBX8bsoa_14logripper_core4adif5testss_35parse_adi_qsos_skips_header_records
FNDA:1,_RNvNtNtCslSqZBX8bsoa_14logripper_core4adif5testss_37serialize_adi_qsos_can_include_header
FNDA:1,_RNvNtCslSqZBX8bsoa_14logripper_core4adif11adif_header
FNDA:1,_RNvNtCslSqZBX8bsoa_14logripper_core4adif14parse_adi_qsos
FNDA:1,_RNvNtCslSqZBX8bsoa_14logripper_core4adif18serialize_adi_qsos
FNDA:1,_RNCNvNtNtCslSqZBX8bsoa_14logripper_core4adif5testss_35parse_adi_qsos_skips_header_records0B7_
FNDA:0,_RNCNCNvNtCslSqZBX8bsoa_14logripper_core4adif14parse_adi_qsos00B7_
FNDA:1,_RNCNvNtCslSqZBX8bsoa_14logripper_core4adif14parse_adi_qsos0B5_
FNDA:0,_RNCNCNvNtCsyXBwHmtrR2_14logripper_core4adif14parse_adi_qsos00Csi7zUHYvRpLi_16logripper_server
FNDA:3,_RNCNvNtCsyXBwHmtrR2_14logripper_core4adif14parse_adi_qsos0Csi7zUHYvRpLi_16logripper_server
FNDA:1,_RNvNtCsyXBwHmtrR2_14logripper_core4adif11adif_header
FNDA:3,_RNvNtCsyXBwHmtrR2_14logripper_core4adif14parse_adi_qsos
FNDA:1,_RNvNtCsyXBwHmtrR2_14logripper_core4adif18serialize_adi_qsos
FNF:8
FNH:7
DA:19,4
DA:20,4
DA:21,4
DA:23,13
DA:24,9
DA:25,9
DA:26,2
DA:27,7
DA:29,7
DA:32,4
DA:33,4
DA:37,2
DA:38,2
DA:40,2
DA:41,2
DA:42,2
DA:44,3
DA:45,1
DA:46,1
DA:48,2
DA:49,2
DA:51,2
DA:52,2
DA:53,6
DA:54,2
DA:55,2
DA:56,2
DA:57,6
DA:58,6
DA:59,6
DA:60,2
DA:61,2
DA:62,2
DA:70,1
DA:71,1
DA:73,1
DA:75,1
DA:76,1
DA:79,1
DA:80,1
DA:81,1
DA:83,1
DA:84,1
DA:85,1
DA:86,1
BRF:0
BRH:0
LF:49
LH:48
end_of_record
SF:/home/runner/work/logripper/logripper/src/rust/logripper-core/src/adif/normalize.rs
FN:82,_RNvNtNtCsyXBwHmtrR2_14logripper_core4adif9normalize15string_is_blank
FN:60,_RNvNtNtCsyXBwHmtrR2_14logripper_core4adif9normalize16enrich_from_dxcc
FN:38,_RNvNtNtCsyXBwHmtrR2_14logripper_core4adif9normalize16parse_rst_report
FN:22,_RNCNCNCNvNtNtCsyXBwHmtrR2_14logripper_core4adif9normalize13DXCC_ENTITIES000Bb_
FN:23,_RNCNCNCNvNtNtCsyXBwHmtrR2_14logripper_core4adif9normalize13DXCC_ENTITIES00s_0Bb_
FN:17,_RNCNCNvNtNtCsyXBwHmtrR2_14logripper_core4adif9normalize13DXCC_ENTITIES00B9_
FN:14,_RNCNvNtNtCsyXBwHmtrR2_14logripper_core4adif9normalize13DXCC_ENTITIES0B7_
FN:83,_RNCNvNtNtCsyXBwHmtrR2_14logripper_core4adif9normalize15string_is_blank0B7_
FN:42,_RNCNvNtNtCsyXBwHmtrR2_14logripper_core4adif9normalize16parse_rst_report0B7_
FN:92,_RNvNtNtNtCslSqZBX8bsoa_14logripper_core4adif9normalize5testss_38rst_parser_extracts_numeric_components
FN:100,_RNvNtNtNtCslSqZBX8bsoa_14logripper_core4adif9normalize5testss_42dxcc_enrichment_preserves_existing_country
FN:82,_RNvNtNtCslSqZBX8bsoa_14logripper_core4adif9normalize15string_is_blank
FN:60,_RNvNtNtCslSqZBX8bsoa_14logripper_core4adif9normalize16enrich_from_dxcc
FN:38,_RNvNtNtCslSqZBX8bsoa_14logripper_core4adif9normalize16parse_rst_report
FN:22,_RNCNCNCNvNtNtCslSqZBX8bsoa_14logripper_core4adif9normalize13DXCC_ENTITIES000Bb_
FN:23,_RNCNCNCNvNtNtCslSqZBX8bsoa_14logripper_core4adif9normalize13DXCC_ENTITIES00s_0Bb_
FN:17,_RNCNCNvNtNtCslSqZBX8bsoa_14logripper_core4adif9normalize13DXCC_ENTITIES00B9_
FN:14,_RNCNvNtNtCslSqZBX8bsoa_14logripper_core4adif9normalize13DXCC_ENTITIES0B7_
FN:83,_RNCNvNtNtCslSqZBX8bsoa_14logripper_core4adif9normalize15string_is_blank0B7_
FN:42,_RNCNvNtNtCslSqZBX8bsoa_14logripper_core4adif9normalize16parse_rst_report0B7_
FNDA:6,_RNvNtNtCsyXBwHmtrR2_14logripper_core4adif9normalize15string_is_blank
FNDA:18,_RNvNtNtCsyXBwHmtrR2_14logripper_core4adif9normalize16enrich_from_dxcc
FNDA:28,_RNvNtNtCsyXBwHmtrR2_14logripper_core4adif9normalize16parse_rst_report
FNDA:340,_RNCNCNCNvNtNtCsyXBwHmtrR2_14logripper_core4adif9normalize13DXCC_ENTITIES000Bb_
FNDA:340,_RNCNCNCNvNtNtCsyXBwHmtrR2_14logripper_core4adif9normalize13DXCC_ENTITIES00s_0Bb_
FNDA:340,_RNCNCNvNtNtCsyXBwHmtrR2_14logripper_core4adif9normalize13DXCC_ENTITIES00B9_
FNDA:1,_RNCNvNtNtCsyXBwHmtrR2_14logripper_core4adif9normalize13DXCC_ENTITIES0B7_
FNDA:6,_RNCNvNtNtCsyXBwHmtrR2_14logripper_core4adif9normalize15string_is_blank0B7_
FNDA:84,_RNCNvNtNtCsyXBwHmtrR2_14logripper_core4adif9normalize16parse_rst_report0B7_
FNDA:1,_RNvNtNtNtCslSqZBX8bsoa_14logripper_core4adif9normalize5testss_38rst_parser_extracts_numeric_components
FNDA:1,_RNvNtNtNtCslSqZBX8bsoa_14logripper_core4adif9normalize5testss_42dxcc_enrichment_preserves_existing_country
FNDA:8,_RNvNtNtCslSqZBX8bsoa_14logripper_core4adif9normalize15string_is_blank
FNDA:30,_RNvNtNtCslSqZBX8bsoa_14logripper_core4adif9normalize16enrich_from_dxcc
FNDA:18,_RNvNtNtCslSqZBX8bsoa_14logripper_core4adif9normalize16parse_rst_report
FNDA:340,_RNCNCNCNvNtNtCslSqZBX8bsoa_14logripper_core4adif9normalize13DXCC_ENTITIES000Bb_
FNDA:340,_RNCNCNCNvNtNtCslSqZBX8bsoa_14logripper_core4adif9normalize13DXCC_ENTITIES00s_0Bb_
FNDA:340,_RNCNCNvNtNtCslSqZBX8bsoa_14logripper_core4adif9normalize13DXCC_ENTITIES00B9_
FNDA:1,_RNCNvNtNtCslSqZBX8bsoa_14logripper_core4adif9normalize13DXCC_ENTITIES0B7_
FNDA:5,_RNCNvNtNtCslSqZBX8bsoa_14logripper_core4adif9normalize15string_is_blank0B7_
FNDA:54,_RNCNvNtNtCslSqZBX8bsoa_14logripper_core4adif9normalize16parse_rst_report0B7_
FNF:11
FNH:11
DA:14,2
DA:15,2
DA:16,2
DA:17,680
DA:18,680
DA:19,680
DA:20,680
DA:21,680
DA:22,680
DA:23,680
DA:25,680
DA:26,680
DA:27,680
DA:28,680
DA:29,680
DA:30,680
DA:31,680
DA:32,680
DA:33,680
DA:34,680
DA:35,2
DA:36,2
DA:38,46
DA:39,46
DA:40,46
DA:42,138
DA:43,138
DA:44,104
DA:45,6
DA:46,98
DA:48,98
DA:49,98
DA:50,138
DA:52,46
DA:53,46
DA:54,46
DA:55,46
DA:56,46
DA:57,46
DA:58,46
DA:60,48
DA:61,48
DA:62,41
DA:64,7
DA:65,0
DA:68,7
DA:69,1
DA:70,6
DA:71,7
DA:72,2
DA:73,5
DA:74,7
DA:75,2
DA:76,5
DA:77,7
DA:78,3
DA:79,4
DA:80,48
DA:82,14
DA:83,14
DA:84,14
DA:92,1
DA:93,1
DA:94,1
DA:95,1
DA:96,1
DA:97,1
DA:100,1
DA:101,1
DA:102,1
DA:103,1
DA:104,1
DA:105,1
DA:107,1
DA:109,1
DA:110,1
DA:111,1
DA:112,1
DA:113,1
BRF:0
BRH:0
LF:84
LH:83
end_of_record
SF:/home/runner/work/logripper/logripper/src/rust/logripper-core/src/application/logbook.rs
FN:518,_RNCNCNvNtNtCsyXBwHmtrR2_14logripper_core11application7logbook24non_empty_trimmed_option00B9_
FN:430,_RNCNvNtNtCsyXBwHmtrR2_14logripper_core11application7logbook21invalid_import_reason0B7_
FN:464,_RNCNvNtNtCsyXBwHmtrR2_14logripper_core11application7logbook21station_profile_label0B7_
FN:465,_RNCNvNtNtCsyXBwHmtrR2_14logripper_core11application7logbook21station_profile_labels_0B7_
FN:516,_RNCNvNtNtCsyXBwHmtrR2_14logripper_core11application7logbook24non_empty_trimmed_option0B7_
FN:126,_RNvMNtNtCsyXBwHmtrR2_14logripper_core11application7logbookNtB2_13LogbookEngine10delete_qso
FN:95,_RNvMNtNtCsyXBwHmtrR2_14logripper_core11application7logbookNtB2_13LogbookEngine10update_qso
FN:180,_RNvMNtNtCsyXBwHmtrR2_14logripper_core11application7logbookNtB2_13LogbookEngine15get_sync_status
FN:196,_RNvMNtNtCsyXBwHmtrR2_14logripper_core11application7logbookNtB2_13LogbookEngine16import_adif_qsos
FN:281,_RNvMNtNtCsyXBwHmtrR2_14logripper_core11application7logbookNtB2_13LogbookEngine19is_duplicate_import
FN:30,_RNvMNtNtCsyXBwHmtrR2_14logripper_core11application7logbookNtB2_13LogbookEngine20storage_backend_name
FN:225,_RNvMNtNtCsyXBwHmtrR2_14logripper_core11application7logbookNtB2_13LogbookEngine20update_sync_metadata
FN:233,_RNvMNtNtCsyXBwHmtrR2_14logripper_core11application7logbookNtB2_13LogbookEngine22import_single_adif_qso
FN:65,_RNvMNtNtCsyXBwHmtrR2_14logripper_core11application7logbookNtB2_13LogbookEngine28log_qso_with_station_profile
FN:24,_RNvMNtNtCsyXBwHmtrR2_14logripper_core11application7logbookNtB2_13LogbookEngine3new
FN:148,_RNvMNtNtCsyXBwHmtrR2_14logripper_core11application7logbookNtB2_13LogbookEngine7get_qso
FN:40,_RNvMNtNtCsyXBwHmtrR2_14logripper_core11application7logbookNtB2_13LogbookEngine7log_qso
FN:167,_RNvMNtNtCsyXBwHmtrR2_14logripper_core11application7logbookNtB2_13LogbookEngine9list_qsos
FN:364,_RNvMs0_NtNtCsyXBwHmtrR2_14logripper_core11application7logbookNtB5_17AdifImportOutcome7skipped
FN:332,_RNvMs_NtNtCsyXBwHmtrR2_14logripper_core11application7logbookNtB4_17LogbookSyncStatus10from_parts
FN:522,_RNvNtNtCsyXBwHmtrR2_14logripper_core11application7logbook13now_timestamp
FN:486,_RNvNtNtCsyXBwHmtrR2_14logripper_core11application7logbook16timestamps_match
FN:511,_RNvNtNtCsyXBwHmtrR2_14logripper_core11application7logbook17non_empty_trimmed
FN:419,_RNvNtNtCsyXBwHmtrR2_14logripper_core11application7logbook21invalid_import_reason
FN:462,_RNvNtNtCsyXBwHmtrR2_14logripper_core11application7logbook21station_profile_label
FN:532,_RNvNtNtCsyXBwHmtrR2_14logripper_core11application7logbook22is_pending_sync_status
FN:504,_RNvNtNtCsyXBwHmtrR2_14logripper_core11application7logbook23optional_u64_compatible
FN:454,_RNvNtNtCsyXBwHmtrR2_14logripper_core11application7logbook23qso_has_station_context
FN:515,_RNvNtNtCsyXBwHmtrR2_14logripper_core11application7logbook24non_empty_trimmed_option
FN:468,_RNvNtNtCsyXBwHmtrR2_14logripper_core11application7logbook24qsos_match_for_duplicate
FN:494,_RNvNtNtCsyXBwHmtrR2_14logripper_core11application7logbook27optional_strings_compatible
FN:377,_RNvNtNtCsyXBwHmtrR2_14logripper_core11application7logbook28validate_qso_for_persistence
FN:372,_RNvNtNtCsyXBwHmtrR2_14logripper_core11application7logbook29normalize_qso_for_persistence
FN:490,_RNvNtNtCsyXBwHmtrR2_14logripper_core11application7logbook31strings_equal_ignore_ascii_case
FN:103,_RNCNCNvMNtNtCsyXBwHmtrR2_14logripper_core11application7logbookNtB6_13LogbookEngine10update_qso00Ba_
FN:108,_RNCNCNvMNtNtCsyXBwHmtrR2_14logripper_core11application7logbookNtB6_13LogbookEngine10update_qso0s_0Ba_
FN:287,_RNCNCNvMNtNtCsyXBwHmtrR2_14logripper_core11application7logbookNtB6_13LogbookEngine19is_duplicate_import00Ba_
FN:301,_RNCNCNvMNtNtCsyXBwHmtrR2_14logripper_core11application7logbookNtB6_13LogbookEngine19is_duplicate_import0s_0Ba_
FN:159,_RNCNCNvMNtNtCsyXBwHmtrR2_14logripper_core11application7logbookNtB6_13LogbookEngine7get_qso00Ba_
FN:126,_RNCNvMNtNtCsyXBwHmtrR2_14logripper_core11application7logbookNtB4_13LogbookEngine10delete_qso0B8_
FN:95,_RNCNvMNtNtCsyXBwHmtrR2_14logripper_core11application7logbookNtB4_13LogbookEngine10update_qso0B8_
FN:180,_RNCNvMNtNtCsyXBwHmtrR2_14logripper_core11application7logbookNtB4_13LogbookEngine15get_sync_status0B8_
FN:200,_RNCNvMNtNtCsyXBwHmtrR2_14logripper_core11application7logbookNtB4_13LogbookEngine16import_adif_qsos0B8_
FN:281,_RNCNvMNtNtCsyXBwHmtrR2_14logripper_core11application7logbookNtB4_13LogbookEngine19is_duplicate_import0B8_
FN:225,_RNCNvMNtNtCsyXBwHmtrR2_14logripper_core11application7logbookNtB4_13LogbookEngine20update_sync_metadata0B8_
FN:238,_RNCNvMNtNtCsyXBwHmtrR2_14logripper_core11application7logbookNtB4_13LogbookEngine22import_single_adif_qso0B8_
FN:69,_RNCNvMNtNtCsyXBwHmtrR2_14logripper_core11application7logbookNtB4_13LogbookEngine28log_qso_with_station_profile0B8_
FN:148,_RNCNvMNtNtCsyXBwHmtrR2_14logripper_core11application7logbookNtB4_13LogbookEngine7get_qso0B8_
FN:40,_RNCNvMNtNtCsyXBwHmtrR2_14logripper_core11application7logbookNtB4_13LogbookEngine7log_qso0B8_
FN:167,_RNCNvMNtNtCsyXBwHmtrR2_14logripper_core11application7logbookNtB4_13LogbookEngine9list_qsos0B8_
FN:103,_RNCNCNvMNtNtCslSqZBX8bsoa_14logripper_core11application7logbookNtB6_13LogbookEngine10update_qso00Ba_
FN:108,_RNCNCNvMNtNtCslSqZBX8bsoa_14logripper_core11application7logbookNtB6_13LogbookEngine10update_qso0s_0Ba_
FN:287,_RNCNCNvMNtNtCslSqZBX8bsoa_14logripper_core11application7logbookNtB6_13LogbookEngine19is_duplicate_import00Ba_
FN:301,_RNCNCNvMNtNtCslSqZBX8bsoa_14logripper_core11application7logbookNtB6_13LogbookEngine19is_duplicate_import0s_0Ba_
FN:159,_RNCNCNvMNtNtCslSqZBX8bsoa_14logripper_core11application7logbookNtB6_13LogbookEngine7get_qso00Ba_
FN:518,_RNCNCNvNtNtCslSqZBX8bsoa_14logripper_core11application7logbook24non_empty_trimmed_option00B9_
FN:126,_RNCNvMNtNtCslSqZBX8bsoa_14logripper_core11application7logbookNtB4_13LogbookEngine10delete_qso0B8_
FN:95,_RNCNvMNtNtCslSqZBX8bsoa_14logripper_core11application7logbookNtB4_13LogbookEngine10update_qso0B8_
FN:180,_RNCNvMNtNtCslSqZBX8bsoa_14logripper_core11application7logbookNtB4_13LogbookEngine15get_sync_status0B8_
FN:200,_RNCNvMNtNtCslSqZBX8bsoa_14logripper_core11application7logbookNtB4_13LogbookEngine16import_adif_qsos0B8_
FN:281,_RNCNvMNtNtCslSqZBX8bsoa_14logripper_core11application7logbookNtB4_13LogbookEngine19is_duplicate_import0B8_
FN:225,_RNCNvMNtNtCslSqZBX8bsoa_14logripper_core11application7logbookNtB4_13LogbookEngine20update_sync_metadata0B8_
FN:238,_RNCNvMNtNtCslSqZBX8bsoa_14logripper_core11application7logbookNtB4_13LogbookEngine22import_single_adif_qso0B8_
FN:69,_RNCNvMNtNtCslSqZBX8bsoa_14logripper_core11application7logbookNtB4_13LogbookEngine28log_qso_with_station_profile0B8_
FN:148,_RNCNvMNtNtCslSqZBX8bsoa_14logripper_core11application7logbookNtB4_13LogbookEngine7get_qso0B8_
FN:40,_RNCNvMNtNtCslSqZBX8bsoa_14logripper_core11application7logbookNtB4_13LogbookEngine7log_qso0B8_
FN:167,_RNCNvMNtNtCslSqZBX8bsoa_14logripper_core11application7logbookNtB4_13LogbookEngine9list_qsos0B8_
FN:430,_RNCNvNtNtCslSqZBX8bsoa_14logripper_core11application7logbook21invalid_import_reason0B7_
FN:464,_RNCNvNtNtCslSqZBX8bsoa_14logripper_core11application7logbook21station_profile_label0B7_
FN:465,_RNCNvNtNtCslSqZBX8bsoa_14logripper_core11application7logbook21station_profile_labels_0B7_
FN:516,_RNCNvNtNtCslSqZBX8bsoa_14logripper_core11application7logbook24non_empty_trimmed_option0B7_
FN:126,_RNvMNtNtCslSqZBX8bsoa_14logripper_core11application7logbookNtB2_13LogbookEngine10delete_qso
FN:95,_RNvMNtNtCslSqZBX8bsoa_14logripper_core11application7logbookNtB2_13LogbookEngine10update_qso
FN:180,_RNvMNtNtCslSqZBX8bsoa_14logripper_core11application7logbookNtB2_13LogbookEngine15get_sync_status
FN:196,_RNvMNtNtCslSqZBX8bsoa_14logripper_core11application7logbookNtB2_13LogbookEngine16import_adif_qsos
FN:281,_RNvMNtNtCslSqZBX8bsoa_14logripper_core11application7logbookNtB2_13LogbookEngine19is_duplicate_import
FN:30,_RNvMNtNtCslSqZBX8bsoa_14logripper_core11application7logbookNtB2_13LogbookEngine20storage_backend_name
FN:225,_RNvMNtNtCslSqZBX8bsoa_14logripper_core11application7logbookNtB2_13LogbookEngine20update_sync_metadata
FN:233,_RNvMNtNtCslSqZBX8bsoa_14logripper_core11application7logbookNtB2_13LogbookEngine22import_single_adif_qso
FN:65,_RNvMNtNtCslSqZBX8bsoa_14logripper_core11application7logbookNtB2_13LogbookEngine28log_qso_with_station_profile
FN:24,_RNvMNtNtCslSqZBX8bsoa_14logripper_core11application7logbookNtB2_13LogbookEngine3new
FN:148,_RNvMNtNtCslSqZBX8bsoa_14logripper_core11application7logbookNtB2_13LogbookEngine7get_qso
FN:40,_RNvMNtNtCslSqZBX8bsoa_14logripper_core11application7logbookNtB2_13LogbookEngine7log_qso
FN:167,_RNvMNtNtCslSqZBX8bsoa_14logripper_core11application7logbookNtB2_13LogbookEngine9list_qsos
FN:364,_RNvMs0_NtNtCslSqZBX8bsoa_14logripper_core11application7logbookNtB5_17AdifImportOutcome7skipped
FN:332,_RNvMs_NtNtCslSqZBX8bsoa_14logripper_core11application7logbookNtB4_17LogbookSyncStatus10from_parts
FN:522,_RNvNtNtCslSqZBX8bsoa_14logripper_core11application7logbook13now_timestamp
FN:486,_RNvNtNtCslSqZBX8bsoa_14logripper_core11application7logbook16timestamps_match
FN:511,_RNvNtNtCslSqZBX8bsoa_14logripper_core11application7logbook17non_empty_trimmed
FN:419,_RNvNtNtCslSqZBX8bsoa_14logripper_core11application7logbook21invalid_import_reason
FN:462,_RNvNtNtCslSqZBX8bsoa_14logripper_core11application7logbook21station_profile_label
FN:532,_RNvNtNtCslSqZBX8bsoa_14logripper_core11application7logbook22is_pending_sync_status
FN:504,_RNvNtNtCslSqZBX8bsoa_14logripper_core11application7logbook23optional_u64_compatible
FN:454,_RNvNtNtCslSqZBX8bsoa_14logripper_core11application7logbook23qso_has_station_context
FN:515,_RNvNtNtCslSqZBX8bsoa_14logripper_core11application7logbook24non_empty_trimmed_option
FN:468,_RNvNtNtCslSqZBX8bsoa_14logripper_core11application7logbook24qsos_match_for_duplicate
FN:494,_RNvNtNtCslSqZBX8bsoa_14logripper_core11application7logbook27optional_strings_compatible
FN:377,_RNvNtNtCslSqZBX8bsoa_14logripper_core11application7logbook28validate_qso_for_persistence
FN:372,_RNvNtNtCslSqZBX8bsoa_14logripper_core11application7logbook29normalize_qso_for_persistence
FN:490,_RNvNtNtCslSqZBX8bsoa_14logripper_core11application7logbook31strings_equal_ignore_ascii_case
FN:103,_RNCNCNvMNtNtCsyXBwHmtrR2_14logripper_core11application7logbookNtB6_13LogbookEngine10update_qso00Csi7zUHYvRpLi_16logripper_server
FN:108,_RNCNCNvMNtNtCsyXBwHmtrR2_14logripper_core11application7logbookNtB6_13LogbookEngine10update_qso0s_0Csi7zUHYvRpLi_16logripper_server
FN:287,_RNCNCNvMNtNtCsyXBwHmtrR2_14logripper_core11application7logbookNtB6_13LogbookEngine19is_duplicate_import00Csi7zUHYvRpLi_16logripper_server
FN:301,_RNCNCNvMNtNtCsyXBwHmtrR2_14logripper_core11application7logbookNtB6_13LogbookEngine19is_duplicate_import0s_0Csi7zUHYvRpLi_16logripper_server
FN:159,_RNCNCNvMNtNtCsyXBwHmtrR2_14logripper_core11application7logbookNtB6_13LogbookEngine7get_qso00Csi7zUHYvRpLi_16logripper_server
FN:126,_RNCNvMNtNtCsyXBwHmtrR2_14logripper_core11application7logbookNtB4_13LogbookEngine10delete_qso0Csi7zUHYvRpLi_16logripper_server
FN:95,_RNCNvMNtNtCsyXBwHmtrR2_14logripper_core11application7logbookNtB4_13LogbookEngine10update_qso0Csi7zUHYvRpLi_16logripper_server
FN:180,_RNCNvMNtNtCsyXBwHmtrR2_14logripper_core11application7logbookNtB4_13LogbookEngine15get_sync_status0Csi7zUHYvRpLi_16logripper_server
FN:200,_RNCNvMNtNtCsyXBwHmtrR2_14logripper_core11application7logbookNtB4_13LogbookEngine16import_adif_qsos0Csi7zUHYvRpLi_16logripper_server
FN:281,_RNCNvMNtNtCsyXBwHmtrR2_14logripper_core11application7logbookNtB4_13LogbookEngine19is_duplicate_import0Csi7zUHYvRpLi_16logripper_server
FN:238,_RNCNvMNtNtCsyXBwHmtrR2_14logripper_core11application7logbookNtB4_13LogbookEngine22import_single_adif_qso0Csi7zUHYvRpLi_16logripper_server
FN:69,_RNCNvMNtNtCsyXBwHmtrR2_14logripper_core11application7logbookNtB4_13LogbookEngine28log_qso_with_station_profile0Csi7zUHYvRpLi_16logripper_server
FN:148,_RNCNvMNtNtCsyXBwHmtrR2_14logripper_core11application7logbookNtB4_13LogbookEngine7get_qso0Csi7zUHYvRpLi_16logripper_server
FN:40,_RNCNvMNtNtCsyXBwHmtrR2_14logripper_core11application7logbookNtB4_13LogbookEngine7log_qso0Csi7zUHYvRpLi_16logripper_server
FN:167,_RNCNvMNtNtCsyXBwHmtrR2_14logripper_core11application7logbookNtB4_13LogbookEngine9list_qsos0Csi7zUHYvRpLi_16logripper_server
FN:159,_RNCNCNvMNtNtCsyXBwHmtrR2_14logripper_core11application7logbookNtB6_13LogbookEngine7get_qso00Cs4melBASiJGp_24logripper_storage_memory
FN:148,_RNCNvMNtNtCsyXBwHmtrR2_14logripper_core11application7logbookNtB4_13LogbookEngine7get_qso0Cs4melBASiJGp_24logripper_storage_memory
FN:40,_RNCNvMNtNtCsyXBwHmtrR2_14logripper_core11application7logbookNtB4_13LogbookEngine7log_qso0Cs4melBASiJGp_24logripper_storage_memory
FN:167,_RNCNvMNtNtCsyXBwHmtrR2_14logripper_core11application7logbookNtB4_13LogbookEngine9list_qsos0Cs4melBASiJGp_24logripper_storage_memory
FN:159,_RNCNCNvMNtNtCsyXBwHmtrR2_14logripper_core11application7logbookNtB6_13LogbookEngine7get_qso00CsbL7Vu7ng6U8_24logripper_storage_sqlite
FN:148,_RNCNvMNtNtCsyXBwHmtrR2_14logripper_core11application7logbookNtB4_13LogbookEngine7get_qso0CsbL7Vu7ng6U8_24logripper_storage_sqlite
FN:40,_RNCNvMNtNtCsyXBwHmtrR2_14logripper_core11application7logbookNtB4_13LogbookEngine7log_qso0CsbL7Vu7ng6U8_24logripper_storage_sqlite
FN:167,_RNCNvMNtNtCsyXBwHmtrR2_14logripper_core11application7logbookNtB4_13LogbookEngine9list_qsos0CsbL7Vu7ng6U8_24logripper_storage_sqlite
FNDA:4,_RNCNCNvNtNtCsyXBwHmtrR2_14logripper_core11application7logbook24non_empty_trimmed_option00B9_
FNDA:0,_RNCNvNtNtCsyXBwHmtrR2_14logripper_core11application7logbook21invalid_import_reason0B7_
FNDA:0,_RNCNvNtNtCsyXBwHmtrR2_14logripper_core11application7logbook21station_profile_label0B7_
FNDA:0,_RNCNvNtNtCsyXBwHmtrR2_14logripper_core11application7logbook21station_profile_labels_0B7_
FNDA:4,_RNCNvNtNtCsyXBwHmtrR2_14logripper_core11application7logbook24non_empty_trimmed_option0B7_
FNDA:3,_RNvMNtNtCsyXBwHmtrR2_14logripper_core11application7logbookNtB2_13LogbookEngine10delete_qso
FNDA:2,_RNvMNtNtCsyXBwHmtrR2_14logripper_core11application7logbookNtB2_13LogbookEngine10update_qso
FNDA:4,_RNvMNtNtCsyXBwHmtrR2_14logripper_core11application7logbookNtB2_13LogbookEngine15get_sync_status
FNDA:3,_RNvMNtNtCsyXBwHmtrR2_14logripper_core11application7logbookNtB2_13LogbookEngine16import_adif_qsos
FNDA:3,_RNvMNtNtCsyXBwHmtrR2_14logripper_core11application7logbookNtB2_13LogbookEngine19is_duplicate_import
FNDA:50,_RNvMNtNtCsyXBwHmtrR2_14logripper_core11application7logbookNtB2_13LogbookEngine20storage_backend_name
FNDA:0,_RNvMNtNtCsyXBwHmtrR2_14logripper_core11application7logbookNtB2_13LogbookEngine20update_sync_metadata
FNDA:4,_RNvMNtNtCsyXBwHmtrR2_14logripper_core11application7logbookNtB2_13LogbookEngine22import_single_adif_qso
FNDA:10,_RNvMNtNtCsyXBwHmtrR2_14logripper_core11application7logbookNtB2_13LogbookEngine28log_qso_with_station_profile
FNDA:54,_RNvMNtNtCsyXBwHmtrR2_14logripper_core11application7logbookNtB2_13LogbookEngine3new
FNDA:8,_RNvMNtNtCsyXBwHmtrR2_14logripper_core11application7logbookNtB2_13LogbookEngine7get_qso
FNDA:9,_RNvMNtNtCsyXBwHmtrR2_14logripper_core11application7logbookNtB2_13LogbookEngine7log_qso
FNDA:8,_RNvMNtNtCsyXBwHmtrR2_14logripper_core11application7logbookNtB2_13LogbookEngine9list_qsos
FNDA:1,_RNvMs0_NtNtCsyXBwHmtrR2_14logripper_core11application7logbookNtB5_17AdifImportOutcome7skipped
FNDA:4,_RNvMs_NtNtCsyXBwHmtrR2_14logripper_core11application7logbookNtB4_17LogbookSyncStatus10from_parts
FNDA:17,_RNvNtNtCsyXBwHmtrR2_14logripper_core11application7logbook13now_timestamp
FNDA:1,_RNvNtNtCsyXBwHmtrR2_14logripper_core11application7logbook16timestamps_match
FNDA:3,_RNvNtNtCsyXBwHmtrR2_14logripper_core11application7logbook17non_empty_trimmed
FNDA:4,_RNvNtNtCsyXBwHmtrR2_14logripper_core11application7logbook21invalid_import_reason
FNDA:1,_RNvNtNtCsyXBwHmtrR2_14logripper_core11application7logbook21station_profile_label
FNDA:3,_RNvNtNtCsyXBwHmtrR2_14logripper_core11application7logbook22is_pending_sync_status
FNDA:1,_RNvNtNtCsyXBwHmtrR2_14logripper_core11application7logbook23optional_u64_compatible
FNDA:4,_RNvNtNtCsyXBwHmtrR2_14logripper_core11application7logbook23qso_has_station_context
FNDA:6,_RNvNtNtCsyXBwHmtrR2_14logripper_core11application7logbook24non_empty_trimmed_option
FNDA:1,_RNvNtNtCsyXBwHmtrR2_14logripper_core11application7logbook24qsos_match_for_duplicate
FNDA:1,_RNvNtNtCsyXBwHmtrR2_14logripper_core11application7logbook27optional_strings_compatible
FNDA:21,_RNvNtNtCsyXBwHmtrR2_14logripper_core11application7logbook28validate_qso_for_persistence
FNDA:25,_RNvNtNtCsyXBwHmtrR2_14logripper_core11application7logbook29normalize_qso_for_persistence
FNDA:2,_RNvNtNtCsyXBwHmtrR2_14logripper_core11application7logbook31strings_equal_ignore_ascii_case
FNDA:0,_RNCNCNvMNtNtCsyXBwHmtrR2_14logripper_core11application7logbookNtB6_13LogbookEngine10update_qso00Ba_
FNDA:0,_RNCNCNvMNtNtCsyXBwHmtrR2_14logripper_core11application7logbookNtB6_13LogbookEngine10update_qso0s_0Ba_
FNDA:0,_RNCNCNvMNtNtCsyXBwHmtrR2_14logripper_core11application7logbookNtB6_13LogbookEngine19is_duplicate_import00Ba_
FNDA:0,_RNCNCNvMNtNtCsyXBwHmtrR2_14logripper_core11application7logbookNtB6_13LogbookEngine19is_duplicate_import0s_0Ba_
FNDA:0,_RNCNCNvMNtNtCsyXBwHmtrR2_14logripper_core11application7logbookNtB6_13LogbookEngine7get_qso00Ba_
FNDA:0,_RNCNvMNtNtCsyXBwHmtrR2_14logripper_core11application7logbookNtB4_13LogbookEngine10delete_qso0B8_
FNDA:0,_RNCNvMNtNtCsyXBwHmtrR2_14logripper_core11application7logbookNtB4_13LogbookEngine10update_qso0B8_
FNDA:0,_RNCNvMNtNtCsyXBwHmtrR2_14logripper_core11application7logbookNtB4_13LogbookEngine15get_sync_status0B8_
FNDA:0,_RNCNvMNtNtCsyXBwHmtrR2_14logripper_core11application7logbookNtB4_13LogbookEngine16import_adif_qsos0B8_
FNDA:0,_RNCNvMNtNtCsyXBwHmtrR2_14logripper_core11application7logbookNtB4_13LogbookEngine19is_duplicate_import0B8_
FNDA:0,_RNCNvMNtNtCsyXBwHmtrR2_14logripper_core11application7logbookNtB4_13LogbookEngine20update_sync_metadata0B8_
FNDA:0,_RNCNvMNtNtCsyXBwHmtrR2_14logripper_core11application7logbookNtB4_13LogbookEngine22import_single_adif_qso0B8_
FNDA:0,_RNCNvMNtNtCsyXBwHmtrR2_14logripper_core11application7logbookNtB4_13LogbookEngine28log_qso_with_station_profile0B8_
FNDA:0,_RNCNvMNtNtCsyXBwHmtrR2_14logripper_core11application7logbookNtB4_13LogbookEngine7get_qso0B8_
FNDA:0,_RNCNvMNtNtCsyXBwHmtrR2_14logripper_core11application7logbookNtB4_13LogbookEngine7log_qso0B8_
FNDA:0,_RNCNvMNtNtCsyXBwHmtrR2_14logripper_core11application7logbookNtB4_13LogbookEngine9list_qsos0B8_
FNDA:0,_RNCNCNvMNtNtCslSqZBX8bsoa_14logripper_core11application7logbookNtB6_13LogbookEngine10update_qso00Ba_
FNDA:0,_RNCNCNvMNtNtCslSqZBX8bsoa_14logripper_core11application7logbookNtB6_13LogbookEngine10update_qso0s_0Ba_
FNDA:0,_RNCNCNvMNtNtCslSqZBX8bsoa_14logripper_core11application7logbookNtB6_13LogbookEngine19is_duplicate_import00Ba_
FNDA:0,_RNCNCNvMNtNtCslSqZBX8bsoa_14logripper_core11application7logbookNtB6_13LogbookEngine19is_duplicate_import0s_0Ba_
FNDA:0,_RNCNCNvMNtNtCslSqZBX8bsoa_14logripper_core11application7logbookNtB6_13LogbookEngine7get_qso00Ba_
FNDA:0,_RNCNCNvNtNtCslSqZBX8bsoa_14logripper_core11application7logbook24non_empty_trimmed_option00B9_
FNDA:0,_RNCNvMNtNtCslSqZBX8bsoa_14logripper_core11application7logbookNtB4_13LogbookEngine10delete_qso0B8_
FNDA:0,_RNCNvMNtNtCslSqZBX8bsoa_14logripper_core11application7logbookNtB4_13LogbookEngine10update_qso0B8_
FNDA:0,_RNCNvMNtNtCslSqZBX8bsoa_14logripper_core11application7logbookNtB4_13LogbookEngine15get_sync_status0B8_
FNDA:0,_RNCNvMNtNtCslSqZBX8bsoa_14logripper_core11application7logbookNtB4_13LogbookEngine16import_adif_qsos0B8_
FNDA:0,_RNCNvMNtNtCslSqZBX8bsoa_14logripper_core11application7logbookNtB4_13LogbookEngine19is_duplicate_import0B8_
FNDA:0,_RNCNvMNtNtCslSqZBX8bsoa_14logripper_core11application7logbookNtB4_13LogbookEngine20update_sync_metadata0B8_
FNDA:0,_RNCNvMNtNtCslSqZBX8bsoa_14logripper_core11application7logbookNtB4_13LogbookEngine22import_single_adif_qso0B8_
FNDA:0,_RNCNvMNtNtCslSqZBX8bsoa_14logripper_core11application7logbookNtB4_13LogbookEngine28log_qso_with_station_profile0B8_
FNDA:0,_RNCNvMNtNtCslSqZBX8bsoa_14logripper_core11application7logbookNtB4_13LogbookEngine7get_qso0B8_
FNDA:0,_RNCNvMNtNtCslSqZBX8bsoa_14logripper_core11application7logbookNtB4_13LogbookEngine7log_qso0B8_
FNDA:0,_RNCNvMNtNtCslSqZBX8bsoa_14logripper_core11application7logbookNtB4_13LogbookEngine9list_qsos0B8_
FNDA:0,_RNCNvNtNtCslSqZBX8bsoa_14logripper_core11application7logbook21invalid_import_reason0B7_
FNDA:0,_RNCNvNtNtCslSqZBX8bsoa_14logripper_core11application7logbook21station_profile_label0B7_
FNDA:0,_RNCNvNtNtCslSqZBX8bsoa_14logripper_core11application7logbook21station_profile_labels_0B7_
FNDA:0,_RNCNvNtNtCslSqZBX8bsoa_14logripper_core11application7logbook24non_empty_trimmed_option0B7_
FNDA:0,_RNvMNtNtCslSqZBX8bsoa_14logripper_core11application7logbookNtB2_13LogbookEngine10delete_qso
FNDA:0,_RNvMNtNtCslSqZBX8bsoa_14logripper_core11application7logbookNtB2_13LogbookEngine10update_qso
FNDA:0,_RNvMNtNtCslSqZBX8bsoa_14logripper_core11application7logbookNtB2_13LogbookEngine15get_sync_status
FNDA:0,_RNvMNtNtCslSqZBX8bsoa_14logripper_core11application7logbookNtB2_13LogbookEngine16import_adif_qsos
FNDA:0,_RNvMNtNtCslSqZBX8bsoa_14logripper_core11application7logbookNtB2_13LogbookEngine19is_duplicate_import
FNDA:0,_RNvMNtNtCslSqZBX8bsoa_14logripper_core11application7logbookNtB2_13LogbookEngine20storage_backend_name
FNDA:0,_RNvMNtNtCslSqZBX8bsoa_14logripper_core11application7logbookNtB2_13LogbookEngine20update_sync_metadata
FNDA:0,_RNvMNtNtCslSqZBX8bsoa_14logripper_core11application7logbookNtB2_13LogbookEngine22import_single_adif_qso
FNDA:0,_RNvMNtNtCslSqZBX8bsoa_14logripper_core11application7logbookNtB2_13LogbookEngine28log_qso_with_station_profile
FNDA:0,_RNvMNtNtCslSqZBX8bsoa_14logripper_core11application7logbookNtB2_13LogbookEngine3new
FNDA:0,_RNvMNtNtCslSqZBX8bsoa_14logripper_core11application7logbookNtB2_13LogbookEngine7get_qso
FNDA:0,_RNvMNtNtCslSqZBX8bsoa_14logripper_core11application7logbookNtB2_13LogbookEngine7log_qso
FNDA:0,_RNvMNtNtCslSqZBX8bsoa_14logripper_core11application7logbookNtB2_13LogbookEngine9list_qsos
FNDA:0,_RNvMs0_NtNtCslSqZBX8bsoa_14logripper_core11application7logbookNtB5_17AdifImportOutcome7skipped
FNDA:0,_RNvMs_NtNtCslSqZBX8bsoa_14logripper_core11application7logbookNtB4_17LogbookSyncStatus10from_parts
FNDA:0,_RNvNtNtCslSqZBX8bsoa_14logripper_core11application7logbook13now_timestamp
FNDA:0,_RNvNtNtCslSqZBX8bsoa_14logripper_core11application7logbook16timestamps_match
FNDA:0,_RNvNtNtCslSqZBX8bsoa_14logripper_core11application7logbook17non_empty_trimmed
FNDA:0,_RNvNtNtCslSqZBX8bsoa_14logripper_core11application7logbook21invalid_import_reason
FNDA:0,_RNvNtNtCslSqZBX8bsoa_14logripper_core11application7logbook21station_profile_label
FNDA:0,_RNvNtNtCslSqZBX8bsoa_14logripper_core11application7logbook22is_pending_sync_status
FNDA:0,_RNvNtNtCslSqZBX8bsoa_14logripper_core11application7logbook23optional_u64_compatible
FNDA:0,_RNvNtNtCslSqZBX8bsoa_14logripper_core11application7logbook23qso_has_station_context
FNDA:0,_RNvNtNtCslSqZBX8bsoa_14logripper_core11application7logbook24non_empty_trimmed_option
FNDA:0,_RNvNtNtCslSqZBX8bsoa_14logripper_core11application7logbook24qsos_match_for_duplicate
FNDA:0,_RNvNtNtCslSqZBX8bsoa_14logripper_core11application7logbook27optional_strings_compatible
FNDA:0,_RNvNtNtCslSqZBX8bsoa_14logripper_core11application7logbook28validate_qso_for_persistence
FNDA:0,_RNvNtNtCslSqZBX8bsoa_14logripper_core11application7logbook29normalize_qso_for_persistence
FNDA:0,_RNvNtNtCslSqZBX8bsoa_14logripper_core11application7logbook31strings_equal_ignore_ascii_case
FNDA:0,_RNCNCNvMNtNtCsyXBwHmtrR2_14logripper_core11application7logbookNtB6_13LogbookEngine10update_qso00Csi7zUHYvRpLi_16logripper_server
FNDA:0,_RNCNCNvMNtNtCsyXBwHmtrR2_14logripper_core11application7logbookNtB6_13LogbookEngine10update_qso0s_0Csi7zUHYvRpLi_16logripper_server
FNDA:0,_RNCNCNvMNtNtCsyXBwHmtrR2_14logripper_core11application7logbookNtB6_13LogbookEngine19is_duplicate_import00Csi7zUHYvRpLi_16logripper_server
FNDA:1,_RNCNCNvMNtNtCsyXBwHmtrR2_14logripper_core11application7logbookNtB6_13LogbookEngine19is_duplicate_import0s_0Csi7zUHYvRpLi_16logripper_server
FNDA:2,_RNCNCNvMNtNtCsyXBwHmtrR2_14logripper_core11application7logbookNtB6_13LogbookEngine7get_qso00Csi7zUHYvRpLi_16logripper_server
FNDA:3,_RNCNvMNtNtCsyXBwHmtrR2_14logripper_core11application7logbookNtB4_13LogbookEngine10delete_qso0Csi7zUHYvRpLi_16logripper_server
FNDA:2,_RNCNvMNtNtCsyXBwHmtrR2_14logripper_core11application7logbookNtB4_13LogbookEngine10update_qso0Csi7zUHYvRpLi_16logripper_server
FNDA:4,_RNCNvMNtNtCsyXBwHmtrR2_14logripper_core11application7logbookNtB4_13LogbookEngine15get_sync_status0Csi7zUHYvRpLi_16logripper_server
FNDA:3,_RNCNvMNtNtCsyXBwHmtrR2_14logripper_core11application7logbookNtB4_13LogbookEngine16import_adif_qsos0Csi7zUHYvRpLi_16logripper_server
FNDA:3,_RNCNvMNtNtCsyXBwHmtrR2_14logripper_core11application7logbookNtB4_13LogbookEngine19is_duplicate_import0Csi7zUHYvRpLi_16logripper_server
FNDA:4,_RNCNvMNtNtCsyXBwHmtrR2_14logripper_core11application7logbookNtB4_13LogbookEngine22import_single_adif_qso0Csi7zUHYvRpLi_16logripper_server
FNDA:10,_RNCNvMNtNtCsyXBwHmtrR2_14logripper_core11application7logbookNtB4_13LogbookEngine28log_qso_with_station_profile0Csi7zUHYvRpLi_16logripper_server
FNDA:6,_RNCNvMNtNtCsyXBwHmtrR2_14logripper_core11application7logbookNtB4_13LogbookEngine7get_qso0Csi7zUHYvRpLi_16logripper_server
FNDA:3,_RNCNvMNtNtCsyXBwHmtrR2_14logripper_core11application7logbookNtB4_13LogbookEngine7log_qso0Csi7zUHYvRpLi_16logripper_server
FNDA:5,_RNCNvMNtNtCsyXBwHmtrR2_14logripper_core11application7logbookNtB4_13LogbookEngine9list_qsos0Csi7zUHYvRpLi_16logripper_server
FNDA:0,_RNCNCNvMNtNtCsyXBwHmtrR2_14logripper_core11application7logbookNtB6_13LogbookEngine7get_qso00Cs4melBASiJGp_24logripper_storage_memory
FNDA:1,_RNCNvMNtNtCsyXBwHmtrR2_14logripper_core11application7logbookNtB4_13LogbookEngine7get_qso0Cs4melBASiJGp_24logripper_storage_memory
FNDA:3,_RNCNvMNtNtCsyXBwHmtrR2_14logripper_core11application7logbookNtB4_13LogbookEngine7log_qso0Cs4melBASiJGp_24logripper_storage_memory
FNDA:2,_RNCNvMNtNtCsyXBwHmtrR2_14logripper_core11application7logbookNtB4_13LogbookEngine9list_qsos0Cs4melBASiJGp_24logripper_storage_memory
FNDA:0,_RNCNCNvMNtNtCsyXBwHmtrR2_14logripper_core11application7logbookNtB6_13LogbookEngine7get_qso00CsbL7Vu7ng6U8_24logripper_storage_sqlite
FNDA:1,_RNCNvMNtNtCsyXBwHmtrR2_14logripper_core11application7logbookNtB4_13LogbookEngine7get_qso0CsbL7Vu7ng6U8_24logripper_storage_sqlite
FNDA:3,_RNCNvMNtNtCsyXBwHmtrR2_14logripper_core11application7logbookNtB4_13LogbookEngine7log_qso0CsbL7Vu7ng6U8_24logripper_storage_sqlite
FNDA:1,_RNCNvMNtNtCsyXBwHmtrR2_14logripper_core11application7logbookNtB4_13LogbookEngine9list_qsos0CsbL7Vu7ng6U8_24logripper_storage_sqlite
FNF:50
FNH:42
DA:24,54
DA:25,54
DA:26,54
DA:30,50
DA:31,50
DA:32,50
DA:40,9
DA:41,9
DA:42,9
DA:43,9
DA:45,9
DA:46,0
DA:47,9
DA:49,9
DA:50,9
DA:51,9
DA:52,9
DA:53,9
DA:55,9
DA:56,9
DA:57,9
DA:65,10
DA:66,10
DA:67,10
DA:68,10
DA:69,10
DA:70,10
DA:71,10
DA:72,10
DA:74,6
DA:75,6
DA:76,6
DA:78,6
DA:79,6
DA:80,6
DA:81,6
DA:82,6
DA:84,6
DA:85,6
DA:86,10
DA:95,2
DA:96,2
DA:97,0
DA:98,0
DA:99,0
DA:100,2
DA:102,2
DA:103,2
DA:104,2
DA:105,2
DA:106,2
DA:108,2
DA:109,2
DA:111,2
DA:112,2
DA:113,2
DA:115,0
DA:117,2
DA:126,3
DA:127,3
DA:128,0
DA:129,0
DA:130,0
DA:131,3
DA:133,3
DA:134,3
DA:135,3
DA:137,0
DA:139,3
DA:148,8
DA:149,8
DA:150,0
DA:151,0
DA:152,0
DA:153,8
DA:155,8
DA:156,8
DA:157,8
DA:158,8
DA:159,8
DA:160,8
DA:167,8
DA:168,8
DA:169,8
DA:170,8
DA:171,8
DA:172,8
DA:173,8
DA:180,4
DA:181,4
DA:182,4
DA:184,4
DA:185,4
DA:196,3
DA:197,3
DA:198,3
DA:199,3
DA:200,3
DA:201,3
DA:203,4
DA:204,4
DA:205,4
DA:206,4
DA:208,4
DA:209,2
DA:210,2
DA:211,2
DA:212,2
DA:214,4
DA:217,3
DA:218,3
DA:225,0
DA:226,0
DA:227,0
DA:228,0
DA:229,0
DA:230,0
DA:231,0
DA:233,4
DA:234,4
DA:235,4
DA:236,4
DA:237,4
DA:238,4
DA:239,4
DA:240,4
DA:242,4
DA:243,3
DA:244,3
DA:245,1
DA:246,1
DA:247,1
DA:248,1
DA:249,1
DA:250,1
DA:251,0
DA:252,0
DA:253,0
DA:256,4
DA:258,4
DA:259,1
DA:260,1
DA:261,1
DA:262,3
DA:264,3
DA:265,1
DA:266,1
DA:268,1
DA:269,1
DA:270,1
DA:271,1
DA:272,2
DA:274,2
DA:275,2
DA:276,2
DA:277,2
DA:278,2
DA:279,4
DA:281,3
DA:282,3
DA:283,0
DA:286,3
DA:287,3
DA:288,3
DA:289,3
DA:290,3
DA:291,3
DA:292,3
DA:293,3
DA:294,3
DA:295,3
DA:296,3
DA:297,3
DA:299,3
DA:300,3
DA:301,3
DA:302,3
DA:332,4
DA:333,4
DA:334,4
DA:335,4
DA:336,4
DA:337,4
DA:338,4
DA:339,4
DA:340,4
DA:364,1
DA:365,1
DA:366,1
DA:367,1
DA:368,1
DA:369,1
DA:372,25
DA:373,25
DA:374,25
DA:375,25
DA:377,21
DA:378,21
DA:379,1
DA:380,1
DA:381,1
DA:382,20
DA:384,20
DA:385,0
DA:386,0
DA:387,0
DA:388,20
DA:390,20
DA:391,1
DA:392,1
DA:393,1
DA:394,19
DA:396,19
DA:398,1
DA:400,18
DA:402,0
DA:406,18
DA:408,1
DA:410,17
DA:412,0
DA:416,17
DA:417,21
DA:419,4
DA:420,4
DA:421,0
DA:422,4
DA:423,0
DA:424,4
DA:425,0
DA:426,0
DA:427,0
DA:428,0
DA:429,0
DA:430,0
DA:433,0
DA:436,4
DA:437,1
DA:438,1
DA:439,0
DA:441,3
DA:442,0
DA:443,0
DA:444,0
DA:446,3
DA:447,0
DA:449,0
DA:452,4
DA:454,4
DA:455,4
DA:456,1
DA:457,1
DA:458,1
DA:459,1
DA:460,4
DA:462,1
DA:463,1
DA:464,1
DA:465,1
DA:466,1
DA:468,1
DA:469,1
DA:470,1
DA:471,1
DA:472,1
DA:473,1
DA:474,1
DA:475,1
DA:476,1
DA:478,1
DA:479,1
DA:480,1
DA:482,1
DA:483,1
DA:484,1
DA:486,1
DA:487,1
DA:488,1
DA:490,2
DA:491,2
DA:492,2
DA:494,1
DA:496,1
DA:497,1
DA:499,0
DA:500,1
DA:502,1
DA:504,1
DA:505,1
DA:506,0
DA:507,1
DA:509,1
DA:511,3
DA:512,3
DA:513,3
DA:515,6
DA:516,6
DA:517,4
DA:518,4
DA:519,4
DA:520,6
DA:522,17
DA:523,17
DA:524,17
DA:525,17
DA:526,17
DA:527,17
DA:528,17
DA:532,3
DA:533,3
DA:534,3
BRF:0
BRH:0
LF:331
LH:279
end_of_record
SF:/home/runner/work/logripper/logripper/src/rust/logripper-core/src/domain/band.rs
FN:49,_RNCNCNvNtNtCsyXBwHmtrR2_14logripper_core6domain4band12ADIF_TO_BAND00B9_
FN:57,_RNCNCNvNtNtCsyXBwHmtrR2_14logripper_core6domain4band13BAND_TO_ENTRY00B9_
FN:46,_RNCNvNtNtCsyXBwHmtrR2_14logripper_core6domain4band12ADIF_TO_BAND0B7_
FN:54,_RNCNvNtNtCsyXBwHmtrR2_14logripper_core6domain4band13BAND_TO_ENTRY0B7_
FN:84,_RNCNvNtNtCsyXBwHmtrR2_14logripper_core6domain4band23band_from_frequency_mhz0B7_
FN:96,_RNCNvNtNtCsyXBwHmtrR2_14logripper_core6domain4band24band_frequency_range_mhz0B7_
FN:70,_RNvNtNtCsyXBwHmtrR2_14logripper_core6domain4band12band_to_adif
FN:63,_RNvNtNtCsyXBwHmtrR2_14logripper_core6domain4band14band_from_adif
FN:82,_RNvNtNtCsyXBwHmtrR2_14logripper_core6domain4band23band_from_frequency_mhz
FN:92,_RNvNtNtCsyXBwHmtrR2_14logripper_core6domain4band24band_frequency_range_mhz
FN:148,_RNvNtNtNtCslSqZBX8bsoa_14logripper_core6domain4band5testss_25frequency_to_band_vhf_uhf
FN:176,_RNvNtNtNtCslSqZBX8bsoa_14logripper_core6domain4band5testss_27band_count_matches_adif_317
FN:167,_RNvNtNtNtCslSqZBX8bsoa_14logripper_core6domain4band5testss_27frequency_range_round_trips
FN:139,_RNvNtNtNtCslSqZBX8bsoa_14logripper_core6domain4band5testss_27frequency_to_band_common_hf
FN:155,_RNvNtNtNtCslSqZBX8bsoa_14logripper_core6domain4band5testss_28frequency_to_band_edge_cases
FN:118,_RNvNtNtNtCslSqZBX8bsoa_14logripper_core6domain4band5testss_34band_from_adif_is_case_insensitive
FN:127,_RNvNtNtNtCslSqZBX8bsoa_14logripper_core6domain4band5testss_35band_from_adif_unknown_returns_none
FN:134,_RNvNtNtNtCslSqZBX8bsoa_14logripper_core6domain4band5testss_37band_to_adif_unspecified_returns_none
FN:105,_RNvNtNtNtCslSqZBX8bsoa_14logripper_core6domain4band5testss_40all_bands_round_trip_through_adif_string
FN:70,_RNvNtNtCslSqZBX8bsoa_14logripper_core6domain4band12band_to_adif
FN:63,_RNvNtNtCslSqZBX8bsoa_14logripper_core6domain4band14band_from_adif
FN:82,_RNvNtNtCslSqZBX8bsoa_14logripper_core6domain4band23band_from_frequency_mhz
FN:92,_RNvNtNtCslSqZBX8bsoa_14logripper_core6domain4band24band_frequency_range_mhz
FN:108,_RNCNvNtNtNtCslSqZBX8bsoa_14logripper_core6domain4band5testss_40all_bands_round_trip_through_adif_string0B9_
FN:112,_RNCNvNtNtNtCslSqZBX8bsoa_14logripper_core6domain4band5testss_40all_bands_round_trip_through_adif_strings_0B9_
FN:49,_RNCNCNvNtNtCslSqZBX8bsoa_14logripper_core6domain4band12ADIF_TO_BAND00B9_
FN:57,_RNCNCNvNtNtCslSqZBX8bsoa_14logripper_core6domain4band13BAND_TO_ENTRY00B9_
FN:46,_RNCNvNtNtCslSqZBX8bsoa_14logripper_core6domain4band12ADIF_TO_BAND0B7_
FN:54,_RNCNvNtNtCslSqZBX8bsoa_14logripper_core6domain4band13BAND_TO_ENTRY0B7_
FN:84,_RNCNvNtNtCslSqZBX8bsoa_14logripper_core6domain4band23band_from_frequency_mhz0B7_
FN:96,_RNCNvNtNtCslSqZBX8bsoa_14logripper_core6domain4band24band_frequency_range_mhz0B7_
FNDA:66,_RNCNCNvNtNtCsyXBwHmtrR2_14logripper_core6domain4band12ADIF_TO_BAND00B9_
FNDA:66,_RNCNCNvNtNtCsyXBwHmtrR2_14logripper_core6domain4band13BAND_TO_ENTRY00B9_
FNDA:2,_RNCNvNtNtCsyXBwHmtrR2_14logripper_core6domain4band12ADIF_TO_BAND0B7_
FNDA:2,_RNCNvNtNtCsyXBwHmtrR2_14logripper_core6domain4band13BAND_TO_ENTRY0B7_
FNDA:0,_RNCNvNtNtCsyXBwHmtrR2_14logripper_core6domain4band23band_from_frequency_mhz0B7_
FNDA:0,_RNCNvNtNtCsyXBwHmtrR2_14logripper_core6domain4band24band_frequency_range_mhz0B7_
FNDA:3,_RNvNtNtCsyXBwHmtrR2_14logripper_core6domain4band12band_to_adif
FNDA:18,_RNvNtNtCsyXBwHmtrR2_14logripper_core6domain4band14band_from_adif
FNDA:0,_RNvNtNtCsyXBwHmtrR2_14logripper_core6domain4band23band_from_frequency_mhz
FNDA:0,_RNvNtNtCsyXBwHmtrR2_14logripper_core6domain4band24band_frequency_range_mhz
FNDA:1,_RNvNtNtNtCslSqZBX8bsoa_14logripper_core6domain4band5testss_25frequency_to_band_vhf_uhf
FNDA:1,_RNvNtNtNtCslSqZBX8bsoa_14logripper_core6domain4band5testss_27band_count_matches_adif_317
FNDA:1,_RNvNtNtNtCslSqZBX8bsoa_14logripper_core6domain4band5testss_27frequency_range_round_trips
FNDA:1,_RNvNtNtNtCslSqZBX8bsoa_14logripper_core6domain4band5testss_27frequency_to_band_common_hf
FNDA:1,_RNvNtNtNtCslSqZBX8bsoa_14logripper_core6domain4band5testss_28frequency_to_band_edge_cases
FNDA:1,_RNvNtNtNtCslSqZBX8bsoa_14logripper_core6domain4band5testss_34band_from_adif_is_case_insensitive
FNDA:1,_RNvNtNtNtCslSqZBX8bsoa_14logripper_core6domain4band5testss_35band_from_adif_unknown_returns_none
FNDA:1,_RNvNtNtNtCslSqZBX8bsoa_14logripper_core6domain4band5testss_37band_to_adif_unspecified_returns_none
FNDA:1,_RNvNtNtNtCslSqZBX8bsoa_14logripper_core6domain4band5testss_40all_bands_round_trip_through_adif_string
FNDA:41,_RNvNtNtCslSqZBX8bsoa_14logripper_core6domain4band12band_to_adif
FNDA:50,_RNvNtNtCslSqZBX8bsoa_14logripper_core6domain4band14band_from_adif
FNDA:12,_RNvNtNtCslSqZBX8bsoa_14logripper_core6domain4band23band_from_frequency_mhz
FNDA:33,_RNvNtNtCslSqZBX8bsoa_14logripper_core6domain4band24band_frequency_range_mhz
FNDA:0,_RNCNvNtNtNtCslSqZBX8bsoa_14logripper_core6domain4band5testss_40all_bands_round_trip_through_adif_string0B9_
FNDA:0,_RNCNvNtNtNtCslSqZBX8bsoa_14logripper_core6domain4band5testss_40all_bands_round_trip_through_adif_strings_0B9_
FNDA:33,_RNCNCNvNtNtCslSqZBX8bsoa_14logripper_core6domain4band12ADIF_TO_BAND00B9_
FNDA:33,_RNCNCNvNtNtCslSqZBX8bsoa_14logripper_core6domain4band13BAND_TO_ENTRY00B9_
FNDA:1,_RNCNvNtNtCslSqZBX8bsoa_14logripper_core6domain4band12ADIF_TO_BAND0B7_
FNDA:1,_RNCNvNtNtCslSqZBX8bsoa_14logripper_core6domain4band13BAND_TO_ENTRY0B7_
FNDA:84,_RNCNvNtNtCslSqZBX8bsoa_14logripper_core6domain4band23band_from_frequency_mhz0B7_
FNDA:33,_RNCNvNtNtCslSqZBX8bsoa_14logripper_core6domain4band24band_frequency_range_mhz0B7_
FNF:21
FNH:19
DA:46,3
DA:47,3
DA:48,3
DA:49,99
DA:50,3
DA:51,3
DA:54,3
DA:55,3
DA:56,3
DA:57,99
DA:58,3
DA:59,3
DA:63,68
DA:64,68
DA:65,68
DA:66,68
DA:70,44
DA:71,44
DA:72,7
DA:73,37
DA:74,37
DA:75,44
DA:82,12
DA:84,84
DA:86,12
DA:87,11
DA:88,12
DA:92,33
DA:93,33
DA:94,0
DA:95,33
DA:96,33
DA:97,33
DA:105,1
DA:106,34
DA:107,33
DA:108,33
DA:109,33
DA:111,33
DA:112,33
DA:113,33
DA:115,1
DA:118,1
DA:119,1
DA:120,1
DA:121,1
DA:122,1
DA:123,1
DA:124,1
DA:127,1
DA:128,1
DA:129,1
DA:130,1
DA:131,1
DA:134,1
DA:135,1
DA:136,1
DA:139,1
DA:140,1
DA:141,1
DA:142,1
DA:143,1
DA:144,1
DA:145,1
DA:148,1
DA:149,1
DA:150,1
DA:151,1
DA:152,1
DA:155,1
DA:157,1
DA:159,1
DA:161,1
DA:163,1
DA:164,1
DA:167,1
DA:168,34
DA:169,33
DA:170,33
DA:171,33
DA:173,1
DA:176,1
DA:178,1
DA:179,1
BRF:0
BRH:0
LF:90
LH:87
end_of_record
SF:/home/runner/work/logripper/logripper/src/rust/logripper-core/src/domain/lookup.rs
FN:10,_RNvNtNtCsyXBwHmtrR2_14logripper_core6domain6lookup18normalize_callsign
FN:21,_RNvNtNtCsyXBwHmtrR2_14logripper_core6domain6lookup24placeholder_lookup_error
FN:10,_RNvNtNtCslSqZBX8bsoa_14logripper_core6domain6lookup18normalize_callsign
FN:21,_RNvNtNtCslSqZBX8bsoa_14logripper_core6domain6lookup24placeholder_lookup_error
FN:94,_RNvNtNtNtCslSqZBX8bsoa_14logripper_core6domain6lookup5testss_60normalize_callsign_trims_uppercases_and_defaults_blank_input
FN:100,_RNvNtNtNtCslSqZBX8bsoa_14logripper_core6domain6lookup5testss_70placeholder_lookup_error_uses_normalized_callsign_in_result_and_record
FNDA:54,_RNvNtNtCsyXBwHmtrR2_14logripper_core6domain6lookup18normalize_callsign
FNDA:0,_RNvNtNtCsyXBwHmtrR2_14logripper_core6domain6lookup24placeholder_lookup_error
FNDA:23,_RNvNtNtCslSqZBX8bsoa_14logripper_core6domain6lookup18normalize_callsign
FNDA:1,_RNvNtNtCslSqZBX8bsoa_14logripper_core6domain6lookup24placeholder_lookup_error
FNDA:1,_RNvNtNtNtCslSqZBX8bsoa_14logripper_core6domain6lookup5testss_60normalize_callsign_trims_uppercases_and_defaults_blank_input
FNDA:1,_RNvNtNtNtCslSqZBX8bsoa_14logripper_core6domain6lookup5testss_70placeholder_lookup_error_uses_normalized_callsign_in_result_and_record
FNF:4
FNH:4
DA:10,77
DA:11,77
DA:12,77
DA:13,1
DA:15,76
DA:17,77
DA:21,1
DA:22,1
DA:24,1
DA:25,1
DA:26,1
DA:27,1
DA:28,1
DA:29,1
DA:30,1
DA:31,1
DA:32,1
DA:33,1
DA:34,1
DA:35,1
DA:36,1
DA:37,1
DA:38,1
DA:39,1
DA:40,1
DA:41,1
DA:42,1
DA:43,1
DA:44,1
DA:45,1
DA:46,1
DA:47,1
DA:48,1
DA:49,1
DA:50,1
DA:51,1
DA:52,1
DA:53,1
DA:54,1
DA:55,1
DA:56,1
DA:57,1
DA:58,1
DA:59,1
DA:60,1
DA:61,1
DA:62,1
DA:63,1
DA:64,1
DA:65,1
DA:66,1
DA:67,1
DA:68,1
DA:69,1
DA:70,1
DA:71,1
DA:72,1
DA:73,1
DA:74,1
DA:75,1
DA:76,1
DA:77,1
DA:78,1
DA:79,1
DA:80,1
DA:81,1
DA:82,1
DA:83,1
DA:84,1
DA:85,1
DA:94,1
DA:95,1
DA:96,1
DA:97,1
DA:100,1
DA:101,1
DA:103,1
DA:104,1
DA:105,1
DA:106,1
DA:110,1
DA:111,0
DA:114,1
DA:115,1
DA:116,1
DA:117,1
DA:120,1
BRF:0
BRH:0
LF:87
LH:86
end_of_record
SF:/home/runner/work/logripper/logripper/src/rust/logripper-core/src/domain/mode.rs
FN:73,_RNCNCNvNtNtCsyXBwHmtrR2_14logripper_core6domain4mode12ADIF_TO_MODE00B9_
FN:85,_RNCNCNvNtNtCsyXBwHmtrR2_14logripper_core6domain4mode16MODE_TO_ADIF_MAP00B9_
FN:93,_RNCNCNvNtNtCsyXBwHmtrR2_14logripper_core6domain4mode21SUBMODE_ALIAS_TO_MODE00B9_
FN:70,_RNCNvNtNtCsyXBwHmtrR2_14logripper_core6domain4mode12ADIF_TO_MODE0B7_
FN:82,_RNCNvNtNtCsyXBwHmtrR2_14logripper_core6domain4mode16MODE_TO_ADIF_MAP0B7_
FN:117,_RNCNvNtNtCsyXBwHmtrR2_14logripper_core6domain4mode19import_only_submode0B7_
FN:90,_RNCNvNtNtCsyXBwHmtrR2_14logripper_core6domain4mode21SUBMODE_ALIAS_TO_MODE0B7_
FN:132,_RNCNvNtNtCsyXBwHmtrR2_14logripper_core6domain4mode24normalize_mode_from_adif0B7_
[...]
FN:342,_RNvXs1_CscWS1MU1tDak_24logripper_storage_sqliteNtB5_13SqliteStorageNtNtNtCsyXBwHmtrR2_14logripper_core7storage5ports19LookupSnapshotStore22upsert_lookup_snapshot
FN:40,_RNvXs_CscWS1MU1tDak_24logripper_storage_sqliteNtB4_13SqliteStorageNtNtNtCsyXBwHmtrR2_14logripper_core7storage5ports13EngineStorage12backend_name
FN:36,_RNvXs_CscWS1MU1tDak_24logripper_storage_sqliteNtB4_13SqliteStorageNtNtNtCsyXBwHmtrR2_14logripper_core7storage5ports13EngineStorage16lookup_snapshots
FN:32,_RNvXs_CscWS1MU1tDak_24logripper_storage_sqliteNtB4_13SqliteStorageNtNtNtCsyXBwHmtrR2_14logripper_core7storage5ports13EngineStorage7logbook
FN:380,_RINvCscWS1MU1tDak_24logripper_storage_sqlite14encode_messageNtNtNtNtCsyXBwHmtrR2_14logripper_core5proto9logripper6domain12LookupResultEB2_
FN:380,_RINvCscWS1MU1tDak_24logripper_storage_sqlite14encode_messageNtNtNtNtCsyXBwHmtrR2_14logripper_core5proto9logripper6domain9QsoRecordEB2_
FN:411,_RINvCscWS1MU1tDak_24logripper_storage_sqlite14query_optionalINtNtCsaFPxhswmqCN_5alloc3vec3VechEEB2_
FN:411,_RINvCscWS1MU1tDak_24logripper_storage_sqlite14query_optionalxEB2_
FN:83,_RNCNCNvXs0_CscWS1MU1tDak_24logripper_storage_sqliteNtB9_13SqliteStorageNtNtNtCsyXBwHmtrR2_14logripper_core7storage5ports12LogbookStore10insert_qso00B9_
FN:242,_RNCNCNvXs0_CscWS1MU1tDak_24logripper_storage_sqliteNtB9_13SqliteStorageNtNtNtCsyXBwHmtrR2_14logripper_core7storage5ports12LogbookStore10qso_counts00B9_
FN:244,_RNCNCNvXs0_CscWS1MU1tDak_24logripper_storage_sqliteNtB9_13SqliteStorageNtNtNtCsyXBwHmtrR2_14logripper_core7storage5ports12LogbookStore10qso_counts0s_0B9_
FN:264,_RNCNCNvXs0_CscWS1MU1tDak_24logripper_storage_sqliteNtB9_13SqliteStorageNtNtNtCsyXBwHmtrR2_14logripper_core7storage5ports12LogbookStore17get_sync_metadata00B9_
FN:150,_RNCNCNvXs0_CscWS1MU1tDak_24logripper_storage_sqliteNtB9_13SqliteStorageNtNtNtCsyXBwHmtrR2_14logripper_core7storage5ports12LogbookStore7get_qso00B9_
FN:221,_RNCNCNvXs0_CscWS1MU1tDak_24logripper_storage_sqliteNtB9_13SqliteStorageNtNtNtCsyXBwHmtrR2_14logripper_core7storage5ports12LogbookStore9list_qsos00B9_
FN:320,_RNCNCNvXs1_CscWS1MU1tDak_24logripper_storage_sqliteNtB9_13SqliteStorageNtNtNtCsyXBwHmtrR2_14logripper_core7storage5ports19LookupSnapshotStore19get_lookup_snapshot00B9_
FN:385,_RNCNvCscWS1MU1tDak_24logripper_storage_sqlite10decode_qso0B3_
FN:455,_RNCNvCscWS1MU1tDak_24logripper_storage_sqlite19millis_to_timestamp0B3_
FN:450,_RNCNvCscWS1MU1tDak_24logripper_storage_sqlite19timestamp_to_millis0B3_
FN:27,_RNCNvMCscWS1MU1tDak_24logripper_storage_sqliteNtB4_13SqliteStorage10connection0B4_
FN:384,_RNvCsbL7Vu7ng6U8_24logripper_storage_sqlite10decode_qso
FN:427,_RNvCsbL7Vu7ng6U8_24logripper_storage_sqlite16map_insert_error
FN:438,_RNvCsbL7Vu7ng6U8_24logripper_storage_sqlite16map_sqlite_error
FN:401,_RNvCsbL7Vu7ng6U8_24logripper_storage_sqlite17execute_statement
FN:388,_RNvCsbL7Vu7ng6U8_24logripper_storage_sqlite17prepare_statement
FN:453,_RNvCsbL7Vu7ng6U8_24logripper_storage_sqlite19millis_to_timestamp
FN:449,_RNvCsbL7Vu7ng6U8_24logripper_storage_sqlite19timestamp_to_millis
FN:24,_RNvMCsbL7Vu7ng6U8_24logripper_storage_sqliteNtB2_13SqliteStorage10connection
FN:128,_RNvXs0_CsbL7Vu7ng6U8_24logripper_storage_sqliteNtB5_13SqliteStorageNtNtNtCsyXBwHmtrR2_14logripper_core7storage5ports12LogbookStore10delete_qso
FN:47,_RNvXs0_CsbL7Vu7ng6U8_24logripper_storage_sqliteNtB5_13SqliteStorageNtNtNtCsyXBwHmtrR2_14logripper_core7storage5ports12LogbookStore10insert_qso
FN:225,_RNvXs0_CsbL7Vu7ng6U8_24logripper_storage_sqliteNtB5_13SqliteStorageNtNtNtCsyXBwHmtrR2_14logripper_core7storage5ports12LogbookStore10qso_counts
FN:88,_RNvXs0_CsbL7Vu7ng6U8_24logripper_storage_sqliteNtB5_13SqliteStorageNtNtNtCsyXBwHmtrR2_14logripper_core7storage5ports12LogbookStore10update_qso
FN:248,_RNvXs0_CsbL7Vu7ng6U8_24logripper_storage_sqliteNtB5_13SqliteStorageNtNtNtCsyXBwHmtrR2_14logripper_core7storage5ports12LogbookStore17get_sync_metadata
FN:278,_RNvXs0_CsbL7Vu7ng6U8_24logripper_storage_sqliteNtB5_13SqliteStorageNtNtNtCsyXBwHmtrR2_14logripper_core7storage5ports12LogbookStore20upsert_sync_metadata
FN:140,_RNvXs0_CsbL7Vu7ng6U8_24logripper_storage_sqliteNtB5_13SqliteStorageNtNtNtCsyXBwHmtrR2_14logripper_core7storage5ports12LogbookStore7get_qso
FN:153,_RNvXs0_CsbL7Vu7ng6U8_24logripper_storage_sqliteNtB5_13SqliteStorageNtNtNtCsyXBwHmtrR2_14logripper_core7storage5ports12LogbookStore9list_qsos
FN:305,_RNvXs1_CsbL7Vu7ng6U8_24logripper_storage_sqliteNtB5_13SqliteStorageNtNtNtCsyXBwHmtrR2_14logripper_core7storage5ports19LookupSnapshotStore19get_lookup_snapshot
FN:367,_RNvXs1_CsbL7Vu7ng6U8_24logripper_storage_sqliteNtB5_13SqliteStorageNtNtNtCsyXBwHmtrR2_14logripper_core7storage5ports19LookupSnapshotStore22delete_lookup_snapshot
FN:342,_RNvXs1_CsbL7Vu7ng6U8_24logripper_storage_sqliteNtB5_13SqliteStorageNtNtNtCsyXBwHmtrR2_14logripper_core7storage5ports19LookupSnapshotStore22upsert_lookup_snapshot
FN:40,_RNvXs_CsbL7Vu7ng6U8_24logripper_storage_sqliteNtB4_13SqliteStorageNtNtNtCsyXBwHmtrR2_14logripper_core7storage5ports13EngineStorage12backend_name
FN:36,_RNvXs_CsbL7Vu7ng6U8_24logripper_storage_sqliteNtB4_13SqliteStorageNtNtNtCsyXBwHmtrR2_14logripper_core7storage5ports13EngineStorage16lookup_snapshots
FN:32,_RNvXs_CsbL7Vu7ng6U8_24logripper_storage_sqliteNtB4_13SqliteStorageNtNtNtCsyXBwHmtrR2_14logripper_core7storage5ports13EngineStorage7logbook
FN:497,_RNvNtCsbL7Vu7ng6U8_24logripper_storage_sqlite5testss_38sqlite_storage_lists_qsos_with_filters
FN:539,_RNvNtCsbL7Vu7ng6U8_24logripper_storage_sqlite5testss_40sqlite_storage_persists_lookup_snapshots
FN:474,_RNvNtCsbL7Vu7ng6U8_24logripper_storage_sqlite5testss_54sqlite_storage_round_trips_qsos_through_logbook_engine
FN:380,_RINvCsbL7Vu7ng6U8_24logripper_storage_sqlite14encode_messageNtNtNtNtCsyXBwHmtrR2_14logripper_core5proto9logripper6domain12LookupResultEB2_
FN:380,_RINvCsbL7Vu7ng6U8_24logripper_storage_sqlite14encode_messageNtNtNtNtCsyXBwHmtrR2_14logripper_core5proto9logripper6domain9QsoRecordEB2_
FN:411,_RINvCsbL7Vu7ng6U8_24logripper_storage_sqlite14query_optionalINtNtCsaFPxhswmqCN_5alloc3vec3VechEEB2_
FN:411,_RINvCsbL7Vu7ng6U8_24logripper_storage_sqlite14query_optionalxEB2_
FN:83,_RNCNCNvXs0_CsbL7Vu7ng6U8_24logripper_storage_sqliteNtB9_13SqliteStorageNtNtNtCsyXBwHmtrR2_14logripper_core7storage5ports12LogbookStore10insert_qso00B9_
FN:242,_RNCNCNvXs0_CsbL7Vu7ng6U8_24logripper_storage_sqliteNtB9_13SqliteStorageNtNtNtCsyXBwHmtrR2_14logripper_core7storage5ports12LogbookStore10qso_counts00B9_
FN:244,_RNCNCNvXs0_CsbL7Vu7ng6U8_24logripper_storage_sqliteNtB9_13SqliteStorageNtNtNtCsyXBwHmtrR2_14logripper_core7storage5ports12LogbookStore10qso_counts0s_0B9_
FN:264,_RNCNCNvXs0_CsbL7Vu7ng6U8_24logripper_storage_sqliteNtB9_13SqliteStorageNtNtNtCsyXBwHmtrR2_14logripper_core7storage5ports12LogbookStore17get_sync_metadata00B9_
FN:150,_RNCNCNvXs0_CsbL7Vu7ng6U8_24logripper_storage_sqliteNtB9_13SqliteStorageNtNtNtCsyXBwHmtrR2_14logripper_core7storage5ports12LogbookStore7get_qso00B9_
FN:221,_RNCNCNvXs0_CsbL7Vu7ng6U8_24logripper_storage_sqliteNtB9_13SqliteStorageNtNtNtCsyXBwHmtrR2_14logripper_core7storage5ports12LogbookStore9list_qsos00B9_
FN:320,_RNCNCNvXs1_CsbL7Vu7ng6U8_24logripper_storage_sqliteNtB9_13SqliteStorageNtNtNtCsyXBwHmtrR2_14logripper_core7storage5ports19LookupSnapshotStore19get_lookup_snapshot00B9_
FN:385,_RNCNvCsbL7Vu7ng6U8_24logripper_storage_sqlite10decode_qso0B3_
FN:455,_RNCNvCsbL7Vu7ng6U8_24logripper_storage_sqlite19millis_to_timestamp0B3_
FN:450,_RNCNvCsbL7Vu7ng6U8_24logripper_storage_sqlite19timestamp_to_millis0B3_
FN:27,_RNCNvMCsbL7Vu7ng6U8_24logripper_storage_sqliteNtB4_13SqliteStorage10connection0B4_
FN:533,_RNCNCNvNtCsbL7Vu7ng6U8_24logripper_storage_sqlite5testss_38sqlite_storage_lists_qsos_with_filters00B7_
FN:497,_RNCNvNtCsbL7Vu7ng6U8_24logripper_storage_sqlite5testss_38sqlite_storage_lists_qsos_with_filters0B5_
FN:539,_RNCNvNtCsbL7Vu7ng6U8_24logripper_storage_sqlite5testss_40sqlite_storage_persists_lookup_snapshots0B5_
FN:474,_RNCNvNtCsbL7Vu7ng6U8_24logripper_storage_sqlite5testss_54sqlite_storage_round_trips_qsos_through_logbook_engine0B5_
FNDA:4,_RNvCscWS1MU1tDak_24logripper_storage_sqlite10decode_qso
FNDA:0,_RNvCscWS1MU1tDak_24logripper_storage_sqlite16map_insert_error
FNDA:0,_RNvCscWS1MU1tDak_24logripper_storage_sqlite16map_sqlite_error
FNDA:4,_RNvCscWS1MU1tDak_24logripper_storage_sqlite17execute_statement
FNDA:12,_RNvCscWS1MU1tDak_24logripper_storage_sqlite17prepare_statement
FNDA:1,_RNvCscWS1MU1tDak_24logripper_storage_sqlite19millis_to_timestamp
FNDA:9,_RNvCscWS1MU1tDak_24logripper_storage_sqlite19timestamp_to_millis
FNDA:11,_RNvMCscWS1MU1tDak_24logripper_storage_sqliteNtB2_13SqliteStorage10connection
FNDA:1,_RNvXs0_CscWS1MU1tDak_24logripper_storage_sqliteNtB5_13SqliteStorageNtNtNtCsyXBwHmtrR2_14logripper_core7storage5ports12LogbookStore10delete_qso
FNDA:2,_RNvXs0_CscWS1MU1tDak_24logripper_storage_sqliteNtB5_13SqliteStorageNtNtNtCsyXBwHmtrR2_14logripper_core7storage5ports12LogbookStore10insert_qso
FNDA:1,_RNvXs0_CscWS1MU1tDak_24logripper_storage_sqliteNtB5_13SqliteStorageNtNtNtCsyXBwHmtrR2_14logripper_core7storage5ports12LogbookStore10qso_counts
FNDA:1,_RNvXs0_CscWS1MU1tDak_24logripper_storage_sqliteNtB5_13SqliteStorageNtNtNtCsyXBwHmtrR2_14logripper_core7storage5ports12LogbookStore10update_qso
FNDA:1,_RNvXs0_CscWS1MU1tDak_24logripper_storage_sqliteNtB5_13SqliteStorageNtNtNtCsyXBwHmtrR2_14logripper_core7storage5ports12LogbookStore17get_sync_metadata
FNDA:0,_RNvXs0_CscWS1MU1tDak_24logripper_storage_sqliteNtB5_13SqliteStorageNtNtNtCsyXBwHmtrR2_14logripper_core7storage5ports12LogbookStore20upsert_sync_metadata
FNDA:4,_RNvXs0_CscWS1MU1tDak_24logripper_storage_sqliteNtB5_13SqliteStorageNtNtNtCsyXBwHmtrR2_14logripper_core7storage5ports12LogbookStore7get_qso
FNDA:1,_RNvXs0_CscWS1MU1tDak_24logripper_storage_sqliteNtB5_13SqliteStorageNtNtNtCsyXBwHmtrR2_14logripper_core7storage5ports12LogbookStore9list_qsos
FNDA:0,_RNvXs1_CscWS1MU1tDak_24logripper_storage_sqliteNtB5_13SqliteStorageNtNtNtCsyXBwHmtrR2_14logripper_core7storage5ports19LookupSnapshotStore19get_lookup_snapshot
FNDA:0,_RNvXs1_CscWS1MU1tDak_24logripper_storage_sqliteNtB5_13SqliteStorageNtNtNtCsyXBwHmtrR2_14logripper_core7storage5ports19LookupSnapshotStore22delete_lookup_snapshot
FNDA:0,_RNvXs1_CscWS1MU1tDak_24logripper_storage_sqliteNtB5_13SqliteStorageNtNtNtCsyXBwHmtrR2_14logripper_core7storage5ports19LookupSnapshotStore22upsert_lookup_snapshot
FNDA:19,_RNvXs_CscWS1MU1tDak_24logripper_storage_sqliteNtB4_13SqliteStorageNtNtNtCsyXBwHmtrR2_14logripper_core7storage5ports13EngineStorage12backend_name
FNDA:0,_RNvXs_CscWS1MU1tDak_24logripper_storage_sqliteNtB4_13SqliteStorageNtNtNtCsyXBwHmtrR2_14logripper_core7storage5ports13EngineStorage16lookup_snapshots
FNDA:11,_RNvXs_CscWS1MU1tDak_24logripper_storage_sqliteNtB4_13SqliteStorageNtNtNtCsyXBwHmtrR2_14logripper_core7storage5ports13EngineStorage7logbook
FNDA:0,_RINvCscWS1MU1tDak_24logripper_storage_sqlite14encode_messageNtNtNtNtCsyXBwHmtrR2_14logripper_core5proto9logripper6domain12LookupResultEB2_
FNDA:3,_RINvCscWS1MU1tDak_24logripper_storage_sqlite14encode_messageNtNtNtNtCsyXBwHmtrR2_14logripper_core5proto9logripper6domain9QsoRecordEB2_
FNDA:4,_RINvCscWS1MU1tDak_24logripper_storage_sqlite14query_optionalINtNtCsaFPxhswmqCN_5alloc3vec3VechEEB2_
FNDA:2,_RINvCscWS1MU1tDak_24logripper_storage_sqlite14query_optionalxEB2_
FNDA:0,_RNCNCNvXs0_CscWS1MU1tDak_24logripper_storage_sqliteNtB9_13SqliteStorageNtNtNtCsyXBwHmtrR2_14logripper_core7storage5ports12LogbookStore10insert_qso00B9_
FNDA:0,_RNCNCNvXs0_CscWS1MU1tDak_24logripper_storage_sqliteNtB9_13SqliteStorageNtNtNtCsyXBwHmtrR2_14logripper_core7storage5ports12LogbookStore10qso_counts00B9_
FNDA:0,_RNCNCNvXs0_CscWS1MU1tDak_24logripper_storage_sqliteNtB9_13SqliteStorageNtNtNtCsyXBwHmtrR2_14logripper_core7storage5ports12LogbookStore10qso_counts0s_0B9_
FNDA:0,_RNCNCNvXs0_CscWS1MU1tDak_24logripper_storage_sqliteNtB9_13SqliteStorageNtNtNtCsyXBwHmtrR2_14logripper_core7storage5ports12LogbookStore17get_sync_metadata00B9_
FNDA:3,_RNCNCNvXs0_CscWS1MU1tDak_24logripper_storage_sqliteNtB9_13SqliteStorageNtNtNtCsyXBwHmtrR2_14logripper_core7storage5ports12LogbookStore7get_qso00B9_
FNDA:1,_RNCNCNvXs0_CscWS1MU1tDak_24logripper_storage_sqliteNtB9_13SqliteStorageNtNtNtCsyXBwHmtrR2_14logripper_core7storage5ports12LogbookStore9list_qsos00B9_
FNDA:0,_RNCNCNvXs1_CscWS1MU1tDak_24logripper_storage_sqliteNtB9_13SqliteStorageNtNtNtCsyXBwHmtrR2_14logripper_core7storage5ports19LookupSnapshotStore19get_lookup_snapshot00B9_
FNDA:0,_RNCNvCscWS1MU1tDak_24logripper_storage_sqlite10decode_qso0B3_
FNDA:0,_RNCNvCscWS1MU1tDak_24logripper_storage_sqlite19millis_to_timestamp0B3_
FNDA:9,_RNCNvCscWS1MU1tDak_24logripper_storage_sqlite19timestamp_to_millis0B3_
FNDA:0,_RNCNvMCscWS1MU1tDak_24logripper_storage_sqliteNtB4_13SqliteStorage10connection0B4_
FNDA:2,_RNvCsbL7Vu7ng6U8_24logripper_storage_sqlite10decode_qso
FNDA:0,_RNvCsbL7Vu7ng6U8_24logripper_storage_sqlite16map_insert_error
FNDA:0,_RNvCsbL7Vu7ng6U8_24logripper_storage_sqlite16map_sqlite_error
FNDA:4,_RNvCsbL7Vu7ng6U8_24logripper_storage_sqlite17execute_statement
FNDA:7,_RNvCsbL7Vu7ng6U8_24logripper_storage_sqlite17prepare_statement
FNDA:2,_RNvCsbL7Vu7ng6U8_24logripper_storage_sqlite19millis_to_timestamp
FNDA:11,_RNvCsbL7Vu7ng6U8_24logripper_storage_sqlite19timestamp_to_millis
FNDA:7,_RNvMCsbL7Vu7ng6U8_24logripper_storage_sqliteNtB2_13SqliteStorage10connection
FNDA:0,_RNvXs0_CsbL7Vu7ng6U8_24logripper_storage_sqliteNtB5_13SqliteStorageNtNtNtCsyXBwHmtrR2_14logripper_core7storage5ports12LogbookStore10delete_qso
FNDA:3,_RNvXs0_CsbL7Vu7ng6U8_24logripper_storage_sqliteNtB5_13SqliteStorageNtNtNtCsyXBwHmtrR2_14logripper_core7storage5ports12LogbookStore10insert_qso
FNDA:0,_RNvXs0_CsbL7Vu7ng6U8_24logripper_storage_sqliteNtB5_13SqliteStorageNtNtNtCsyXBwHmtrR2_14logripper_core7storage5ports12LogbookStore10qso_counts
FNDA:0,_RNvXs0_CsbL7Vu7ng6U8_24logripper_storage_sqliteNtB5_13SqliteStorageNtNtNtCsyXBwHmtrR2_14logripper_core7storage5ports12LogbookStore10update_qso
FNDA:0,_RNvXs0_CsbL7Vu7ng6U8_24logripper_storage_sqliteNtB5_13SqliteStorageNtNtNtCsyXBwHmtrR2_14logripper_core7storage5ports12LogbookStore17get_sync_metadata
FNDA:0,_RNvXs0_CsbL7Vu7ng6U8_24logripper_storage_sqliteNtB5_13SqliteStorageNtNtNtCsyXBwHmtrR2_14logripper_core7storage5ports12LogbookStore20upsert_sync_metadata
FNDA:1,_RNvXs0_CsbL7Vu7ng6U8_24logripper_storage_sqliteNtB5_13SqliteStorageNtNtNtCsyXBwHmtrR2_14logripper_core7storage5ports12LogbookStore7get_qso
FNDA:1,_RNvXs0_CsbL7Vu7ng6U8_24logripper_storage_sqliteNtB5_13SqliteStorageNtNtNtCsyXBwHmtrR2_14logripper_core7storage5ports12LogbookStore9list_qsos
FNDA:1,_RNvXs1_CsbL7Vu7ng6U8_24logripper_storage_sqliteNtB5_13SqliteStorageNtNtNtCsyXBwHmtrR2_14logripper_core7storage5ports19LookupSnapshotStore19get_lookup_snapshot
FNDA:0,_RNvXs1_CsbL7Vu7ng6U8_24logripper_storage_sqliteNtB5_13SqliteStorageNtNtNtCsyXBwHmtrR2_14logripper_core7storage5ports19LookupSnapshotStore22delete_lookup_snapshot
FNDA:1,_RNvXs1_CsbL7Vu7ng6U8_24logripper_storage_sqliteNtB5_13SqliteStorageNtNtNtCsyXBwHmtrR2_14logripper_core7storage5ports19LookupSnapshotStore22upsert_lookup_snapshot
FNDA:0,_RNvXs_CsbL7Vu7ng6U8_24logripper_storage_sqliteNtB4_13SqliteStorageNtNtNtCsyXBwHmtrR2_14logripper_core7storage5ports13EngineStorage12backend_name
FNDA:0,_RNvXs_CsbL7Vu7ng6U8_24logripper_storage_sqliteNtB4_13SqliteStorageNtNtNtCsyXBwHmtrR2_14logripper_core7storage5ports13EngineStorage16lookup_snapshots
FNDA:5,_RNvXs_CsbL7Vu7ng6U8_24logripper_storage_sqliteNtB4_13SqliteStorageNtNtNtCsyXBwHmtrR2_14logripper_core7storage5ports13EngineStorage7logbook
FNDA:1,_RNvNtCsbL7Vu7ng6U8_24logripper_storage_sqlite5testss_38sqlite_storage_lists_qsos_with_filters
FNDA:1,_RNvNtCsbL7Vu7ng6U8_24logripper_storage_sqlite5testss_40sqlite_storage_persists_lookup_snapshots
FNDA:1,_RNvNtCsbL7Vu7ng6U8_24logripper_storage_sqlite5testss_54sqlite_storage_round_trips_qsos_through_logbook_engine
FNDA:1,_RINvCsbL7Vu7ng6U8_24logripper_storage_sqlite14encode_messageNtNtNtNtCsyXBwHmtrR2_14logripper_core5proto9logripper6domain12LookupResultEB2_
FNDA:3,_RINvCsbL7Vu7ng6U8_24logripper_storage_sqlite14encode_messageNtNtNtNtCsyXBwHmtrR2_14logripper_core5proto9logripper6domain9QsoRecordEB2_
FNDA:1,_RINvCsbL7Vu7ng6U8_24logripper_storage_sqlite14query_optionalINtNtCsaFPxhswmqCN_5alloc3vec3VechEEB2_
FNDA:0,_RINvCsbL7Vu7ng6U8_24logripper_storage_sqlite14query_optionalxEB2_
FNDA:0,_RNCNCNvXs0_CsbL7Vu7ng6U8_24logripper_storage_sqliteNtB9_13SqliteStorageNtNtNtCsyXBwHmtrR2_14logripper_core7storage5ports12LogbookStore10insert_qso00B9_
FNDA:0,_RNCNCNvXs0_CsbL7Vu7ng6U8_24logripper_storage_sqliteNtB9_13SqliteStorageNtNtNtCsyXBwHmtrR2_14logripper_core7storage5ports12LogbookStore10qso_counts00B9_
FNDA:0,_RNCNCNvXs0_CsbL7Vu7ng6U8_24logripper_storage_sqliteNtB9_13SqliteStorageNtNtNtCsyXBwHmtrR2_14logripper_core7storage5ports12LogbookStore10qso_counts0s_0B9_
FNDA:0,_RNCNCNvXs0_CsbL7Vu7ng6U8_24logripper_storage_sqliteNtB9_13SqliteStorageNtNtNtCsyXBwHmtrR2_14logripper_core7storage5ports12LogbookStore17get_sync_metadata00B9_
FNDA:1,_RNCNCNvXs0_CsbL7Vu7ng6U8_24logripper_storage_sqliteNtB9_13SqliteStorageNtNtNtCsyXBwHmtrR2_14logripper_core7storage5ports12LogbookStore7get_qso00B9_
FNDA:1,_RNCNCNvXs0_CsbL7Vu7ng6U8_24logripper_storage_sqliteNtB9_13SqliteStorageNtNtNtCsyXBwHmtrR2_14logripper_core7storage5ports12LogbookStore9list_qsos00B9_
FNDA:0,_RNCNCNvXs1_CsbL7Vu7ng6U8_24logripper_storage_sqliteNtB9_13SqliteStorageNtNtNtCsyXBwHmtrR2_14logripper_core7storage5ports19LookupSnapshotStore19get_lookup_snapshot00B9_
FNDA:0,_RNCNvCsbL7Vu7ng6U8_24logripper_storage_sqlite10decode_qso0B3_
FNDA:1,_RNCNvCsbL7Vu7ng6U8_24logripper_storage_sqlite19millis_to_timestamp0B3_
FNDA:10,_RNCNvCsbL7Vu7ng6U8_24logripper_storage_sqlite19timestamp_to_millis0B3_
FNDA:0,_RNCNvMCsbL7Vu7ng6U8_24logripper_storage_sqliteNtB4_13SqliteStorage10connection0B4_
FNDA:1,_RNCNCNvNtCsbL7Vu7ng6U8_24logripper_storage_sqlite5testss_38sqlite_storage_lists_qsos_with_filters00B7_
FNDA:1,_RNCNvNtCsbL7Vu7ng6U8_24logripper_storage_sqlite5testss_38sqlite_storage_lists_qsos_with_filters0B5_
FNDA:1,_RNCNvNtCsbL7Vu7ng6U8_24logripper_storage_sqlite5testss_40sqlite_storage_persists_lookup_snapshots0B5_
FNDA:1,_RNCNvNtCsbL7Vu7ng6U8_24logripper_storage_sqlite5testss_54sqlite_storage_round_trips_qsos_through_logbook_engine0B5_
FNF:42
FNH:30
DA:24,18
DA:25,18
DA:26,18
DA:27,18
DA:28,18
DA:32,16
DA:33,16
DA:34,16
DA:36,0
DA:37,0
DA:38,0
DA:40,19
DA:41,19
DA:42,19
DA:47,5
DA:83,0
DA:86,5
DA:88,1
DA:126,1
DA:128,1
DA:138,1
DA:140,5
DA:150,4
DA:151,5
DA:153,2
DA:179,2
DA:184,2
DA:194,2
DA:203,2
DA:221,2
DA:223,2
DA:225,1
DA:242,0
DA:244,0
DA:246,1
DA:248,1
DA:264,0
DA:276,1
DA:278,0
DA:297,0
DA:305,1
DA:320,0
DA:340,1
DA:342,1
DA:365,1
DA:367,0
DA:377,0
DA:380,7
DA:381,7
DA:382,7
DA:384,6
DA:385,6
DA:386,6
DA:388,19
DA:389,19
DA:390,19
DA:391,19
DA:392,19
DA:393,19
DA:394,19
DA:395,17
DA:396,2
DA:398,19
DA:399,19
DA:401,8
DA:402,8
DA:403,8
DA:404,8
DA:405,8
DA:406,8
DA:407,8
DA:408,8
DA:409,8
DA:411,7
DA:412,7
DA:413,7
DA:414,7
DA:415,7
DA:416,7
DA:417,7
DA:418,7
DA:420,7
DA:421,7
DA:422,6
DA:423,1
DA:425,7
DA:427,0
DA:428,0
DA:429,0
DA:430,0
DA:432,0
DA:434,0
DA:436,0
DA:438,0
DA:439,0
DA:440,0
DA:441,0
DA:442,0
DA:443,0
DA:446,0
DA:447,0
DA:449,20
DA:450,20
DA:451,20
DA:453,3
DA:454,3
DA:455,1
DA:456,1
DA:457,1
DA:458,3
DA:474,1
DA:475,1
DA:476,1
DA:477,1
DA:478,1
DA:479,1
DA:480,1
DA:481,1
DA:482,1
DA:483,1
DA:484,1
DA:485,1
DA:487,1
DA:488,1
DA:490,1
DA:491,1
DA:492,1
DA:493,1
DA:494,1
DA:497,1
DA:498,1
DA:499,1
DA:500,1
DA:502,1
DA:503,1
DA:504,1
DA:505,1
DA:506,1
DA:507,1
DA:508,1
DA:509,1
DA:510,1
DA:511,1
DA:512,1
DA:513,1
DA:514,1
DA:515,1
DA:516,1
DA:517,1
DA:518,1
DA:520,1
DA:521,1
DA:523,1
DA:524,1
DA:525,1
DA:526,1
DA:527,1
DA:528,1
DA:529,1
DA:531,1
DA:532,1
DA:533,1
DA:534,1
DA:535,1
DA:536,1
DA:539,1
DA:540,1
DA:541,1
DA:542,1
DA:543,1
DA:544,1
DA:545,1
DA:546,1
DA:547,1
DA:548,1
DA:549,1
DA:550,1
DA:551,1
DA:552,1
DA:553,1
DA:555,1
DA:556,1
DA:558,1
DA:559,0
DA:562,1
DA:563,1
DA:564,1
BRF:0
BRH:0
LF:198
LH:168
end_of_record