SF:C:\Users\randy\Git\qsoripper-adif-refresh\src\rust\qsoripper-core\src\adif\mapper.rs
FN:336,_RNvMNtNtCsgPbJLsevrBc_14qsoripper_core4adif6mapperNtB2_10AdifMapper10qso_to_adi
FN:29,_RNvMNtNtCsgPbJLsevrBc_14qsoripper_core4adif6mapperNtB2_10AdifMapper13record_to_qso
FN:327,_RNvMNtNtCsgPbJLsevrBc_14qsoripper_core4adif6mapperNtB2_10AdifMapper18qso_to_adif_fields
FN:343,_RNvMNtNtCsgPbJLsevrBc_14qsoripper_core4adif6mapperNtB2_10AdifMapper27qso_to_adif_fields_borrowed
FN:738,_RNvNtNtCsgPbJLsevrBc_14qsoripper_core4adif6mapper10mhz_to_khz
FN:664,_RNvNtNtCsgPbJLsevrBc_14qsoripper_core4adif6mapper16format_adif_date
FN:786,_RNvNtNtCsgPbJLsevrBc_14qsoripper_core4adif6mapper19field_is_overridden
FN:611,_RNvNtNtCsgPbJLsevrBc_14qsoripper_core4adif6mapper19parse_adif_datetime
FN:670,_RNvNtNtCsgPbJLsevrBc_14qsoripper_core4adif6mapper19parse_adif_location
FN:656,_RNvNtNtCsgPbJLsevrBc_14qsoripper_core4adif6mapper20format_adif_datetime
FN:702,_RNvNtNtCsgPbJLsevrBc_14qsoripper_core4adif6mapper20format_adif_location
FN:761,_RNvNtNtCsgPbJLsevrBc_14qsoripper_core4adif6mapper22map_confirmation_field
FN:751,_RNvNtNtCsgPbJLsevrBc_14qsoripper_core4adif6mapper23parse_confirmation_bool
FN:774,_RNvNtNtCsgPbJLsevrBc_14qsoripper_core4adif6mapper23push_confirmation_field
FN:577,_RINvMNtNtCsgPbJLsevrBc_14qsoripper_core4adif6mapperNtB3_10AdifMapper13fields_to_adiINtNtCs2ocB3yIIgEv_5alloc6borrow3CoweEB1j_EB7_
FN:602,_RINvNtNtCsgPbJLsevrBc_14qsoripper_core4adif6mapper10push_fieldReBY_EB6_
FN:602,_RINvNtNtCsgPbJLsevrBc_14qsoripper_core4adif6mapper10push_fieldReNtNtCs2ocB3yIIgEv_5alloc6string6StringEB6_
FN:582,_RNCINvMNtNtCsgPbJLsevrBc_14qsoripper_core4adif6mapperNtB5_10AdifMapper13fields_to_adiINtNtCs2ocB3yIIgEv_5alloc6borrow3CoweEB1l_E0B9_
FN:86,_RNCNvMNtNtCsgPbJLsevrBc_14qsoripper_core4adif6mapperNtB4_10AdifMapper13record_to_qso0B8_
FN:330,_RNCNvMNtNtCsgPbJLsevrBc_14qsoripper_core4adif6mapperNtB4_10AdifMapper18qso_to_adif_fields0B8_
FN:350,_RNCNvMNtNtCsgPbJLsevrBc_14qsoripper_core4adif6mapperNtB4_10AdifMapper27qso_to_adif_fields_borrowed0B8_
FN:352,_RNCNvMNtNtCsgPbJLsevrBc_14qsoripper_core4adif6mapperNtB4_10AdifMapper27qso_to_adif_fields_borroweds0_0B8_
FN:365,_RNCNvMNtNtCsgPbJLsevrBc_14qsoripper_core4adif6mapperNtB4_10AdifMapper27qso_to_adif_fields_borroweds1_0B8_
FN:485,_RNCNvMNtNtCsgPbJLsevrBc_14qsoripper_core4adif6mapperNtB4_10AdifMapper27qso_to_adif_fields_borroweds2_0B8_
FN:491,_RNCNvMNtNtCsgPbJLsevrBc_14qsoripper_core4adif6mapperNtB4_10AdifMapper27qso_to_adif_fields_borroweds3_0B8_
FN:351,_RNCNvMNtNtCsgPbJLsevrBc_14qsoripper_core4adif6mapperNtB4_10AdifMapper27qso_to_adif_fields_borroweds_0B8_
FN:800,_RNCNvNtNtCsgPbJLsevrBc_14qsoripper_core4adif6mapper19field_is_overridden0B7_
FN:813,_RNCNvNtNtCsgPbJLsevrBc_14qsoripper_core4adif6mapper19field_is_overriddens0_0B7_
FN:817,_RNCNvNtNtCsgPbJLsevrBc_14qsoripper_core4adif6mapper19field_is_overriddens1_0B7_
FN:821,_RNCNvNtNtCsgPbJLsevrBc_14qsoripper_core4adif6mapper19field_is_overriddens2_0B7_
FN:825,_RNCNvNtNtCsgPbJLsevrBc_14qsoripper_core4adif6mapper19field_is_overriddens3_0B7_
FN:829,_RNCNvNtNtCsgPbJLsevrBc_14qsoripper_core4adif6mapper19field_is_overriddens4_0B7_
FN:805,_RNCNvNtNtCsgPbJLsevrBc_14qsoripper_core4adif6mapper19field_is_overriddens_0B7_
FN:853,_RNCNvNtNtCsgPbJLsevrBc_14qsoripper_core4adif6mapper19field_is_overriddensa_0B7_
FN:878,_RNvNtNtNtCs5kss5fdZ6xS_14qsoripper_core4adif6mapper5tests16make_test_record
FN:1371,_RNvNtNtNtCs5kss5fdZ6xS_14qsoripper_core4adif6mapper5testss_17adi_format_output
FN:1538,_RNvNtNtNtCs5kss5fdZ6xS_14qsoripper_core4adif6mapper5testss_24frequency_to_khz_precise
FN:977,_RNvNtNtNtCs5kss5fdZ6xS_14qsoripper_core4adif6mapper5testss_24record_to_qso_qsl_fields
FN:1627,_RNvNtNtNtCs5kss5fdZ6xS_14qsoripper_core4adif6mapper5testss_25adif_location_round_trips
FN:900,_RNvNtNtNtCs5kss5fdZ6xS_14qsoripper_core4adif6mapper5testss_25record_to_qso_core_fields
FN:1528,_RNvNtNtNtCs5kss5fdZ6xS_14qsoripper_core4adif6mapper5testss_27frequency_to_khz_conversion
FN:1042,_RNvNtNtNtCs5kss5fdZ6xS_14qsoripper_core4adif6mapper5testss_28record_to_qso_contest_fields
FN:919,_RNvNtNtNtCs5kss5fdZ6xS_14qsoripper_core4adif6mapper5testss_28record_to_qso_signal_reports
FN:1616,_RNvNtNtNtCs5kss5fdZ6xS_14qsoripper_core4adif6mapper5testss_29non_ascii_date_does_not_panic
FN:1244,_RNvNtNtNtCs5kss5fdZ6xS_14qsoripper_core4adif6mapper5testss_29qso_to_adif_fields_round_trip
FN:1548,_RNvNtNtNtCs5kss5fdZ6xS_14qsoripper_core4adif6mapper5testss_30negative_frequency_is_rejected
FN:950,_RNvNtNtNtCs5kss5fdZ6xS_14qsoripper_core4adif6mapper5testss_30record_to_qso_timestamp_4digit
FN:963,_RNvNtNtNtCs5kss5fdZ6xS_14qsoripper_core4adif6mapper5testss_30record_to_qso_timestamp_6digit
FN:1264,_RNvNtNtNtCs5kss5fdZ6xS_14qsoripper_core4adif6mapper5testss_32record_to_qso_maps_end_timestamp
FN:1164,_RNvNtNtNtCs5kss5fdZ6xS_14qsoripper_core4adif6mapper5testss_32record_to_qso_propagation_fields
FN:1208,_RNvNtNtNtCs5kss5fdZ6xS_14qsoripper_core4adif6mapper5testss_34import_only_mode_c4fm_sets_submode
FN:1093,_RNvNtNtNtCs5kss5fdZ6xS_14qsoripper_core4adif6mapper5testss_35record_to_qso_geographic_enrichment
FN:1561,_RNvNtNtNtCs5kss5fdZ6xS_14qsoripper_core4adif6mapper5testss_36negative_nanos_does_not_corrupt_date
FN:1178,_RNvNtNtNtCs5kss5fdZ6xS_14qsoripper_core4adif6mapper5testss_36record_to_qso_extra_fields_preserved
FN:893,_RNvNtNtNtCs5kss5fdZ6xS_14qsoripper_core4adif6mapper5testss_37record_to_qso_generates_uuid_local_id
FN:1282,_RNvNtNtNtCs5kss5fdZ6xS_14qsoripper_core4adif6mapper5testss_38qso_to_adif_fields_emits_end_timestamp
FN:936,_RNvNtNtNtCs5kss5fdZ6xS_14qsoripper_core4adif6mapper5testss_41record_to_qso_parses_three_digit_rst_tone
FN:1511,_RNvNtNtNtCs5kss5fdZ6xS_14qsoripper_core4adif6mapper5testss_42operator_fallback_when_no_station_callsign
FN:1135,_RNvNtNtNtCs5kss5fdZ6xS_14qsoripper_core4adif6mapper5testss_42record_to_qso_maps_station_snapshot_fields
FN:1585,_RNvNtNtNtCs5kss5fdZ6xS_14qsoripper_core4adif6mapper5testss_46invalid_qsl_dates_fall_back_to_overflow_fields
FN:1058,_RNvNtNtNtCs5kss5fdZ6xS_14qsoripper_core4adif6mapper5testss_48invalid_core_fields_are_preserved_for_round_trip
FN:1307,_RNvNtNtNtCs5kss5fdZ6xS_14qsoripper_core4adif6mapper5testss_48qso_to_adif_fields_emits_station_snapshot_fields
FN:1219,_RNvNtNtNtCs5kss5fdZ6xS_14qsoripper_core4adif6mapper5testss_48submode_aliases_in_mode_field_map_to_parent_mode
FN:1013,_RNvNtNtNtCs5kss5fdZ6xS_14qsoripper_core4adif6mapper5testss_53non_boolean_lotw_eqsl_values_preserved_for_round_trip
FN:1383,_RNvNtNtNtCs5kss5fdZ6xS_14qsoripper_core4adif6mapper5testss_56qso_to_adif_fields_emits_n_for_false_confirmation_fields
FN:1406,_RNvNtNtNtCs5kss5fdZ6xS_14qsoripper_core4adif6mapper5testss_57dedicated_fields_do_not_duplicate_overridden_extra_fields
FN:1121,_RNvNtNtNtCs5kss5fdZ6xS_14qsoripper_core4adif6mapper5testss_61dxcc_enrichment_populates_missing_country_continent_and_zones
FN:1342,_RNvNtNtNtCs5kss5fdZ6xS_14qsoripper_core4adif6mapper5testss_70qso_to_adif_fields_emits_contacted_operator_arrl_section_and_qsl_dates
FN:336,_RNvMNtNtCs5kss5fdZ6xS_14qsoripper_core4adif6mapperNtB2_10AdifMapper10qso_to_adi
FN:29,_RNvMNtNtCs5kss5fdZ6xS_14qsoripper_core4adif6mapperNtB2_10AdifMapper13record_to_qso
FN:327,_RNvMNtNtCs5kss5fdZ6xS_14qsoripper_core4adif6mapperNtB2_10AdifMapper18qso_to_adif_fields
FN:343,_RNvMNtNtCs5kss5fdZ6xS_14qsoripper_core4adif6mapperNtB2_10AdifMapper27qso_to_adif_fields_borrowed
FN:738,_RNvNtNtCs5kss5fdZ6xS_14qsoripper_core4adif6mapper10mhz_to_khz
FN:664,_RNvNtNtCs5kss5fdZ6xS_14qsoripper_core4adif6mapper16format_adif_date
FN:786,_RNvNtNtCs5kss5fdZ6xS_14qsoripper_core4adif6mapper19field_is_overridden
FN:611,_RNvNtNtCs5kss5fdZ6xS_14qsoripper_core4adif6mapper19parse_adif_datetime
FN:670,_RNvNtNtCs5kss5fdZ6xS_14qsoripper_core4adif6mapper19parse_adif_location
FN:656,_RNvNtNtCs5kss5fdZ6xS_14qsoripper_core4adif6mapper20format_adif_datetime
FN:702,_RNvNtNtCs5kss5fdZ6xS_14qsoripper_core4adif6mapper20format_adif_location
FN:761,_RNvNtNtCs5kss5fdZ6xS_14qsoripper_core4adif6mapper22map_confirmation_field
FN:751,_RNvNtNtCs5kss5fdZ6xS_14qsoripper_core4adif6mapper23parse_confirmation_bool
FN:774,_RNvNtNtCs5kss5fdZ6xS_14qsoripper_core4adif6mapper23push_confirmation_field
FN:577,_RINvMNtNtCs5kss5fdZ6xS_14qsoripper_core4adif6mapperNtB3_10AdifMapper13fields_to_adiINtNtCs2ocB3yIIgEv_5alloc6borrow3CoweEB1j_EB7_
FN:577,_RINvMNtNtCs5kss5fdZ6xS_14qsoripper_core4adif6mapperNtB3_10AdifMapper13fields_to_adiNtNtCs2ocB3yIIgEv_5alloc6string6StringB1j_EB7_
FN:602,_RINvNtNtCs5kss5fdZ6xS_14qsoripper_core4adif6mapper10push_fieldReBY_EB6_
FN:602,_RINvNtNtCs5kss5fdZ6xS_14qsoripper_core4adif6mapper10push_fieldReNtNtCs2ocB3yIIgEv_5alloc6string6StringEB6_
FN:582,_RNCINvMNtNtCs5kss5fdZ6xS_14qsoripper_core4adif6mapperNtB5_10AdifMapper13fields_to_adiINtNtCs2ocB3yIIgEv_5alloc6borrow3CoweEB1l_E0B9_
FN:582,_RNCINvMNtNtCs5kss5fdZ6xS_14qsoripper_core4adif6mapperNtB5_10AdifMapper13fields_to_adiNtNtCs2ocB3yIIgEv_5alloc6string6StringB1l_E0B9_
FN:86,_RNCNvMNtNtCs5kss5fdZ6xS_14qsoripper_core4adif6mapperNtB4_10AdifMapper13record_to_qso0B8_
FN:330,_RNCNvMNtNtCs5kss5fdZ6xS_14qsoripper_core4adif6mapperNtB4_10AdifMapper18qso_to_adif_fields0B8_
FN:350,_RNCNvMNtNtCs5kss5fdZ6xS_14qsoripper_core4adif6mapperNtB4_10AdifMapper27qso_to_adif_fields_borrowed0B8_
FN:352,_RNCNvMNtNtCs5kss5fdZ6xS_14qsoripper_core4adif6mapperNtB4_10AdifMapper27qso_to_adif_fields_borroweds0_0B8_
FN:365,_RNCNvMNtNtCs5kss5fdZ6xS_14qsoripper_core4adif6mapperNtB4_10AdifMapper27qso_to_adif_fields_borroweds1_0B8_
FN:485,_RNCNvMNtNtCs5kss5fdZ6xS_14qsoripper_core4adif6mapperNtB4_10AdifMapper27qso_to_adif_fields_borroweds2_0B8_
FN:491,_RNCNvMNtNtCs5kss5fdZ6xS_14qsoripper_core4adif6mapperNtB4_10AdifMapper27qso_to_adif_fields_borroweds3_0B8_
FN:351,_RNCNvMNtNtCs5kss5fdZ6xS_14qsoripper_core4adif6mapperNtB4_10AdifMapper27qso_to_adif_fields_borroweds_0B8_
FN:800,_RNCNvNtNtCs5kss5fdZ6xS_14qsoripper_core4adif6mapper19field_is_overridden0B7_
FN:813,_RNCNvNtNtCs5kss5fdZ6xS_14qsoripper_core4adif6mapper19field_is_overriddens0_0B7_
FN:817,_RNCNvNtNtCs5kss5fdZ6xS_14qsoripper_core4adif6mapper19field_is_overriddens1_0B7_
FN:821,_RNCNvNtNtCs5kss5fdZ6xS_14qsoripper_core4adif6mapper19field_is_overriddens2_0B7_
FN:825,_RNCNvNtNtCs5kss5fdZ6xS_14qsoripper_core4adif6mapper19field_is_overriddens3_0B7_
FN:829,_RNCNvNtNtCs5kss5fdZ6xS_14qsoripper_core4adif6mapper19field_is_overriddens4_0B7_
FN:805,_RNCNvNtNtCs5kss5fdZ6xS_14qsoripper_core4adif6mapper19field_is_overriddens_0B7_
FN:853,_RNCNvNtNtCs5kss5fdZ6xS_14qsoripper_core4adif6mapper19field_is_overriddensa_0B7_
FN:913,_RNCNvNtNtNtCs5kss5fdZ6xS_14qsoripper_core4adif6mapper5testss_25record_to_qso_core_fields0B9_
FN:1252,_RNCNvNtNtNtCs5kss5fdZ6xS_14qsoripper_core4adif6mapper5testss_29qso_to_adif_fields_round_trip0B9_
FN:1574,_RNCNvNtNtNtCs5kss5fdZ6xS_14qsoripper_core4adif6mapper5testss_36negative_nanos_does_not_corrupt_date0B9_
FN:1299,_RNCNvNtNtNtCs5kss5fdZ6xS_14qsoripper_core4adif6mapper5testss_38qso_to_adif_fields_emits_end_timestamp0B9_
FN:1522,_RNCNvNtNtNtCs5kss5fdZ6xS_14qsoripper_core4adif6mapper5testss_42operator_fallback_when_no_station_callsign0B9_
FN:1608,_RNCNvNtNtNtCs5kss5fdZ6xS_14qsoripper_core4adif6mapper5testss_46invalid_qsl_dates_fall_back_to_overflow_fields0B9_
FN:1328,_RNCNvNtNtNtCs5kss5fdZ6xS_14qsoripper_core4adif6mapper5testss_48qso_to_adif_fields_emits_station_snapshot_fields0B9_
FN:1034,_RNCNvNtNtNtCs5kss5fdZ6xS_14qsoripper_core4adif6mapper5testss_53non_boolean_lotw_eqsl_values_preserved_for_round_trip0B9_
FN:1396,_RNCNvNtNtNtCs5kss5fdZ6xS_14qsoripper_core4adif6mapper5testss_56qso_to_adif_fields_emits_n_for_false_confirmation_fields0B9_
FN:1449,_RNCNvNtNtNtCs5kss5fdZ6xS_14qsoripper_core4adif6mapper5testss_57dedicated_fields_do_not_duplicate_overridden_extra_fields0B9_
FN:1454,_RNCNvNtNtNtCs5kss5fdZ6xS_14qsoripper_core4adif6mapper5testss_57dedicated_fields_do_not_duplicate_overridden_extra_fieldss0_0B9_
FN:1455,_RNCNvNtNtNtCs5kss5fdZ6xS_14qsoripper_core4adif6mapper5testss_57dedicated_fields_do_not_duplicate_overridden_extra_fieldss1_0B9_
FN:1459,_RNCNvNtNtNtCs5kss5fdZ6xS_14qsoripper_core4adif6mapper5testss_57dedicated_fields_do_not_duplicate_overridden_extra_fieldss2_0B9_
FN:1460,_RNCNvNtNtNtCs5kss5fdZ6xS_14qsoripper_core4adif6mapper5testss_57dedicated_fields_do_not_duplicate_overridden_extra_fieldss3_0B9_
FN:1464,_RNCNvNtNtNtCs5kss5fdZ6xS_14qsoripper_core4adif6mapper5testss_57dedicated_fields_do_not_duplicate_overridden_extra_fieldss4_0B9_
FN:1465,_RNCNvNtNtNtCs5kss5fdZ6xS_14qsoripper_core4adif6mapper5testss_57dedicated_fields_do_not_duplicate_overridden_extra_fieldss5_0B9_
FN:1469,_RNCNvNtNtNtCs5kss5fdZ6xS_14qsoripper_core4adif6mapper5testss_57dedicated_fields_do_not_duplicate_overridden_extra_fieldss6_0B9_
FN:1470,_RNCNvNtNtNtCs5kss5fdZ6xS_14qsoripper_core4adif6mapper5testss_57dedicated_fields_do_not_duplicate_overridden_extra_fieldss7_0B9_
FN:1474,_RNCNvNtNtNtCs5kss5fdZ6xS_14qsoripper_core4adif6mapper5testss_57dedicated_fields_do_not_duplicate_overridden_extra_fieldss8_0B9_
FN:1475,_RNCNvNtNtNtCs5kss5fdZ6xS_14qsoripper_core4adif6mapper5testss_57dedicated_fields_do_not_duplicate_overridden_extra_fieldss9_0B9_
FN:1450,_RNCNvNtNtNtCs5kss5fdZ6xS_14qsoripper_core4adif6mapper5testss_57dedicated_fields_do_not_duplicate_overridden_extra_fieldss_0B9_
FN:1479,_RNCNvNtNtNtCs5kss5fdZ6xS_14qsoripper_core4adif6mapper5testss_57dedicated_fields_do_not_duplicate_overridden_extra_fieldssa_0B9_
FN:1480,_RNCNvNtNtNtCs5kss5fdZ6xS_14qsoripper_core4adif6mapper5testss_57dedicated_fields_do_not_duplicate_overridden_extra_fieldssb_0B9_
FN:1484,_RNCNvNtNtNtCs5kss5fdZ6xS_14qsoripper_core4adif6mapper5testss_57dedicated_fields_do_not_duplicate_overridden_extra_fieldssc_0B9_
FN:1485,_RNCNvNtNtNtCs5kss5fdZ6xS_14qsoripper_core4adif6mapper5testss_57dedicated_fields_do_not_duplicate_overridden_extra_fieldssd_0B9_
FN:1489,_RNCNvNtNtNtCs5kss5fdZ6xS_14qsoripper_core4adif6mapper5testss_57dedicated_fields_do_not_duplicate_overridden_extra_fieldsse_0B9_
FN:1490,_RNCNvNtNtNtCs5kss5fdZ6xS_14qsoripper_core4adif6mapper5testss_57dedicated_fields_do_not_duplicate_overridden_extra_fieldssf_0B9_
FN:1494,_RNCNvNtNtNtCs5kss5fdZ6xS_14qsoripper_core4adif6mapper5testss_57dedicated_fields_do_not_duplicate_overridden_extra_fieldssg_0B9_
FN:1495,_RNCNvNtNtNtCs5kss5fdZ6xS_14qsoripper_core4adif6mapper5testss_57dedicated_fields_do_not_duplicate_overridden_extra_fieldssh_0B9_
FN:1361,_RNCNvNtNtNtCs5kss5fdZ6xS_14qsoripper_core4adif6mapper5testss_70qso_to_adif_fields_emits_contacted_operator_arrl_section_and_qsl_dates0B9_
FN:577,_RINvMNtNtCsgPbJLsevrBc_14qsoripper_core4adif6mapperNtB3_10AdifMapper13fields_to_adiNtNtCs2ocB3yIIgEv_5alloc6string6StringB1j_ECske1tuL0gxsN_11stress_test
FN:582,_RNCINvMNtNtCsgPbJLsevrBc_14qsoripper_core4adif6mapperNtB5_10AdifMapper13fields_to_adiNtNtCs2ocB3yIIgEv_5alloc6string6StringB1l_E0Cske1tuL0gxsN_11stress_test
FNDA:12,_RNvMNtNtCsgPbJLsevrBc_14qsoripper_core4adif6mapperNtB2_10AdifMapper10qso_to_adi
FNDA:47,_RNvMNtNtCsgPbJLsevrBc_14qsoripper_core4adif6mapperNtB2_10AdifMapper13record_to_qso
FNDA:8,_RNvMNtNtCsgPbJLsevrBc_14qsoripper_core4adif6mapperNtB2_10AdifMapper18qso_to_adif_fields
FNDA:20,_RNvMNtNtCsgPbJLsevrBc_14qsoripper_core4adif6mapperNtB2_10AdifMapper27qso_to_adif_fields_borrowed
FNDA:19,_RNvNtNtCsgPbJLsevrBc_14qsoripper_core4adif6mapper10mhz_to_khz
FNDA:2,_RNvNtNtCsgPbJLsevrBc_14qsoripper_core4adif6mapper16format_adif_date
FNDA:2006,_RNvNtNtCsgPbJLsevrBc_14qsoripper_core4adif6mapper19field_is_overridden
FNDA:37,_RNvNtNtCsgPbJLsevrBc_14qsoripper_core4adif6mapper19parse_adif_datetime
FNDA:0,_RNvNtNtCsgPbJLsevrBc_14qsoripper_core4adif6mapper19parse_adif_location
FNDA:12,_RNvNtNtCsgPbJLsevrBc_14qsoripper_core4adif6mapper20format_adif_datetime
FNDA:0,_RNvNtNtCsgPbJLsevrBc_14qsoripper_core4adif6mapper20format_adif_location
FNDA:4,_RNvNtNtCsgPbJLsevrBc_14qsoripper_core4adif6mapper22map_confirmation_field
FNDA:4,_RNvNtNtCsgPbJLsevrBc_14qsoripper_core4adif6mapper23parse_confirmation_bool
FNDA:80,_RNvNtNtCsgPbJLsevrBc_14qsoripper_core4adif6mapper23push_confirmation_field
FNDA:12,_RINvMNtNtCsgPbJLsevrBc_14qsoripper_core4adif6mapperNtB3_10AdifMapper13fields_to_adiINtNtCs2ocB3yIIgEv_5alloc6borrow3CoweEB1j_EB7_
FNDA:2045,_RINvNtNtCsgPbJLsevrBc_14qsoripper_core4adif6mapper10push_fieldReBY_EB6_
FNDA:25,_RINvNtNtCsgPbJLsevrBc_14qsoripper_core4adif6mapper10push_fieldReNtNtCs2ocB3yIIgEv_5alloc6string6StringEB6_
FNDA:1061,_RNCINvMNtNtCsgPbJLsevrBc_14qsoripper_core4adif6mapperNtB5_10AdifMapper13fields_to_adiINtNtCs2ocB3yIIgEv_5alloc6borrow3CoweEB1l_E0B9_
FNDA:0,_RNCNvMNtNtCsgPbJLsevrBc_14qsoripper_core4adif6mapperNtB4_10AdifMapper13record_to_qso0B8_
FNDA:1009,_RNCNvMNtNtCsgPbJLsevrBc_14qsoripper_core4adif6mapperNtB4_10AdifMapper18qso_to_adif_fields0B8_
FNDA:6,_RNCNvMNtNtCsgPbJLsevrBc_14qsoripper_core4adif6mapperNtB4_10AdifMapper27qso_to_adif_fields_borrowed0B8_
FNDA:14,_RNCNvMNtNtCsgPbJLsevrBc_14qsoripper_core4adif6mapperNtB4_10AdifMapper27qso_to_adif_fields_borroweds0_0B8_
FNDA:6,_RNCNvMNtNtCsgPbJLsevrBc_14qsoripper_core4adif6mapperNtB4_10AdifMapper27qso_to_adif_fields_borroweds1_0B8_
FNDA:0,_RNCNvMNtNtCsgPbJLsevrBc_14qsoripper_core4adif6mapperNtB4_10AdifMapper27qso_to_adif_fields_borroweds2_0B8_
FNDA:0,_RNCNvMNtNtCsgPbJLsevrBc_14qsoripper_core4adif6mapperNtB4_10AdifMapper27qso_to_adif_fields_borroweds3_0B8_
FNDA:6,_RNCNvMNtNtCsgPbJLsevrBc_14qsoripper_core4adif6mapperNtB4_10AdifMapper27qso_to_adif_fields_borroweds_0B8_
FNDA:0,_RNCNvNtNtCsgPbJLsevrBc_14qsoripper_core4adif6mapper19field_is_overridden0B7_
FNDA:0,_RNCNvNtNtCsgPbJLsevrBc_14qsoripper_core4adif6mapper19field_is_overriddens0_0B7_
FNDA:0,_RNCNvNtNtCsgPbJLsevrBc_14qsoripper_core4adif6mapper19field_is_overriddens1_0B7_
FNDA:0,_RNCNvNtNtCsgPbJLsevrBc_14qsoripper_core4adif6mapper19field_is_overriddens2_0B7_
FNDA:0,_RNCNvNtNtCsgPbJLsevrBc_14qsoripper_core4adif6mapper19field_is_overriddens3_0B7_
FNDA:0,_RNCNvNtNtCsgPbJLsevrBc_14qsoripper_core4adif6mapper19field_is_overriddens4_0B7_
FNDA:0,_RNCNvNtNtCsgPbJLsevrBc_14qsoripper_core4adif6mapper19field_is_overriddens_0B7_
FNDA:0,_RNCNvNtNtCsgPbJLsevrBc_14qsoripper_core4adif6mapper19field_is_overriddensa_0B7_
FNDA:5,_RNvNtNtNtCs5kss5fdZ6xS_14qsoripper_core4adif6mapper5tests16make_test_record
FNDA:1,_RNvNtNtNtCs5kss5fdZ6xS_14qsoripper_core4adif6mapper5testss_17adi_format_output
FNDA:1,_RNvNtNtNtCs5kss5fdZ6xS_14qsoripper_core4adif6mapper5testss_24frequency_to_khz_precise
FNDA:1,_RNvNtNtNtCs5kss5fdZ6xS_14qsoripper_core4adif6mapper5testss_24record_to_qso_qsl_fields
FNDA:1,_RNvNtNtNtCs5kss5fdZ6xS_14qsoripper_core4adif6mapper5testss_25adif_location_round_trips
FNDA:1,_RNvNtNtNtCs5kss5fdZ6xS_14qsoripper_core4adif6mapper5testss_25record_to_qso_core_fields
FNDA:1,_RNvNtNtNtCs5kss5fdZ6xS_14qsoripper_core4adif6mapper5testss_27frequency_to_khz_conversion
FNDA:1,_RNvNtNtNtCs5kss5fdZ6xS_14qsoripper_core4adif6mapper5testss_28record_to_qso_contest_fields
FNDA:1,_RNvNtNtNtCs5kss5fdZ6xS_14qsoripper_core4adif6mapper5testss_28record_to_qso_signal_reports
FNDA:1,_RNvNtNtNtCs5kss5fdZ6xS_14qsoripper_core4adif6mapper5testss_29non_ascii_date_does_not_panic
FNDA:1,_RNvNtNtNtCs5kss5fdZ6xS_14qsoripper_core4adif6mapper5testss_29qso_to_adif_fields_round_trip
FNDA:1,_RNvNtNtNtCs5kss5fdZ6xS_14qsoripper_core4adif6mapper5testss_30negative_frequency_is_rejected
FNDA:1,_RNvNtNtNtCs5kss5fdZ6xS_14qsoripper_core4adif6mapper5testss_30record_to_qso_timestamp_4digit
FNDA:1,_RNvNtNtNtCs5kss5fdZ6xS_14qsoripper_core4adif6mapper5testss_30record_to_qso_timestamp_6digit
FNDA:1,_RNvNtNtNtCs5kss5fdZ6xS_14qsoripper_core4adif6mapper5testss_32record_to_qso_maps_end_timestamp
FNDA:1,_RNvNtNtNtCs5kss5fdZ6xS_14qsoripper_core4adif6mapper5testss_32record_to_qso_propagation_fields
FNDA:1,_RNvNtNtNtCs5kss5fdZ6xS_14qsoripper_core4adif6mapper5testss_34import_only_mode_c4fm_sets_submode
FNDA:1,_RNvNtNtNtCs5kss5fdZ6xS_14qsoripper_core4adif6mapper5testss_35record_to_qso_geographic_enrichment
FNDA:1,_RNvNtNtNtCs5kss5fdZ6xS_14qsoripper_core4adif6mapper5testss_36negative_nanos_does_not_corrupt_date
FNDA:1,_RNvNtNtNtCs5kss5fdZ6xS_14qsoripper_core4adif6mapper5testss_36record_to_qso_extra_fields_preserved
FNDA:1,_RNvNtNtNtCs5kss5fdZ6xS_14qsoripper_core4adif6mapper5testss_37record_to_qso_generates_uuid_local_id
FNDA:1,_RNvNtNtNtCs5kss5fdZ6xS_14qsoripper_core4adif6mapper5testss_38qso_to_adif_fields_emits_end_timestamp
FNDA:1,_RNvNtNtNtCs5kss5fdZ6xS_14qsoripper_core4adif6mapper5testss_41record_to_qso_parses_three_digit_rst_tone
FNDA:1,_RNvNtNtNtCs5kss5fdZ6xS_14qsoripper_core4adif6mapper5testss_42operator_fallback_when_no_station_callsign
FNDA:1,_RNvNtNtNtCs5kss5fdZ6xS_14qsoripper_core4adif6mapper5testss_42record_to_qso_maps_station_snapshot_fields
FNDA:1,_RNvNtNtNtCs5kss5fdZ6xS_14qsoripper_core4adif6mapper5testss_46invalid_qsl_dates_fall_back_to_overflow_fields
FNDA:1,_RNvNtNtNtCs5kss5fdZ6xS_14qsoripper_core4adif6mapper5testss_48invalid_core_fields_are_preserved_for_round_trip
FNDA:1,_RNvNtNtNtCs5kss5fdZ6xS_14qsoripper_core4adif6mapper5testss_48qso_to_adif_fields_emits_station_snapshot_fields
FNDA:1,_RNvNtNtNtCs5kss5fdZ6xS_14qsoripper_core4adif6mapper5testss_48submode_aliases_in_mode_field_map_to_parent_mode
FNDA:1,_RNvNtNtNtCs5kss5fdZ6xS_14qsoripper_core4adif6mapper5testss_53non_boolean_lotw_eqsl_values_preserved_for_round_trip
FNDA:1,_RNvNtNtNtCs5kss5fdZ6xS_14qsoripper_core4adif6mapper5testss_56qso_to_adif_fields_emits_n_for_false_confirmation_fields
FNDA:1,_RNvNtNtNtCs5kss5fdZ6xS_14qsoripper_core4adif6mapper5testss_57dedicated_fields_do_not_duplicate_overridden_extra_fields
FNDA:1,_RNvNtNtNtCs5kss5fdZ6xS_14qsoripper_core4adif6mapper5testss_61dxcc_enrichment_populates_missing_country_continent_and_zones
FNDA:1,_RNvNtNtNtCs5kss5fdZ6xS_14qsoripper_core4adif6mapper5testss_70qso_to_adif_fields_emits_contacted_operator_arrl_section_and_qsl_dates
FNDA:0,_RNvMNtNtCs5kss5fdZ6xS_14qsoripper_core4adif6mapperNtB2_10AdifMapper10qso_to_adi
FNDA:29,_RNvMNtNtCs5kss5fdZ6xS_14qsoripper_core4adif6mapperNtB2_10AdifMapper13record_to_qso
FNDA:9,_RNvMNtNtCs5kss5fdZ6xS_14qsoripper_core4adif6mapperNtB2_10AdifMapper18qso_to_adif_fields
FNDA:9,_RNvMNtNtCs5kss5fdZ6xS_14qsoripper_core4adif6mapperNtB2_10AdifMapper27qso_to_adif_fields_borrowed
FNDA:12,_RNvNtNtCs5kss5fdZ6xS_14qsoripper_core4adif6mapper10mhz_to_khz
FNDA:12,_RNvNtNtCs5kss5fdZ6xS_14qsoripper_core4adif6mapper16format_adif_date
FNDA:14,_RNvNtNtCs5kss5fdZ6xS_14qsoripper_core4adif6mapper19field_is_overridden
FNDA:17,_RNvNtNtCs5kss5fdZ6xS_14qsoripper_core4adif6mapper19parse_adif_datetime
FNDA:4,_RNvNtNtCs5kss5fdZ6xS_14qsoripper_core4adif6mapper19parse_adif_location
FNDA:4,_RNvNtNtCs5kss5fdZ6xS_14qsoripper_core4adif6mapper20format_adif_datetime
FNDA:4,_RNvNtNtCs5kss5fdZ6xS_14qsoripper_core4adif6mapper20format_adif_location
FNDA:8,_RNvNtNtCs5kss5fdZ6xS_14qsoripper_core4adif6mapper22map_confirmation_field
FNDA:8,_RNvNtNtCs5kss5fdZ6xS_14qsoripper_core4adif6mapper23parse_confirmation_bool
FNDA:36,_RNvNtNtCs5kss5fdZ6xS_14qsoripper_core4adif6mapper23push_confirmation_field
FNDA:0,_RINvMNtNtCs5kss5fdZ6xS_14qsoripper_core4adif6mapperNtB3_10AdifMapper13fields_to_adiINtNtCs2ocB3yIIgEv_5alloc6borrow3CoweEB1j_EB7_
FNDA:1,_RINvMNtNtCs5kss5fdZ6xS_14qsoripper_core4adif6mapperNtB3_10AdifMapper13fields_to_adiNtNtCs2ocB3yIIgEv_5alloc6string6StringB1j_EB7_
FNDA:27,_RINvNtNtCs5kss5fdZ6xS_14qsoripper_core4adif6mapper10push_fieldReBY_EB6_
FNDA:24,_RINvNtNtCs5kss5fdZ6xS_14qsoripper_core4adif6mapper10push_fieldReNtNtCs2ocB3yIIgEv_5alloc6string6StringEB6_
FNDA:0,_RNCINvMNtNtCs5kss5fdZ6xS_14qsoripper_core4adif6mapperNtB5_10AdifMapper13fields_to_adiINtNtCs2ocB3yIIgEv_5alloc6borrow3CoweEB1l_E0B9_
FNDA:2,_RNCINvMNtNtCs5kss5fdZ6xS_14qsoripper_core4adif6mapperNtB5_10AdifMapper13fields_to_adiNtNtCs2ocB3yIIgEv_5alloc6string6StringB1l_E0B9_
FNDA:5,_RNCNvMNtNtCs5kss5fdZ6xS_14qsoripper_core4adif6mapperNtB4_10AdifMapper13record_to_qso0B8_
FNDA:51,_RNCNvMNtNtCs5kss5fdZ6xS_14qsoripper_core4adif6mapperNtB4_10AdifMapper18qso_to_adif_fields0B8_
FNDA:3,_RNCNvMNtNtCs5kss5fdZ6xS_14qsoripper_core4adif6mapperNtB4_10AdifMapper27qso_to_adif_fields_borrowed0B8_
FNDA:6,_RNCNvMNtNtCs5kss5fdZ6xS_14qsoripper_core4adif6mapperNtB4_10AdifMapper27qso_to_adif_fields_borroweds0_0B8_
FNDA:3,_RNCNvMNtNtCs5kss5fdZ6xS_14qsoripper_core4adif6mapperNtB4_10AdifMapper27qso_to_adif_fields_borroweds1_0B8_
FNDA:1,_RNCNvMNtNtCs5kss5fdZ6xS_14qsoripper_core4adif6mapperNtB4_10AdifMapper27qso_to_adif_fields_borroweds2_0B8_
FNDA:1,_RNCNvMNtNtCs5kss5fdZ6xS_14qsoripper_core4adif6mapperNtB4_10AdifMapper27qso_to_adif_fields_borroweds3_0B8_
FNDA:3,_RNCNvMNtNtCs5kss5fdZ6xS_14qsoripper_core4adif6mapperNtB4_10AdifMapper27qso_to_adif_fields_borroweds_0B8_
FNDA:1,_RNCNvNtNtCs5kss5fdZ6xS_14qsoripper_core4adif6mapper19field_is_overridden0B7_
FNDA:1,_RNCNvNtNtCs5kss5fdZ6xS_14qsoripper_core4adif6mapper19field_is_overriddens0_0B7_
FNDA:1,_RNCNvNtNtCs5kss5fdZ6xS_14qsoripper_core4adif6mapper19field_is_overriddens1_0B7_
FNDA:0,_RNCNvNtNtCs5kss5fdZ6xS_14qsoripper_core4adif6mapper19field_is_overriddens2_0B7_
FNDA:0,_RNCNvNtNtCs5kss5fdZ6xS_14qsoripper_core4adif6mapper19field_is_overriddens3_0B7_
FNDA:0,_RNCNvNtNtCs5kss5fdZ6xS_14qsoripper_core4adif6mapper19field_is_overriddens4_0B7_
FNDA:0,_RNCNvNtNtCs5kss5fdZ6xS_14qsoripper_core4adif6mapper19field_is_overriddens_0B7_
FNDA:1,_RNCNvNtNtCs5kss5fdZ6xS_14qsoripper_core4adif6mapper19field_is_overriddensa_0B7_
FNDA:1,_RNCNvNtNtNtCs5kss5fdZ6xS_14qsoripper_core4adif6mapper5testss_25record_to_qso_core_fields0B9_
FNDA:9,_RNCNvNtNtNtCs5kss5fdZ6xS_14qsoripper_core4adif6mapper5testss_29qso_to_adif_fields_round_trip0B9_
FNDA:1,_RNCNvNtNtNtCs5kss5fdZ6xS_14qsoripper_core4adif6mapper5testss_36negative_nanos_does_not_corrupt_date0B9_
FNDA:5,_RNCNvNtNtNtCs5kss5fdZ6xS_14qsoripper_core4adif6mapper5testss_38qso_to_adif_fields_emits_end_timestamp0B9_
FNDA:1,_RNCNvNtNtNtCs5kss5fdZ6xS_14qsoripper_core4adif6mapper5testss_42operator_fallback_when_no_station_callsign0B9_
FNDA:3,_RNCNvNtNtNtCs5kss5fdZ6xS_14qsoripper_core4adif6mapper5testss_46invalid_qsl_dates_fall_back_to_overflow_fields0B9_
FNDA:9,_RNCNvNtNtNtCs5kss5fdZ6xS_14qsoripper_core4adif6mapper5testss_48qso_to_adif_fields_emits_station_snapshot_fields0B9_
FNDA:3,_RNCNvNtNtNtCs5kss5fdZ6xS_14qsoripper_core4adif6mapper5testss_53non_boolean_lotw_eqsl_values_preserved_for_round_trip0B9_
FNDA:5,_RNCNvNtNtNtCs5kss5fdZ6xS_14qsoripper_core4adif6mapper5testss_56qso_to_adif_fields_emits_n_for_false_confirmation_fields0B9_
FNDA:11,_RNCNvNtNtNtCs5kss5fdZ6xS_14qsoripper_core4adif6mapper5testss_57dedicated_fields_do_not_duplicate_overridden_extra_fields0B9_
FNDA:11,_RNCNvNtNtNtCs5kss5fdZ6xS_14qsoripper_core4adif6mapper5testss_57dedicated_fields_do_not_duplicate_overridden_extra_fieldss0_0B9_
FNDA:1,_RNCNvNtNtNtCs5kss5fdZ6xS_14qsoripper_core4adif6mapper5testss_57dedicated_fields_do_not_duplicate_overridden_extra_fieldss1_0B9_
FNDA:11,_RNCNvNtNtNtCs5kss5fdZ6xS_14qsoripper_core4adif6mapper5testss_57dedicated_fields_do_not_duplicate_overridden_extra_fieldss2_0B9_
FNDA:1,_RNCNvNtNtNtCs5kss5fdZ6xS_14qsoripper_core4adif6mapper5testss_57dedicated_fields_do_not_duplicate_overridden_extra_fieldss3_0B9_
FNDA:11,_RNCNvNtNtNtCs5kss5fdZ6xS_14qsoripper_core4adif6mapper5testss_57dedicated_fields_do_not_duplicate_overridden_extra_fieldss4_0B9_
FNDA:1,_RNCNvNtNtNtCs5kss5fdZ6xS_14qsoripper_core4adif6mapper5testss_57dedicated_fields_do_not_duplicate_overridden_extra_fieldss5_0B9_
FNDA:11,_RNCNvNtNtNtCs5kss5fdZ6xS_14qsoripper_core4adif6mapper5testss_57dedicated_fields_do_not_duplicate_overridden_extra_fieldss6_0B9_
FNDA:1,_RNCNvNtNtNtCs5kss5fdZ6xS_14qsoripper_core4adif6mapper5testss_57dedicated_fields_do_not_duplicate_overridden_extra_fieldss7_0B9_
FNDA:11,_RNCNvNtNtNtCs5kss5fdZ6xS_14qsoripper_core4adif6mapper5testss_57dedicated_fields_do_not_duplicate_overridden_extra_fieldss8_0B9_
FNDA:1,_RNCNvNtNtNtCs5kss5fdZ6xS_14qsoripper_core4adif6mapper5testss_57dedicated_fields_do_not_duplicate_overridden_extra_fieldss9_0B9_
FNDA:1,_RNCNvNtNtNtCs5kss5fdZ6xS_14qsoripper_core4adif6mapper5testss_57dedicated_fields_do_not_duplicate_overridden_extra_fieldss_0B9_
FNDA:11,_RNCNvNtNtNtCs5kss5fdZ6xS_14qsoripper_core4adif6mapper5testss_57dedicated_fields_do_not_duplicate_overridden_extra_fieldssa_0B9_
FNDA:1,_RNCNvNtNtNtCs5kss5fdZ6xS_14qsoripper_core4adif6mapper5testss_57dedicated_fields_do_not_duplicate_overridden_extra_fieldssb_0B9_
FNDA:11,_RNCNvNtNtNtCs5kss5fdZ6xS_14qsoripper_core4adif6mapper5testss_57dedicated_fields_do_not_duplicate_overridden_extra_fieldssc_0B9_
FNDA:1,_RNCNvNtNtNtCs5kss5fdZ6xS_14qsoripper_core4adif6mapper5testss_57dedicated_fields_do_not_duplicate_overridden_extra_fieldssd_0B9_
FNDA:11,_RNCNvNtNtNtCs5kss5fdZ6xS_14qsoripper_core4adif6mapper5testss_57dedicated_fields_do_not_duplicate_overridden_extra_fieldsse_0B9_
FNDA:1,_RNCNvNtNtNtCs5kss5fdZ6xS_14qsoripper_core4adif6mapper5testss_57dedicated_fields_do_not_duplicate_overridden_extra_fieldssf_0B9_
FNDA:11,_RNCNvNtNtNtCs5kss5fdZ6xS_14qsoripper_core4adif6mapper5testss_57dedicated_fields_do_not_duplicate_overridden_extra_fieldssg_0B9_
FNDA:1,_RNCNvNtNtNtCs5kss5fdZ6xS_14qsoripper_core4adif6mapper5testss_57dedicated_fields_do_not_duplicate_overridden_extra_fieldssh_0B9_
FNDA:5,_RNCNvNtNtNtCs5kss5fdZ6xS_14qsoripper_core4adif6mapper5testss_70qso_to_adif_fields_emits_contacted_operator_arrl_section_and_qsl_dates0B9_
FNDA:8,_RINvMNtNtCsgPbJLsevrBc_14qsoripper_core4adif6mapperNtB3_10AdifMapper13fields_to_adiNtNtCs2ocB3yIIgEv_5alloc6string6StringB1j_ECske1tuL0gxsN_11stress_test
FNDA:1009,_RNCINvMNtNtCsgPbJLsevrBc_14qsoripper_core4adif6mapperNtB5_10AdifMapper13fields_to_adiNtNtCs2ocB3yIIgEv_5alloc6string6StringB1l_E0Cske1tuL0gxsN_11stress_test
FNF:97
FNH:93
DA:29,76
DA:30,76
DA:31,76
DA:32,76
DA:33,76
DA:34,76
DA:35,76
DA:38,76
DA:39,76
DA:40,76
DA:41,76
DA:43,535
DA:44,535
DA:45,535
DA:46,535
DA:48,535
DA:50,535
DA:51,461
DA:52,27
DA:53,27
DA:54,27
DA:55,27
DA:56,27
DA:57,27
DA:58,27
DA:59,434
DA:60,4
DA:61,4
DA:62,4
DA:63,4
DA:64,1
DA:65,1
DA:66,1
DA:67,1
DA:68,1
DA:69,1
DA:70,3
DA:72,430
DA:73,388
DA:74,347
DA:75,346
DA:76,345
DA:77,41
DA:78,36
DA:79,36
DA:80,5
DA:81,5
DA:83,304
DA:84,43
DA:85,41
DA:86,41
DA:87,5
DA:88,36
DA:89,2
DA:90,2
DA:91,2
DA:93,261
DA:94,256
DA:95,31
DA:96,31
DA:97,25
DA:98,25
DA:99,6
DA:100,6
DA:101,0
DA:102,0
DA:103,0
DA:106,225
DA:107,195
DA:108,169
DA:111,165
DA:112,160
DA:113,156
DA:114,152
DA:115,147
DA:116,6
DA:117,6
DA:118,6
DA:120,141
DA:121,141
DA:122,141
DA:123,136
DA:124,5
DA:125,5
DA:126,5
DA:128,131
DA:129,4
DA:130,4
DA:131,4
DA:133,127
DA:134,126
DA:135,123
DA:136,5
DA:137,5
DA:138,5
DA:139,5
DA:140,118
DA:141,10
DA:142,10
DA:143,10
DA:144,10
DA:145,108
DA:146,0
DA:147,0
DA:148,0
DA:149,0
DA:150,108
DA:151,4
DA:152,4
DA:153,4
DA:154,4
DA:155,104
DA:156,0
DA:157,0
DA:158,0
DA:159,0
DA:160,104
DA:161,1
DA:162,1
DA:163,1
DA:164,1
DA:165,1
DA:166,0
DA:167,0
DA:169,103
DA:170,0
DA:171,0
DA:172,0
DA:173,0
DA:174,0
DA:175,0
DA:176,0
DA:178,103
DA:179,0
DA:180,0
DA:181,0
DA:182,0
DA:183,0
DA:184,0
DA:185,0
DA:187,103
DA:188,1
DA:189,1
DA:190,1
DA:191,1
DA:192,1
DA:193,0
DA:194,0
DA:196,102
DA:197,1
DA:198,1
DA:199,1
DA:200,1
DA:201,1
DA:202,0
DA:203,0
DA:205,101
DA:206,5
DA:207,5
DA:208,5
DA:209,5
DA:212,96
DA:213,92
DA:214,88
DA:215,5
DA:216,5
DA:217,5
DA:218,0
DA:219,0
DA:221,83
DA:222,5
DA:223,5
DA:224,5
DA:225,0
DA:226,0
DA:228,78
DA:229,5
DA:230,5
DA:231,5
DA:232,5
DA:234,73
DA:235,1
DA:236,1
DA:237,1
DA:238,1
DA:240,72
DA:241,1
DA:242,1
DA:243,1
DA:244,1
DA:246,71
DA:247,5
DA:248,5
DA:249,5
DA:250,5
DA:254,66
DA:255,60
DA:256,54
DA:257,48
DA:258,48
DA:261,42
DA:262,38
DA:263,34
DA:266,30
DA:267,25
DA:270,25
DA:271,25
DA:272,25
DA:277,76
DA:278,42
DA:279,37
DA:280,37
DA:281,5
DA:282,5
DA:283,5
DA:284,4
DA:285,4
DA:286,4
DA:288,34
DA:289,0
DA:290,0
DA:291,34
DA:293,76
DA:294,1
DA:295,1
DA:296,1
DA:297,1
DA:298,1
DA:299,0
DA:300,0
DA:301,0
DA:302,0
DA:303,0
DA:304,0
DA:306,0
DA:307,0
DA:308,0
DA:309,0
DA:310,75
DA:311,0
DA:312,0
DA:313,75
DA:315,76
DA:317,76
DA:318,28
DA:319,48
DA:321,76
DA:322,76
DA:327,17
DA:328,17
DA:329,17
DA:330,1060
DA:331,17
DA:332,17
DA:336,12
DA:337,12
DA:338,12
DA:339,12
DA:343,29
DA:344,29
DA:345,29
DA:348,29
DA:349,29
DA:350,29
DA:351,29
DA:352,29
DA:353,9
DA:354,9
DA:355,9
DA:356,9
DA:357,9
DA:358,9
DA:359,20
DA:360,29
DA:361,27
DA:362,27
DA:363,29
DA:364,29
DA:365,29
DA:366,2
DA:367,2
DA:368,27
DA:371,29
DA:372,15
DA:373,6
DA:374,6
DA:375,9
DA:376,14
DA:377,29
DA:378,1
DA:379,1
DA:380,1
DA:381,1
DA:382,28
DA:385,29
DA:386,29
DA:387,5
DA:388,24
DA:391,29
DA:392,29
DA:393,5
DA:394,24
DA:395,29
DA:396,0
DA:397,29
DA:400,29
DA:401,3
DA:402,3
DA:403,3
DA:404,3
DA:405,3
DA:406,3
DA:407,3
DA:408,26
DA:411,29
DA:412,3
DA:413,26
DA:414,29
DA:415,3
DA:416,26
DA:417,29
DA:418,1
DA:419,28
DA:422,29
DA:423,3
DA:424,26
DA:425,29
DA:426,0
DA:427,29
DA:428,29
DA:429,0
DA:430,29
DA:431,29
DA:432,0
DA:433,29
DA:434,29
DA:435,0
DA:436,29
DA:437,29
DA:438,0
DA:439,29
DA:440,29
DA:441,0
DA:442,29
DA:443,29
DA:444,0
DA:445,29
DA:446,29
DA:447,0
DA:448,29
DA:449,29
DA:450,0
DA:451,29
DA:452,29
DA:453,0
DA:454,29
DA:455,29
DA:456,3
DA:457,26
DA:458,29
DA:459,9
DA:460,3
DA:461,6
DA:462,9
DA:463,5
DA:464,5
DA:465,9
DA:466,0
DA:467,9
DA:468,9
DA:469,2
DA:470,7
DA:471,9
DA:472,0
DA:473,9
DA:474,9
DA:475,0
DA:476,9
DA:477,9
DA:478,0
DA:479,9
DA:480,9
DA:481,0
DA:482,9
DA:483,9
DA:484,9
DA:485,9
DA:486,1
DA:487,1
DA:488,8
DA:489,9
DA:490,9
DA:491,9
DA:492,1
DA:493,1
DA:494,8
DA:495,9
DA:496,3
DA:497,6
DA:498,20
DA:501,29
DA:502,29
DA:503,29
DA:505,29
DA:506,0
DA:507,29
DA:509,29
DA:510,29
DA:511,29
DA:513,29
DA:514,0
DA:515,29
DA:516,29
DA:517,3
DA:518,26
DA:519,29
DA:520,3
DA:521,26
DA:523,29
DA:524,29
DA:525,29
DA:526,29
DA:529,29
DA:530,1
DA:531,28
DA:532,29
DA:533,0
DA:534,29
DA:535,29
DA:536,0
DA:537,29
DA:538,29
DA:539,0
DA:540,29
DA:541,29
DA:542,0
DA:543,29
DA:546,29
DA:547,0
DA:548,29
DA:549,29
DA:550,1
DA:551,28
DA:552,29
DA:553,1
DA:554,28
DA:557,29
DA:558,3
DA:559,26
DA:560,29
DA:561,0
DA:562,29
DA:565,2049
DA:566,2020
DA:567,10
DA:568,2010
DA:569,2010
DA:572,29
DA:573,29
DA:577,21
DA:578,21
DA:579,21
DA:580,21
DA:582,2072
DA:583,2072
DA:584,2072
DA:585,21
DA:587,2093
DA:588,2072
DA:589,2072
DA:590,2072
DA:591,2072
DA:592,2072
DA:593,2072
DA:594,2072
DA:595,2072
DA:596,2072
DA:597,21
DA:598,21
DA:599,21
DA:602,2121
DA:603,2121
DA:604,2121
DA:605,2121
DA:606,2121
DA:607,2121
DA:608,2121
DA:611,54
DA:612,54
DA:613,3
DA:614,51
DA:616,51
DA:617,41
DA:618,1
DA:619,40
DA:620,10
DA:622,50
DA:623,49
DA:624,48
DA:626,48
DA:628,48
DA:629,38
DA:631,17
DA:632,17
DA:633,17
DA:636,21
DA:637,21
DA:638,21
DA:639,21
DA:641,0
DA:644,10
DA:647,48
DA:648,48
DA:649,48
DA:650,48
DA:651,48
DA:652,48
DA:653,54
DA:656,16
DA:657,16
DA:658,11
DA:659,7
DA:660,7
DA:661,7
DA:662,16
DA:664,14
DA:665,14
DA:666,10
DA:667,10
DA:668,14
DA:670,4
DA:671,4
DA:672,4
DA:673,0
DA:674,4
DA:676,4
DA:677,4
DA:678,4
DA:679,0
DA:682,4
DA:683,0
DA:684,4
DA:686,4
DA:687,4
DA:688,4
DA:689,0
DA:690,4
DA:692,4
DA:693,4
DA:694,2
DA:696,2
DA:698,4
DA:699,4
DA:700,4
DA:702,4
DA:703,4
DA:704,0
DA:705,4
DA:707,4
DA:708,4
DA:709,0
DA:710,4
DA:712,4
DA:713,2
DA:714,0
DA:716,2
DA:718,2
DA:719,2
DA:721,0
DA:724,4
DA:725,4
DA:726,4
DA:727,4
DA:728,0
DA:729,0
DA:730,4
DA:731,4
DA:732,0
DA:733,4
DA:735,4
DA:736,4
DA:738,31
DA:739,31
DA:740,6
DA:741,25
DA:743,25
DA:744,25
DA:745,0
DA:746,25
DA:748,25
DA:749,31
DA:751,12
DA:752,12
DA:753,8
DA:754,4
DA:755,2
DA:757,2
DA:759,12
DA:761,12
DA:762,12
DA:763,12
DA:764,12
DA:765,12
DA:766,12
DA:767,12
DA:768,10
DA:769,10
DA:770,2
DA:771,2
DA:772,12
DA:774,116
DA:775,116
DA:776,116
DA:777,116
DA:778,116
DA:779,116
DA:780,3
DA:781,3
DA:782,110
DA:784,116
DA:786,2020
DA:787,2020
DA:788,2020
DA:789,2020
DA:790,2020
DA:791,2020
DA:792,2
DA:793,2018
DA:794,0
DA:795,2018
DA:796,0
DA:797,2018
DA:798,2
DA:799,2016
DA:800,1
DA:801,1
DA:802,1
DA:803,2015
DA:804,0
DA:805,0
DA:806,0
DA:807,2015
DA:808,1
DA:809,2014
DA:810,1
DA:811,2013
DA:812,1
DA:813,1
DA:814,1
DA:815,2012
DA:816,1
DA:817,1
DA:818,1
DA:819,2011
DA:820,0
DA:821,0
DA:822,0
DA:823,2011
DA:824,0
DA:825,0
DA:826,0
DA:827,2011
DA:828,0
DA:829,0
DA:830,0
DA:831,2011
DA:832,0
DA:833,0
DA:834,0
DA:835,2011
DA:836,0
DA:837,0
DA:838,0
DA:839,2011
DA:840,0
DA:841,0
DA:842,0
DA:843,2011
DA:844,0
DA:845,0
DA:846,0
DA:847,2011
DA:848,0
DA:849,0
DA:850,0
DA:851,2011
DA:852,1
DA:853,1
DA:854,1
DA:855,2010
DA:856,2
DA:857,2
DA:858,2
DA:859,2
DA:860,2008
DA:861,2
DA:862,2
DA:863,2
DA:864,2
DA:865,2006
DA:866,0
DA:868,2006
DA:870,2020
DA:878,5
DA:879,5
DA:880,5
DA:881,5
DA:882,5
DA:883,5
DA:884,5
DA:885,5
DA:886,5
DA:887,5
DA:888,5
DA:889,5
DA:890,5
DA:893,1
DA:894,1
DA:896,1
DA:897,1
DA:900,1
DA:901,1
DA:902,1
DA:904,1
DA:905,1
DA:906,1
DA:907,1
DA:908,1
DA:909,1
DA:910,1
DA:911,1
DA:912,1
DA:913,1
DA:916,1
DA:919,1
DA:920,1
DA:921,1
DA:923,1
DA:924,1
DA:925,1
DA:926,1
DA:927,1
DA:928,1
DA:929,1
DA:930,1
DA:931,1
DA:932,1
DA:933,1
DA:936,1
DA:937,1
DA:938,1
DA:939,1
DA:941,1
DA:942,1
DA:943,1
DA:944,1
DA:945,1
DA:946,1
DA:947,1
DA:950,1
DA:951,1
DA:952,1
DA:953,1
DA:955,1
DA:956,1
DA:957,1
DA:958,1
DA:959,1
DA:960,1
DA:963,1
DA:964,1
DA:965,1
DA:966,1
DA:967,1
DA:968,1
DA:969,1
DA:970,1
DA:971,1
DA:972,1
DA:973,1
DA:974,1
DA:977,1
DA:978,1
DA:979,1
DA:980,1
DA:981,1
DA:982,1
DA:983,1
DA:984,1
DA:985,1
DA:986,1
DA:987,1
DA:989,1
DA:990,1
DA:992,1
DA:994,1
DA:996,1
DA:998,1
DA:999,1
DA:1000,1
DA:1001,1
DA:1002,1
DA:1003,1
DA:1006,1
DA:1007,1
DA:1010,1
DA:1013,1
DA:1014,1
DA:1015,1
DA:1016,1
DA:1017,1
DA:1019,1
DA:1020,1
DA:1021,1
DA:1022,1
DA:1023,1
DA:1026,1
DA:1027,1
DA:1031,1
DA:1032,1
DA:1033,1
DA:1034,3
DA:1035,1
DA:1037,1
DA:1038,1
DA:1039,1
DA:1042,1
DA:1043,1
DA:1044,1
DA:1045,1
DA:1046,1
DA:1047,1
DA:1048,1
DA:1050,1
DA:1051,1
DA:1052,1
DA:1053,1
DA:1054,1
DA:1055,1
DA:1058,1
DA:1059,1
DA:1060,1
DA:1061,1
DA:1062,1
DA:1063,1
DA:1064,1
DA:1065,1
DA:1067,1
DA:1069,1
DA:1070,1
DA:1071,1
DA:1072,1
DA:1073,1
DA:1074,1
DA:1077,1
DA:1078,1
DA:1081,1
DA:1082,1
DA:1085,1
DA:1086,1
DA:1089,1
DA:1090,1
DA:1093,1
DA:1094,1
DA:1095,1
DA:1096,1
DA:1097,1
DA:1098,1
DA:1099,1
DA:1100,1
DA:1101,1
DA:1102,1
DA:1103,1
DA:1104,1
DA:1105,1
DA:1107,1
DA:1108,1
DA:1109,1
DA:1110,1
DA:1111,1
DA:1112,1
DA:1113,1
DA:1114,1
DA:1115,1
DA:1116,1
DA:1117,1
DA:1118,1
DA:1121,1
DA:1122,1
DA:1123,1
DA:1124,1
DA:1126,1
DA:1127,1
DA:1128,1
DA:1129,1
DA:1130,1
DA:1131,1
DA:1132,1
DA:1135,1
DA:1136,1
DA:1137,1
DA:1138,1
DA:1139,1
DA:1140,1
DA:1141,1
DA:1142,1
DA:1143,1
DA:1144,1
DA:1145,1
DA:1146,1
DA:1148,1
DA:1149,1
DA:1151,1
DA:1152,1
DA:1153,1
DA:1154,1
DA:1155,1
DA:1156,1
DA:1157,1
DA:1158,1
DA:1159,1
DA:1160,1
DA:1161,1
DA:1164,1
DA:1165,1
DA:1166,1
DA:1167,1
DA:1168,1
DA:1169,1
DA:1171,1
DA:1172,1
DA:1173,1
DA:1174,1
DA:1175,1
DA:1178,1
DA:1179,1
DA:1180,1
DA:1181,1
DA:1182,1
DA:1183,1
DA:1184,1
DA:1186,1
DA:1187,1
DA:1188,1
DA:1191,1
DA:1192,1
DA:1195,1
DA:1196,1
DA:1199,1
DA:1200,1
DA:1201,1
DA:1202,1
DA:1205,1
DA:1208,1
DA:1209,1
DA:1210,1
DA:1211,1
DA:1213,1
DA:1214,1
DA:1215,1
DA:1216,1
DA:1219,1
DA:1220,4
DA:1221,1
DA:1222,1
DA:1223,1
DA:1224,1
DA:1226,4
DA:1227,4
DA:1228,4
DA:1230,4
DA:1231,4
DA:1232,4
DA:1233,0
DA:1235,4
DA:1236,4
DA:1237,4
DA:1238,0
DA:1241,1
DA:1244,1
DA:1245,1
DA:1246,1
DA:1247,1
DA:1250,1
DA:1251,1
DA:1252,9
DA:1253,1
DA:1255,1
DA:1256,1
DA:1257,1
DA:1258,1
DA:1259,1
DA:1260,1
DA:1261,1
DA:1264,1
DA:1265,1
DA:1266,1
DA:1267,1
DA:1268,1
DA:1269,1
DA:1270,1
DA:1272,1
DA:1273,1
DA:1274,1
DA:1275,1
DA:1276,1
DA:1277,1
DA:1278,1
DA:1279,1
DA:1282,1
DA:1283,1
DA:1284,1
DA:1285,1
DA:1286,1
DA:1287,1
DA:1288,1
DA:1289,1
DA:1290,1
DA:1291,1
DA:1292,1
DA:1293,1
DA:1294,1
DA:1296,1
DA:1297,1
DA:1298,1
DA:1299,5
DA:1300,1
DA:1302,1
DA:1303,1
DA:1304,1
DA:1307,1
DA:1308,1
DA:1309,1
DA:1310,1
DA:1311,1
DA:1312,1
DA:1313,1
DA:1314,1
DA:1315,1
DA:1316,1
DA:1317,1
DA:1318,1
DA:1319,1
DA:1320,1
DA:1321,1
DA:1322,1
DA:1323,1
DA:1325,1
DA:1326,1
DA:1327,1
DA:1328,9
DA:1329,1
DA:1331,1
DA:1332,1
DA:1333,1
DA:1334,1
DA:1335,1
DA:1336,1
DA:1337,1
DA:1338,1
DA:1339,1
DA:1342,1
DA:1343,1
DA:1344,1
DA:1345,1
DA:1346,1
DA:1347,1
DA:1348,1
DA:1349,1
DA:1350,1
DA:1351,1
DA:1352,1
DA:1353,1
DA:1354,1
DA:1355,1
DA:1356,1
DA:1358,1
DA:1359,1
DA:1360,1
DA:1361,5
DA:1362,1
DA:1364,1
DA:1365,1
DA:1366,1
DA:1367,1
DA:1368,1
DA:1371,1
DA:1372,1
DA:1373,1
DA:1374,1
DA:1376,1
DA:1377,1
DA:1378,1
DA:1379,1
DA:1380,1
DA:1383,1
DA:1384,1
DA:1385,1
DA:1386,1
DA:1387,1
DA:1388,1
DA:1389,1
DA:1390,1
DA:1391,1
DA:1393,1
DA:1394,1
DA:1395,1
DA:1396,5
DA:1397,1
DA:1399,1
DA:1400,1
DA:1401,1
DA:1402,1
DA:1403,1
DA:1406,1
DA:1407,1
DA:1408,1
DA:1409,1
DA:1410,1
DA:1411,1
DA:1412,1
DA:1413,1
DA:1414,1
DA:1415,1
DA:1416,1
DA:1417,1
DA:1418,1
DA:1419,1
DA:1420,1
DA:1421,1
DA:1422,1
DA:1423,1
DA:1424,1
DA:1425,1
DA:1426,1
DA:1427,1
DA:1428,1
DA:1429,1
DA:1430,1
DA:1431,1
DA:1432,1
DA:1433,1
DA:1434,1
DA:1435,1
DA:1436,1
DA:1437,1
DA:1438,1
DA:1439,1
DA:1440,1
DA:1441,1
DA:1442,1
DA:1443,1
DA:1444,1
DA:1446,1
DA:1447,1
DA:1448,1
DA:1449,11
DA:1450,1
DA:1451,1
DA:1452,1
DA:1453,1
DA:1454,11
DA:1455,1
DA:1456,1
DA:1457,1
DA:1458,1
DA:1459,11
DA:1460,1
DA:1461,1
DA:1462,1
DA:1463,1
DA:1464,11
DA:1465,1
DA:1466,1
DA:1467,1
DA:1468,1
DA:1469,11
DA:1470,1
DA:1471,1
DA:1472,1
DA:1473,1
DA:1474,11
DA:1475,1
DA:1476,1
DA:1477,1
DA:1478,1
DA:1479,11
DA:1480,1
DA:1481,1
DA:1482,1
DA:1483,1
DA:1484,11
DA:1485,1
DA:1486,1
DA:1487,1
DA:1488,1
DA:1489,11
DA:1490,1
DA:1491,1
DA:1492,1
DA:1493,1
DA:1494,11
DA:1495,1
DA:1496,1
DA:1498,1
DA:1499,1
DA:1500,1
DA:1501,1
DA:1502,1
DA:1503,1
DA:1504,1
DA:1505,1
DA:1506,1
DA:1507,1
DA:1508,1
DA:1511,1
DA:1512,1
DA:1513,1
DA:1514,1
DA:1517,1
DA:1518,1
DA:1519,1
DA:1520,1
DA:1521,1
DA:1522,1
DA:1525,1
DA:1528,1
DA:1529,1
DA:1530,1
DA:1531,1
DA:1533,1
DA:1534,1
DA:1535,1
DA:1538,1
DA:1539,1
DA:1540,1
DA:1541,1
DA:1543,1
DA:1544,1
DA:1545,1
DA:1548,1
DA:1549,1
DA:1550,1
DA:1551,1
DA:1553,1
DA:1554,1
DA:1556,0
DA:1558,1
DA:1561,1
DA:1562,1
DA:1563,1
DA:1564,1
DA:1565,1
DA:1566,1
DA:1567,1
DA:1568,1
DA:1569,1
DA:1571,1
DA:1572,1
DA:1573,1
DA:1574,1
DA:1575,1
DA:1577,1
DA:1578,1
DA:1580,0
DA:1582,1
DA:1585,1
DA:1586,1
DA:1587,1
DA:1588,1
DA:1589,1
DA:1590,1
DA:1591,1
DA:1592,1
DA:1593,1
DA:1594,1
DA:1595,1
DA:1596,1
DA:1597,1
DA:1598,1
DA:1599,1
DA:1600,1
DA:1601,1
DA:1602,1
DA:1603,1
DA:1605,1
DA:1606,1
DA:1607,1
DA:1608,3
DA:1609,1
DA:1611,1
DA:1612,1
DA:1613,1
DA:1616,1
DA:1619,1
DA:1620,1
DA:1621,1
DA:1622,0
DA:1624,1
DA:1627,1
DA:1628,1
DA:1629,1
DA:1631,1
DA:1632,1
DA:1633,1
DA:1635,1
DA:1636,1
DA:1637,1
DA:1639,1
BRF:0
BRH:0
LF:1356
LH:1224
end_of_record
SF:C:\Users\randy\Git\qsoripper-adif-refresh\src\rust\qsoripper-core\src\adif\mod.rs
FN:24,_RNCNCNvNtCsgPbJLsevrBc_14qsoripper_core4adif14parse_adi_qsos00B7_
FN:19,_RNCNvNtCsgPbJLsevrBc_14qsoripper_core4adif14parse_adi_qsos0B5_
FN:70,_RNCNvNtNtCs5kss5fdZ6xS_14qsoripper_core4adif5testss_35parse_adi_qsos_skips_header_records0B7_
FN:24,_RNCNCNvNtCs5kss5fdZ6xS_14qsoripper_core4adif14parse_adi_qsos00B7_
FN:19,_RNCNvNtCs5kss5fdZ6xS_14qsoripper_core4adif14parse_adi_qsos0B5_
FN:51,_RNvNtCs5kss5fdZ6xS_14qsoripper_core4adif11adif_header
FN:19,_RNvNtCs5kss5fdZ6xS_14qsoripper_core4adif14parse_adi_qsos
FN:37,_RNvNtCs5kss5fdZ6xS_14qsoripper_core4adif18serialize_adi_qsos
FN:70,_RNvNtNtCs5kss5fdZ6xS_14qsoripper_core4adif5testss_35parse_adi_qsos_skips_header_records
FN:79,_RNvNtNtCs5kss5fdZ6xS_14qsoripper_core4adif5testss_37serialize_adi_qsos_can_include_header
FN:24,_RNCNCNvNtCsgPbJLsevrBc_14qsoripper_core4adif14parse_adi_qsos00CsujLUsjorcV_16qsoripper_server
FN:19,_RNCNvNtCsgPbJLsevrBc_14qsoripper_core4adif14parse_adi_qsos0CsujLUsjorcV_16qsoripper_server
FN:51,_RNvNtCsgPbJLsevrBc_14qsoripper_core4adif11adif_header
FN:19,_RNvNtCsgPbJLsevrBc_14qsoripper_core4adif14parse_adi_qsos
FN:37,_RNvNtCsgPbJLsevrBc_14qsoripper_core4adif18serialize_adi_qsos
FN:24,_RNCNCNvNtCsgPbJLsevrBc_14qsoripper_core4adif14parse_adi_qsos00Cske1tuL0gxsN_11stress_test
FN:19,_RNCNvNtCsgPbJLsevrBc_14qsoripper_core4adif14parse_adi_qsos0Cske1tuL0gxsN_11stress_test
FNDA:0,_RNCNCNvNtCsgPbJLsevrBc_14qsoripper_core4adif14parse_adi_qsos00B7_
FNDA:0,_RNCNvNtCsgPbJLsevrBc_14qsoripper_core4adif14parse_adi_qsos0B5_
FNDA:1,_RNCNvNtNtCs5kss5fdZ6xS_14qsoripper_core4adif5testss_35parse_adi_qsos_skips_header_records0B7_
FNDA:0,_RNCNCNvNtCs5kss5fdZ6xS_14qsoripper_core4adif14parse_adi_qsos00B7_
FNDA:1,_RNCNvNtCs5kss5fdZ6xS_14qsoripper_core4adif14parse_adi_qsos0B5_
FNDA:1,_RNvNtCs5kss5fdZ6xS_14qsoripper_core4adif11adif_header
FNDA:1,_RNvNtCs5kss5fdZ6xS_14qsoripper_core4adif14parse_adi_qsos
FNDA:1,_RNvNtCs5kss5fdZ6xS_14qsoripper_core4adif18serialize_adi_qsos
FNDA:1,_RNvNtNtCs5kss5fdZ6xS_14qsoripper_core4adif5testss_35parse_adi_qsos_skips_header_records
FNDA:1,_RNvNtNtCs5kss5fdZ6xS_14qsoripper_core4adif5testss_37serialize_adi_qsos_can_include_header
FNDA:0,_RNCNCNvNtCsgPbJLsevrBc_14qsoripper_core4adif14parse_adi_qsos00CsujLUsjorcV_16qsoripper_server
FNDA:10,_RNCNvNtCsgPbJLsevrBc_14qsoripper_core4adif14parse_adi_qsos0CsujLUsjorcV_16qsoripper_server
FNDA:9,_RNvNtCsgPbJLsevrBc_14qsoripper_core4adif11adif_header
FNDA:27,_RNvNtCsgPbJLsevrBc_14qsoripper_core4adif14parse_adi_qsos
FNDA:9,_RNvNtCsgPbJLsevrBc_14qsoripper_core4adif18serialize_adi_qsos
FNDA:2,_RNCNCNvNtCsgPbJLsevrBc_14qsoripper_core4adif14parse_adi_qsos00Cske1tuL0gxsN_11stress_test
FNDA:17,_RNCNvNtCsgPbJLsevrBc_14qsoripper_core4adif14parse_adi_qsos0Cske1tuL0gxsN_11stress_test
FNF:8
FNH:8
DA:19,28
DA:20,28
DA:21,28
DA:23,52
DA:24,26
DA:25,24
DA:26,3
DA:27,21
DA:29,21
DA:32,26
DA:33,28
DA:37,10
DA:38,10
DA:40,10
DA:41,10
DA:42,10
DA:44,19
DA:45,9
DA:46,9
DA:48,10
DA:49,10
DA:51,10
DA:52,10
DA:53,30
DA:54,10
DA:55,10
DA:56,10
DA:57,30
DA:58,30
DA:59,30
DA:60,10
DA:61,10
DA:62,10
DA:70,1
DA:71,1
DA:73,1
DA:75,1
DA:76,1
DA:79,1
DA:80,1
DA:81,1
DA:83,1
DA:84,1
DA:85,1
DA:86,1
BRF:0
BRH:0
LF:49
LH:49
end_of_record
SF:C:\Users\randy\Git\qsoripper-adif-refresh\src\rust\qsoripper-core\src\adif\normalize.rs
FN:82,_RNvNtNtCsgPbJLsevrBc_14qsoripper_core4adif9normalize15string_is_blank
FN:60,_RNvNtNtCsgPbJLsevrBc_14qsoripper_core4adif9normalize16enrich_from_dxcc
FN:38,_RNvNtNtCsgPbJLsevrBc_14qsoripper_core4adif9normalize16parse_rst_report
FN:22,_RNCNCNCNvNtNtCsgPbJLsevrBc_14qsoripper_core4adif9normalize13DXCC_ENTITIES000Bb_
FN:23,_RNCNCNCNvNtNtCsgPbJLsevrBc_14qsoripper_core4adif9normalize13DXCC_ENTITIES00s_0Bb_
FN:17,_RNCNCNvNtNtCsgPbJLsevrBc_14qsoripper_core4adif9normalize13DXCC_ENTITIES00B9_
FN:14,_RNCNvNtNtCsgPbJLsevrBc_14qsoripper_core4adif9normalize13DXCC_ENTITIES0B7_
FN:83,_RNCNvNtNtCsgPbJLsevrBc_14qsoripper_core4adif9normalize15string_is_blank0B7_
FN:42,_RNCNvNtNtCsgPbJLsevrBc_14qsoripper_core4adif9normalize16parse_rst_report0B7_
FN:82,_RNvNtNtCs5kss5fdZ6xS_14qsoripper_core4adif9normalize15string_is_blank
FN:60,_RNvNtNtCs5kss5fdZ6xS_14qsoripper_core4adif9normalize16enrich_from_dxcc
FN:38,_RNvNtNtCs5kss5fdZ6xS_14qsoripper_core4adif9normalize16parse_rst_report
FN:22,_RNCNCNCNvNtNtCs5kss5fdZ6xS_14qsoripper_core4adif9normalize13DXCC_ENTITIES000Bb_
FN:23,_RNCNCNCNvNtNtCs5kss5fdZ6xS_14qsoripper_core4adif9normalize13DXCC_ENTITIES00s_0Bb_
FN:17,_RNCNCNvNtNtCs5kss5fdZ6xS_14qsoripper_core4adif9normalize13DXCC_ENTITIES00B9_
FN:14,_RNCNvNtNtCs5kss5fdZ6xS_14qsoripper_core4adif9normalize13DXCC_ENTITIES0B7_
FN:83,_RNCNvNtNtCs5kss5fdZ6xS_14qsoripper_core4adif9normalize15string_is_blank0B7_
FN:42,_RNCNvNtNtCs5kss5fdZ6xS_14qsoripper_core4adif9normalize16parse_rst_report0B7_
FN:92,_RNvNtNtNtCs5kss5fdZ6xS_14qsoripper_core4adif9normalize5testss_38rst_parser_extracts_numeric_components
FN:100,_RNvNtNtNtCs5kss5fdZ6xS_14qsoripper_core4adif9normalize5testss_42dxcc_enrichment_preserves_existing_country
FN:116,_RNvNtNtNtCs5kss5fdZ6xS_14qsoripper_core4adif9normalize5testss_44dxcc_enrichment_ignores_unknown_entity_codes
FNDA:6,_RNvNtNtCsgPbJLsevrBc_14qsoripper_core4adif9normalize15string_is_blank
FNDA:47,_RNvNtNtCsgPbJLsevrBc_14qsoripper_core4adif9normalize16enrich_from_dxcc
FNDA:39,_RNvNtNtCsgPbJLsevrBc_14qsoripper_core4adif9normalize16parse_rst_report
FNDA:340,_RNCNCNCNvNtNtCsgPbJLsevrBc_14qsoripper_core4adif9normalize13DXCC_ENTITIES000Bb_
FNDA:340,_RNCNCNCNvNtNtCsgPbJLsevrBc_14qsoripper_core4adif9normalize13DXCC_ENTITIES00s_0Bb_
FNDA:340,_RNCNCNvNtNtCsgPbJLsevrBc_14qsoripper_core4adif9normalize13DXCC_ENTITIES00B9_
FNDA:1,_RNCNvNtNtCsgPbJLsevrBc_14qsoripper_core4adif9normalize13DXCC_ENTITIES0B7_
FNDA:6,_RNCNvNtNtCsgPbJLsevrBc_14qsoripper_core4adif9normalize15string_is_blank0B7_
FNDA:117,_RNCNvNtNtCsgPbJLsevrBc_14qsoripper_core4adif9normalize16parse_rst_report0B7_
FNDA:8,_RNvNtNtCs5kss5fdZ6xS_14qsoripper_core4adif9normalize15string_is_blank
FNDA:31,_RNvNtNtCs5kss5fdZ6xS_14qsoripper_core4adif9normalize16enrich_from_dxcc
FNDA:18,_RNvNtNtCs5kss5fdZ6xS_14qsoripper_core4adif9normalize16parse_rst_report
FNDA:340,_RNCNCNCNvNtNtCs5kss5fdZ6xS_14qsoripper_core4adif9normalize13DXCC_ENTITIES000Bb_
FNDA:340,_RNCNCNCNvNtNtCs5kss5fdZ6xS_14qsoripper_core4adif9normalize13DXCC_ENTITIES00s_0Bb_
FNDA:340,_RNCNCNvNtNtCs5kss5fdZ6xS_14qsoripper_core4adif9normalize13DXCC_ENTITIES00B9_
FNDA:1,_RNCNvNtNtCs5kss5fdZ6xS_14qsoripper_core4adif9normalize13DXCC_ENTITIES0B7_
FNDA:5,_RNCNvNtNtCs5kss5fdZ6xS_14qsoripper_core4adif9normalize15string_is_blank0B7_
FNDA:54,_RNCNvNtNtCs5kss5fdZ6xS_14qsoripper_core4adif9normalize16parse_rst_report0B7_
FNDA:1,_RNvNtNtNtCs5kss5fdZ6xS_14qsoripper_core4adif9normalize5testss_38rst_parser_extracts_numeric_components
FNDA:1,_RNvNtNtNtCs5kss5fdZ6xS_14qsoripper_core4adif9normalize5testss_42dxcc_enrichment_preserves_existing_country
FNDA:1,_RNvNtNtNtCs5kss5fdZ6xS_14qsoripper_core4adif9normalize5testss_44dxcc_enrichment_ignores_unknown_entity_codes
FNF:12
FNH:12
DA:14,2
DA:15,2
DA:16,2
DA:17,680
DA:18,680
DA:19,680
DA:20,680
DA:21,680
DA:22,680
DA:23,680
DA:25,680
DA:26,680
DA:27,680
DA:28,680
DA:29,680
DA:30,680
DA:31,680
DA:32,680
DA:33,680
DA:34,680
DA:35,2
DA:36,2
DA:38,57
DA:39,57
DA:40,57
DA:42,171
DA:43,171
DA:44,127
DA:45,9
DA:46,118
DA:48,118
DA:49,118
DA:50,171
DA:52,57
DA:53,57
DA:54,57
DA:55,57
DA:56,57
DA:57,57
DA:58,57
DA:60,78
DA:61,78
DA:62,70
DA:64,8
DA:65,1
DA:68,7
DA:69,1
DA:70,6
DA:71,7
DA:72,2
DA:73,5
DA:74,7
DA:75,2
DA:76,5
DA:77,7
DA:78,3
DA:79,4
DA:80,78
DA:82,14
DA:83,14
DA:84,14
DA:92,1
DA:93,1
DA:94,1
DA:95,1
DA:96,1
DA:97,1
DA:100,1
DA:101,1
DA:102,1
DA:103,1
DA:104,1
DA:105,1
DA:107,1
DA:109,1
DA:110,1
DA:111,1
DA:112,1
DA:113,1
DA:116,1
DA:117,1
DA:118,1
DA:119,1
DA:120,1
DA:122,1
DA:124,1
DA:125,1
DA:126,1
DA:127,1
DA:128,1
BRF:0
BRH:0
LF:95
LH:95
end_of_record
SF:C:\Users\randy\Git\qsoripper-adif-refresh\src\rust\qsoripper-core\src\application\logbook.rs
FN:615,_RNCNCNvNtNtCsgPbJLsevrBc_14qsoripper_core11application7logbook18merge_optional_str00B9_
FN:671,_RNCNCNvNtNtCsgPbJLsevrBc_14qsoripper_core11application7logbook24non_empty_trimmed_option00B9_
FN:613,_RNCNvNtNtCsgPbJLsevrBc_14qsoripper_core11application7logbook18merge_optional_str0B7_
FN:622,_RNCNvNtNtCsgPbJLsevrBc_14qsoripper_core11application7logbook18merge_optional_u320B7_
FN:628,_RNCNvNtNtCsgPbJLsevrBc_14qsoripper_core11application7logbook18merge_optional_u640B7_
FN:463,_RNCNvNtNtCsgPbJLsevrBc_14qsoripper_core11application7logbook21invalid_import_reason0B7_
FN:497,_RNCNvNtNtCsgPbJLsevrBc_14qsoripper_core11application7logbook21station_profile_label0B7_
FN:498,_RNCNvNtNtCsgPbJLsevrBc_14qsoripper_core11application7logbook21station_profile_labels_0B7_
FN:669,_RNCNvNtNtCsgPbJLsevrBc_14qsoripper_core11application7logbook24non_empty_trimmed_option0B7_
FN:126,_RNvMNtNtCsgPbJLsevrBc_14qsoripper_core11application7logbookNtB2_13LogbookEngine10delete_qso
FN:95,_RNvMNtNtCsgPbJLsevrBc_14qsoripper_core11application7logbookNtB2_13LogbookEngine10update_qso
FN:180,_RNvMNtNtCsgPbJLsevrBc_14qsoripper_core11application7logbookNtB2_13LogbookEngine15get_sync_status
FN:196,_RNvMNtNtCsgPbJLsevrBc_14qsoripper_core11application7logbookNtB2_13LogbookEngine16import_adif_qsos
FN:30,_RNvMNtNtCsgPbJLsevrBc_14qsoripper_core11application7logbookNtB2_13LogbookEngine20storage_backend_name
FN:232,_RNvMNtNtCsgPbJLsevrBc_14qsoripper_core11application7logbookNtB2_13LogbookEngine20update_sync_metadata
FN:302,_RNvMNtNtCsgPbJLsevrBc_14qsoripper_core11application7logbookNtB2_13LogbookEngine21find_duplicate_import
FN:240,_RNvMNtNtCsgPbJLsevrBc_14qsoripper_core11application7logbookNtB2_13LogbookEngine22import_single_adif_qso
FN:65,_RNvMNtNtCsgPbJLsevrBc_14qsoripper_core11application7logbookNtB2_13LogbookEngine28log_qso_with_station_profile
FN:24,_RNvMNtNtCsgPbJLsevrBc_14qsoripper_core11application7logbookNtB2_13LogbookEngine3new
FN:148,_RNvMNtNtCsgPbJLsevrBc_14qsoripper_core11application7logbookNtB2_13LogbookEngine7get_qso
FN:40,_RNvMNtNtCsgPbJLsevrBc_14qsoripper_core11application7logbookNtB2_13LogbookEngine7log_qso
FN:167,_RNvMNtNtCsgPbJLsevrBc_14qsoripper_core11application7logbookNtB2_13LogbookEngine9list_qsos
FN:397,_RNvMs0_NtNtCsgPbJLsevrBc_14qsoripper_core11application7logbookNtB5_17AdifImportOutcome7skipped
FN:358,_RNvMs_NtNtCsgPbJLsevrBc_14qsoripper_core11application7logbookNtB4_17LogbookSyncStatus10from_parts
FN:675,_RNvNtNtCsgPbJLsevrBc_14qsoripper_core11application7logbook13now_timestamp
FN:639,_RNvNtNtCsgPbJLsevrBc_14qsoripper_core11application7logbook16timestamps_match
FN:664,_RNvNtNtCsgPbJLsevrBc_14qsoripper_core11application7logbook17non_empty_trimmed
FN:612,_RNvNtNtCsgPbJLsevrBc_14qsoripper_core11application7logbook18merge_optional_str
FN:621,_RNvNtNtCsgPbJLsevrBc_14qsoripper_core11application7logbook18merge_optional_u32
FN:627,_RNvNtNtCsgPbJLsevrBc_14qsoripper_core11application7logbook18merge_optional_u64
FN:452,_RNvNtNtCsgPbJLsevrBc_14qsoripper_core11application7logbook21invalid_import_reason
FN:525,_RNvNtNtCsgPbJLsevrBc_14qsoripper_core11application7logbook21merge_qso_for_refresh
FN:495,_RNvNtNtCsgPbJLsevrBc_14qsoripper_core11application7logbook21station_profile_label
FN:685,_RNvNtNtCsgPbJLsevrBc_14qsoripper_core11application7logbook22is_pending_sync_status
FN:657,_RNvNtNtCsgPbJLsevrBc_14qsoripper_core11application7logbook23optional_u64_compatible
FN:487,_RNvNtNtCsgPbJLsevrBc_14qsoripper_core11application7logbook23qso_has_station_context
FN:633,_RNvNtNtCsgPbJLsevrBc_14qsoripper_core11application7logbook24merge_optional_timestamp
FN:668,_RNvNtNtCsgPbJLsevrBc_14qsoripper_core11application7logbook24non_empty_trimmed_option
FN:501,_RNvNtNtCsgPbJLsevrBc_14qsoripper_core11application7logbook24qsos_match_for_duplicate
FN:647,_RNvNtNtCsgPbJLsevrBc_14qsoripper_core11application7logbook27optional_strings_compatible
FN:410,_RNvNtNtCsgPbJLsevrBc_14qsoripper_core11application7logbook28validate_qso_for_persistence
FN:405,_RNvNtNtCsgPbJLsevrBc_14qsoripper_core11application7logbook29normalize_qso_for_persistence
FN:643,_RNvNtNtCsgPbJLsevrBc_14qsoripper_core11application7logbook31strings_equal_ignore_ascii_case
FN:103,_RNCNCNvMNtNtCsgPbJLsevrBc_14qsoripper_core11application7logbookNtB6_13LogbookEngine10update_qso00Ba_
FN:108,_RNCNCNvMNtNtCsgPbJLsevrBc_14qsoripper_core11application7logbookNtB6_13LogbookEngine10update_qso0s_0Ba_
FN:311,_RNCNCNvMNtNtCsgPbJLsevrBc_14qsoripper_core11application7logbookNtB6_13LogbookEngine21find_duplicate_import00Ba_
FN:325,_RNCNCNvMNtNtCsgPbJLsevrBc_14qsoripper_core11application7logbookNtB6_13LogbookEngine21find_duplicate_import0s_0Ba_
FN:159,_RNCNCNvMNtNtCsgPbJLsevrBc_14qsoripper_core11application7logbookNtB6_13LogbookEngine7get_qso00Ba_
FN:126,_RNCNvMNtNtCsgPbJLsevrBc_14qsoripper_core11application7logbookNtB4_13LogbookEngine10delete_qso0B8_
FN:95,_RNCNvMNtNtCsgPbJLsevrBc_14qsoripper_core11application7logbookNtB4_13LogbookEngine10update_qso0B8_
FN:180,_RNCNvMNtNtCsgPbJLsevrBc_14qsoripper_core11application7logbookNtB4_13LogbookEngine15get_sync_status0B8_
FN:201,_RNCNvMNtNtCsgPbJLsevrBc_14qsoripper_core11application7logbookNtB4_13LogbookEngine16import_adif_qsos0B8_
FN:232,_RNCNvMNtNtCsgPbJLsevrBc_14qsoripper_core11application7logbookNtB4_13LogbookEngine20update_sync_metadata0B8_
FN:305,_RNCNvMNtNtCsgPbJLsevrBc_14qsoripper_core11application7logbookNtB4_13LogbookEngine21find_duplicate_import0B8_
FN:246,_RNCNvMNtNtCsgPbJLsevrBc_14qsoripper_core11application7logbookNtB4_13LogbookEngine22import_single_adif_qso0B8_
FN:69,_RNCNvMNtNtCsgPbJLsevrBc_14qsoripper_core11application7logbookNtB4_13LogbookEngine28log_qso_with_station_profile0B8_
FN:148,_RNCNvMNtNtCsgPbJLsevrBc_14qsoripper_core11application7logbookNtB4_13LogbookEngine7get_qso0B8_
FN:40,_RNCNvMNtNtCsgPbJLsevrBc_14qsoripper_core11application7logbookNtB4_13LogbookEngine7log_qso0B8_
FN:167,_RNCNvMNtNtCsgPbJLsevrBc_14qsoripper_core11application7logbookNtB4_13LogbookEngine9list_qsos0B8_
FN:103,_RNCNCNvMNtNtCs5kss5fdZ6xS_14qsoripper_core11application7logbookNtB6_13LogbookEngine10update_qso00Ba_
FN:108,_RNCNCNvMNtNtCs5kss5fdZ6xS_14qsoripper_core11application7logbookNtB6_13LogbookEngine10update_qso0s_0Ba_
FN:311,_RNCNCNvMNtNtCs5kss5fdZ6xS_14qsoripper_core11application7logbookNtB6_13LogbookEngine21find_duplicate_import00Ba_
FN:325,_RNCNCNvMNtNtCs5kss5fdZ6xS_14qsoripper_core11application7logbookNtB6_13LogbookEngine21find_duplicate_import0s_0Ba_
FN:159,_RNCNCNvMNtNtCs5kss5fdZ6xS_14qsoripper_core11application7logbookNtB6_13LogbookEngine7get_qso00Ba_
FN:615,_RNCNCNvNtNtCs5kss5fdZ6xS_14qsoripper_core11application7logbook18merge_optional_str00B9_
FN:671,_RNCNCNvNtNtCs5kss5fdZ6xS_14qsoripper_core11application7logbook24non_empty_trimmed_option00B9_
FN:126,_RNCNvMNtNtCs5kss5fdZ6xS_14qsoripper_core11application7logbookNtB4_13LogbookEngine10delete_qso0B8_
FN:95,_RNCNvMNtNtCs5kss5fdZ6xS_14qsoripper_core11application7logbookNtB4_13LogbookEngine10update_qso0B8_
FN:180,_RNCNvMNtNtCs5kss5fdZ6xS_14qsoripper_core11application7logbookNtB4_13LogbookEngine15get_sync_status0B8_
FN:201,_RNCNvMNtNtCs5kss5fdZ6xS_14qsoripper_core11application7logbookNtB4_13LogbookEngine16import_adif_qsos0B8_
FN:232,_RNCNvMNtNtCs5kss5fdZ6xS_14qsoripper_core11application7logbookNtB4_13LogbookEngine20update_sync_metadata0B8_
FN:305,_RNCNvMNtNtCs5kss5fdZ6xS_14qsoripper_core11application7logbookNtB4_13LogbookEngine21find_duplicate_import0B8_
FN:246,_RNCNvMNtNtCs5kss5fdZ6xS_14qsoripper_core11application7logbookNtB4_13LogbookEngine22import_single_adif_qso0B8_
FN:69,_RNCNvMNtNtCs5kss5fdZ6xS_14qsoripper_core11application7logbookNtB4_13LogbookEngine28log_qso_with_station_profile0B8_
FN:148,_RNCNvMNtNtCs5kss5fdZ6xS_14qsoripper_core11application7logbookNtB4_13LogbookEngine7get_qso0B8_
FN:40,_RNCNvMNtNtCs5kss5fdZ6xS_14qsoripper_core11application7logbookNtB4_13LogbookEngine7log_qso0B8_
FN:167,_RNCNvMNtNtCs5kss5fdZ6xS_14qsoripper_core11application7logbookNtB4_13LogbookEngine9list_qsos0B8_
FN:613,_RNCNvNtNtCs5kss5fdZ6xS_14qsoripper_core11application7logbook18merge_optional_str0B7_
FN:622,_RNCNvNtNtCs5kss5fdZ6xS_14qsoripper_core11application7logbook18merge_optional_u320B7_
FN:628,_RNCNvNtNtCs5kss5fdZ6xS_14qsoripper_core11application7logbook18merge_optional_u640B7_
FN:463,_RNCNvNtNtCs5kss5fdZ6xS_14qsoripper_core11application7logbook21invalid_import_reason0B7_
FN:497,_RNCNvNtNtCs5kss5fdZ6xS_14qsoripper_core11application7logbook21station_profile_label0B7_
FN:498,_RNCNvNtNtCs5kss5fdZ6xS_14qsoripper_core11application7logbook21station_profile_labels_0B7_
FN:669,_RNCNvNtNtCs5kss5fdZ6xS_14qsoripper_core11application7logbook24non_empty_trimmed_option0B7_
FN:126,_RNvMNtNtCs5kss5fdZ6xS_14qsoripper_core11application7logbookNtB2_13LogbookEngine10delete_qso
FN:95,_RNvMNtNtCs5kss5fdZ6xS_14qsoripper_core11application7logbookNtB2_13LogbookEngine10update_qso
FN:180,_RNvMNtNtCs5kss5fdZ6xS_14qsoripper_core11application7logbookNtB2_13LogbookEngine15get_sync_status
FN:196,_RNvMNtNtCs5kss5fdZ6xS_14qsoripper_core11application7logbookNtB2_13LogbookEngine16import_adif_qsos
FN:30,_RNvMNtNtCs5kss5fdZ6xS_14qsoripper_core11application7logbookNtB2_13LogbookEngine20storage_backend_name
FN:232,_RNvMNtNtCs5kss5fdZ6xS_14qsoripper_core11application7logbookNtB2_13LogbookEngine20update_sync_metadata
FN:302,_RNvMNtNtCs5kss5fdZ6xS_14qsoripper_core11application7logbookNtB2_13LogbookEngine21find_duplicate_import
FN:240,_RNvMNtNtCs5kss5fdZ6xS_14qsoripper_core11application7logbookNtB2_13LogbookEngine22import_single_adif_qso
FN:65,_RNvMNtNtCs5kss5fdZ6xS_14qsoripper_core11application7logbookNtB2_13LogbookEngine28log_qso_with_station_profile
FN:24,_RNvMNtNtCs5kss5fdZ6xS_14qsoripper_core11application7logbookNtB2_13LogbookEngine3new
FN:148,_RNvMNtNtCs5kss5fdZ6xS_14qsoripper_core11application7logbookNtB2_13LogbookEngine7get_qso
FN:40,_RNvMNtNtCs5kss5fdZ6xS_14qsoripper_core11application7logbookNtB2_13LogbookEngine7log_qso
FN:167,_RNvMNtNtCs5kss5fdZ6xS_14qsoripper_core11application7logbookNtB2_13LogbookEngine9list_qsos
FN:397,_RNvMs0_NtNtCs5kss5fdZ6xS_14qsoripper_core11application7logbookNtB5_17AdifImportOutcome7skipped
FN:358,_RNvMs_NtNtCs5kss5fdZ6xS_14qsoripper_core11application7logbookNtB4_17LogbookSyncStatus10from_parts
FN:675,_RNvNtNtCs5kss5fdZ6xS_14qsoripper_core11application7logbook13now_timestamp
FN:639,_RNvNtNtCs5kss5fdZ6xS_14qsoripper_core11application7logbook16timestamps_match
FN:664,_RNvNtNtCs5kss5fdZ6xS_14qsoripper_core11application7logbook17non_empty_trimmed
FN:612,_RNvNtNtCs5kss5fdZ6xS_14qsoripper_core11application7logbook18merge_optional_str
FN:621,_RNvNtNtCs5kss5fdZ6xS_14qsoripper_core11application7logbook18merge_optional_u32
FN:627,_RNvNtNtCs5kss5fdZ6xS_14qsoripper_core11application7logbook18merge_optional_u64
FN:452,_RNvNtNtCs5kss5fdZ6xS_14qsoripper_core11application7logbook21invalid_import_reason
FN:525,_RNvNtNtCs5kss5fdZ6xS_14qsoripper_core11application7logbook21merge_qso_for_refresh
FN:495,_RNvNtNtCs5kss5fdZ6xS_14qsoripper_core11application7logbook21station_profile_label
FN:685,_RNvNtNtCs5kss5fdZ6xS_14qsoripper_core11application7logbook22is_pending_sync_status
FN:657,_RNvNtNtCs5kss5fdZ6xS_14qsoripper_core11application7logbook23optional_u64_compatible
FN:487,_RNvNtNtCs5kss5fdZ6xS_14qsoripper_core11application7logbook23qso_has_station_context
FN:633,_RNvNtNtCs5kss5fdZ6xS_14qsoripper_core11application7logbook24merge_optional_timestamp
FN:668,_RNvNtNtCs5kss5fdZ6xS_14qsoripper_core11application7logbook24non_empty_trimmed_option
FN:501,_RNvNtNtCs5kss5fdZ6xS_14qsoripper_core11application7logbook24qsos_match_for_duplicate
FN:647,_RNvNtNtCs5kss5fdZ6xS_14qsoripper_core11application7logbook27optional_strings_compatible
FN:410,_RNvNtNtCs5kss5fdZ6xS_14qsoripper_core11application7logbook28validate_qso_for_persistence
FN:405,_RNvNtNtCs5kss5fdZ6xS_14qsoripper_core11application7logbook29normalize_qso_for_persistence
FN:643,_RNvNtNtCs5kss5fdZ6xS_14qsoripper_core11application7logbook31strings_equal_ignore_ascii_case
FN:103,_RNCNCNvMNtNtCsgPbJLsevrBc_14qsoripper_core11application7logbookNtB6_13LogbookEngine10update_qso00CsujLUsjorcV_16qsoripper_server
FN:108,_RNCNCNvMNtNtCsgPbJLsevrBc_14qsoripper_core11application7logbookNtB6_13LogbookEngine10update_qso0s_0CsujLUsjorcV_16qsoripper_server
FN:311,_RNCNCNvMNtNtCsgPbJLsevrBc_14qsoripper_core11application7logbookNtB6_13LogbookEngine21find_duplicate_import00CsujLUsjorcV_16qsoripper_server
FN:325,_RNCNCNvMNtNtCsgPbJLsevrBc_14qsoripper_core11application7logbookNtB6_13LogbookEngine21find_duplicate_import0s_0CsujLUsjorcV_16qsoripper_server
FN:159,_RNCNCNvMNtNtCsgPbJLsevrBc_14qsoripper_core11application7logbookNtB6_13LogbookEngine7get_qso00CsujLUsjorcV_16qsoripper_server
FN:126,_RNCNvMNtNtCsgPbJLsevrBc_14qsoripper_core11application7logbookNtB4_13LogbookEngine10delete_qso0CsujLUsjorcV_16qsoripper_server
FN:95,_RNCNvMNtNtCsgPbJLsevrBc_14qsoripper_core11application7logbookNtB4_13LogbookEngine10update_qso0CsujLUsjorcV_16qsoripper_server
FN:180,_RNCNvMNtNtCsgPbJLsevrBc_14qsoripper_core11application7logbookNtB4_13LogbookEngine15get_sync_status0CsujLUsjorcV_16qsoripper_server
FN:201,_RNCNvMNtNtCsgPbJLsevrBc_14qsoripper_core11application7logbookNtB4_13LogbookEngine16import_adif_qsos0CsujLUsjorcV_16qsoripper_server
FN:305,_RNCNvMNtNtCsgPbJLsevrBc_14qsoripper_core11application7logbookNtB4_13LogbookEngine21find_duplicate_import0CsujLUsjorcV_16qsoripper_server
FN:246,_RNCNvMNtNtCsgPbJLsevrBc_14qsoripper_core11application7logbookNtB4_13LogbookEngine22import_single_adif_qso0CsujLUsjorcV_16qsoripper_server
FN:69,_RNCNvMNtNtCsgPbJLsevrBc_14qsoripper_core11application7logbookNtB4_13LogbookEngine28log_qso_with_station_profile0CsujLUsjorcV_16qsoripper_server
FN:148,_RNCNvMNtNtCsgPbJLsevrBc_14qsoripper_core11application7logbookNtB4_13LogbookEngine7get_qso0CsujLUsjorcV_16qsoripper_server
FN:40,_RNCNvMNtNtCsgPbJLsevrBc_14qsoripper_core11application7logbookNtB4_13LogbookEngine7log_qso0CsujLUsjorcV_16qsoripper_server
FN:167,_RNCNvMNtNtCsgPbJLsevrBc_14qsoripper_core11application7logbookNtB4_13LogbookEngine9list_qsos0CsujLUsjorcV_16qsoripper_server
FN:159,_RNCNCNvMNtNtCsgPbJLsevrBc_14qsoripper_core11application7logbookNtB6_13LogbookEngine7get_qso00CsaQT5tdxFSLB_24qsoripper_storage_memory
FN:148,_RNCNvMNtNtCsgPbJLsevrBc_14qsoripper_core11application7logbookNtB4_13LogbookEngine7get_qso0CsaQT5tdxFSLB_24qsoripper_storage_memory
FN:40,_RNCNvMNtNtCsgPbJLsevrBc_14qsoripper_core11application7logbookNtB4_13LogbookEngine7log_qso0CsaQT5tdxFSLB_24qsoripper_storage_memory
FN:167,_RNCNvMNtNtCsgPbJLsevrBc_14qsoripper_core11application7logbookNtB4_13LogbookEngine9list_qsos0CsaQT5tdxFSLB_24qsoripper_storage_memory
FN:159,_RNCNCNvMNtNtCsgPbJLsevrBc_14qsoripper_core11application7logbookNtB6_13LogbookEngine7get_qso00CslOMEjNOpVly_24qsoripper_storage_sqlite
FN:148,_RNCNvMNtNtCsgPbJLsevrBc_14qsoripper_core11application7logbookNtB4_13LogbookEngine7get_qso0CslOMEjNOpVly_24qsoripper_storage_sqlite
FN:40,_RNCNvMNtNtCsgPbJLsevrBc_14qsoripper_core11application7logbookNtB4_13LogbookEngine7log_qso0CslOMEjNOpVly_24qsoripper_storage_sqlite
FN:167,_RNCNvMNtNtCsgPbJLsevrBc_14qsoripper_core11application7logbookNtB4_13LogbookEngine9list_qsos0CslOMEjNOpVly_24qsoripper_storage_sqlite
FNDA:0,_RNCNCNvNtNtCsgPbJLsevrBc_14qsoripper_core11application7logbook18merge_optional_str00B9_
FNDA:12,_RNCNCNvNtNtCsgPbJLsevrBc_14qsoripper_core11application7logbook24non_empty_trimmed_option00B9_
FNDA:0,_RNCNvNtNtCsgPbJLsevrBc_14qsoripper_core11application7logbook18merge_optional_str0B7_
FNDA:0,_RNCNvNtNtCsgPbJLsevrBc_14qsoripper_core11application7logbook18merge_optional_u320B7_
FNDA:0,_RNCNvNtNtCsgPbJLsevrBc_14qsoripper_core11application7logbook18merge_optional_u640B7_
FNDA:0,_RNCNvNtNtCsgPbJLsevrBc_14qsoripper_core11application7logbook21invalid_import_reason0B7_
FNDA:0,_RNCNvNtNtCsgPbJLsevrBc_14qsoripper_core11application7logbook21station_profile_label0B7_
FNDA:0,_RNCNvNtNtCsgPbJLsevrBc_14qsoripper_core11application7logbook21station_profile_labels_0B7_
FNDA:12,_RNCNvNtNtCsgPbJLsevrBc_14qsoripper_core11application7logbook24non_empty_trimmed_option0B7_
FNDA:3,_RNvMNtNtCsgPbJLsevrBc_14qsoripper_core11application7logbookNtB2_13LogbookEngine10delete_qso
FNDA:2,_RNvMNtNtCsgPbJLsevrBc_14qsoripper_core11application7logbookNtB2_13LogbookEngine10update_qso
FNDA:4,_RNvMNtNtCsgPbJLsevrBc_14qsoripper_core11application7logbookNtB2_13LogbookEngine15get_sync_status
FNDA:10,_RNvMNtNtCsgPbJLsevrBc_14qsoripper_core11application7logbookNtB2_13LogbookEngine16import_adif_qsos
FNDA:53,_RNvMNtNtCsgPbJLsevrBc_14qsoripper_core11application7logbookNtB2_13LogbookEngine20storage_backend_name
FNDA:0,_RNvMNtNtCsgPbJLsevrBc_14qsoripper_core11application7logbookNtB2_13LogbookEngine20update_sync_metadata
FNDA:11,_RNvMNtNtCsgPbJLsevrBc_14qsoripper_core11application7logbookNtB2_13LogbookEngine21find_duplicate_import
FNDA:12,_RNvMNtNtCsgPbJLsevrBc_14qsoripper_core11application7logbookNtB2_13LogbookEngine22import_single_adif_qso
FNDA:10,_RNvMNtNtCsgPbJLsevrBc_14qsoripper_core11application7logbookNtB2_13LogbookEngine28log_qso_with_station_profile
FNDA:57,_RNvMNtNtCsgPbJLsevrBc_14qsoripper_core11application7logbookNtB2_13LogbookEngine3new
FNDA:9,_RNvMNtNtCsgPbJLsevrBc_14qsoripper_core11application7logbookNtB2_13LogbookEngine7get_qso
FNDA:13,_RNvMNtNtCsgPbJLsevrBc_14qsoripper_core11application7logbookNtB2_13LogbookEngine7log_qso
FNDA:10,_RNvMNtNtCsgPbJLsevrBc_14qsoripper_core11application7logbookNtB2_13LogbookEngine9list_qsos
FNDA:1,_RNvMs0_NtNtCsgPbJLsevrBc_14qsoripper_core11application7logbookNtB5_17AdifImportOutcome7skipped
FNDA:4,_RNvMs_NtNtCsgPbJLsevrBc_14qsoripper_core11application7logbookNtB4_17LogbookSyncStatus10from_parts
FNDA:24,_RNvNtNtCsgPbJLsevrBc_14qsoripper_core11application7logbook13now_timestamp
FNDA:5,_RNvNtNtCsgPbJLsevrBc_14qsoripper_core11application7logbook16timestamps_match
FNDA:11,_RNvNtNtCsgPbJLsevrBc_14qsoripper_core11application7logbook17non_empty_trimmed
FNDA:63,_RNvNtNtCsgPbJLsevrBc_14qsoripper_core11application7logbook18merge_optional_str
FNDA:9,_RNvNtNtCsgPbJLsevrBc_14qsoripper_core11application7logbook18merge_optional_u32
FNDA:3,_RNvNtNtCsgPbJLsevrBc_14qsoripper_core11application7logbook18merge_optional_u64
FNDA:12,_RNvNtNtCsgPbJLsevrBc_14qsoripper_core11application7logbook21invalid_import_reason
FNDA:3,_RNvNtNtCsgPbJLsevrBc_14qsoripper_core11application7logbook21merge_qso_for_refresh
FNDA:1,_RNvNtNtCsgPbJLsevrBc_14qsoripper_core11application7logbook21station_profile_label
FNDA:3,_RNvNtNtCsgPbJLsevrBc_14qsoripper_core11application7logbook22is_pending_sync_status
FNDA:5,_RNvNtNtCsgPbJLsevrBc_14qsoripper_core11application7logbook23optional_u64_compatible
FNDA:12,_RNvNtNtCsgPbJLsevrBc_14qsoripper_core11application7logbook23qso_has_station_context
FNDA:3,_RNvNtNtCsgPbJLsevrBc_14qsoripper_core11application7logbook24merge_optional_timestamp
FNDA:22,_RNvNtNtCsgPbJLsevrBc_14qsoripper_core11application7logbook24non_empty_trimmed_option
FNDA:5,_RNvNtNtCsgPbJLsevrBc_14qsoripper_core11application7logbook24qsos_match_for_duplicate
FNDA:5,_RNvNtNtCsgPbJLsevrBc_14qsoripper_core11application7logbook27optional_strings_compatible
FNDA:25,_RNvNtNtCsgPbJLsevrBc_14qsoripper_core11application7logbook28validate_qso_for_persistence
FNDA:37,_RNvNtNtCsgPbJLsevrBc_14qsoripper_core11application7logbook29normalize_qso_for_persistence
FNDA:10,_RNvNtNtCsgPbJLsevrBc_14qsoripper_core11application7logbook31strings_equal_ignore_ascii_case
FNDA:0,_RNCNCNvMNtNtCsgPbJLsevrBc_14qsoripper_core11application7logbookNtB6_13LogbookEngine10update_qso00Ba_
FNDA:0,_RNCNCNvMNtNtCsgPbJLsevrBc_14qsoripper_core11application7logbookNtB6_13LogbookEngine10update_qso0s_0Ba_
FNDA:0,_RNCNCNvMNtNtCsgPbJLsevrBc_14qsoripper_core11application7logbookNtB6_13LogbookEngine21find_duplicate_import00Ba_
FNDA:0,_RNCNCNvMNtNtCsgPbJLsevrBc_14qsoripper_core11application7logbookNtB6_13LogbookEngine21find_duplicate_import0s_0Ba_
FNDA:0,_RNCNCNvMNtNtCsgPbJLsevrBc_14qsoripper_core11application7logbookNtB6_13LogbookEngine7get_qso00Ba_
FNDA:0,_RNCNvMNtNtCsgPbJLsevrBc_14qsoripper_core11application7logbookNtB4_13LogbookEngine10delete_qso0B8_
FNDA:0,_RNCNvMNtNtCsgPbJLsevrBc_14qsoripper_core11application7logbookNtB4_13LogbookEngine10update_qso0B8_
FNDA:0,_RNCNvMNtNtCsgPbJLsevrBc_14qsoripper_core11application7logbookNtB4_13LogbookEngine15get_sync_status0B8_
FNDA:0,_RNCNvMNtNtCsgPbJLsevrBc_14qsoripper_core11application7logbookNtB4_13LogbookEngine16import_adif_qsos0B8_
FNDA:0,_RNCNvMNtNtCsgPbJLsevrBc_14qsoripper_core11application7logbookNtB4_13LogbookEngine20update_sync_metadata0B8_
FNDA:0,_RNCNvMNtNtCsgPbJLsevrBc_14qsoripper_core11application7logbookNtB4_13LogbookEngine21find_duplicate_import0B8_
FNDA:0,_RNCNvMNtNtCsgPbJLsevrBc_14qsoripper_core11application7logbookNtB4_13LogbookEngine22import_single_adif_qso0B8_
FNDA:0,_RNCNvMNtNtCsgPbJLsevrBc_14qsoripper_core11application7logbookNtB4_13LogbookEngine28log_qso_with_station_profile0B8_
FNDA:0,_RNCNvMNtNtCsgPbJLsevrBc_14qsoripper_core11application7logbookNtB4_13LogbookEngine7get_qso0B8_
FNDA:0,_RNCNvMNtNtCsgPbJLsevrBc_14qsoripper_core11application7logbookNtB4_13LogbookEngine7log_qso0B8_
FNDA:0,_RNCNvMNtNtCsgPbJLsevrBc_14qsoripper_core11application7logbookNtB4_13LogbookEngine9list_qsos0B8_
FNDA:0,_RNCNCNvMNtNtCs5kss5fdZ6xS_14qsoripper_core11application7logbookNtB6_13LogbookEngine10update_qso00Ba_
FNDA:0,_RNCNCNvMNtNtCs5kss5fdZ6xS_14qsoripper_core11application7logbookNtB6_13LogbookEngine10update_qso0s_0Ba_
FNDA:0,_RNCNCNvMNtNtCs5kss5fdZ6xS_14qsoripper_core11application7logbookNtB6_13LogbookEngine21find_duplicate_import00Ba_
FNDA:0,_RNCNCNvMNtNtCs5kss5fdZ6xS_14qsoripper_core11application7logbookNtB6_13LogbookEngine21find_duplicate_import0s_0Ba_
FNDA:0,_RNCNCNvMNtNtCs5kss5fdZ6xS_14qsoripper_core11application7logbookNtB6_13LogbookEngine7get_qso00Ba_
FNDA:0,_RNCNCNvNtNtCs5kss5fdZ6xS_14qsoripper_core11application7logbook18merge_optional_str00B9_
FNDA:0,_RNCNCNvNtNtCs5kss5fdZ6xS_14qsoripper_core11application7logbook24non_empty_trimmed_option00B9_
FNDA:0,_RNCNvMNtNtCs5kss5fdZ6xS_14qsoripper_core11application7logbookNtB4_13LogbookEngine10delete_qso0B8_
FNDA:0,_RNCNvMNtNtCs5kss5fdZ6xS_14qsoripper_core11application7logbookNtB4_13LogbookEngine10update_qso0B8_
FNDA:0,_RNCNvMNtNtCs5kss5fdZ6xS_14qsoripper_core11application7logbookNtB4_13LogbookEngine15get_sync_status0B8_
FNDA:0,_RNCNvMNtNtCs5kss5fdZ6xS_14qsoripper_core11application7logbookNtB4_13LogbookEngine16import_adif_qsos0B8_
FNDA:0,_RNCNvMNtNtCs5kss5fdZ6xS_14qsoripper_core11application7logbookNtB4_13LogbookEngine20update_sync_metadata0B8_
FNDA:0,_RNCNvMNtNtCs5kss5fdZ6xS_14qsoripper_core11application7logbookNtB4_13LogbookEngine21find_duplicate_import0B8_
FNDA:0,_RNCNvMNtNtCs5kss5fdZ6xS_14qsoripper_core11application7logbookNtB4_13LogbookEngine22import_single_adif_qso0B8_
FNDA:0,_RNCNvMNtNtCs5kss5fdZ6xS_14qsoripper_core11application7logbookNtB4_13LogbookEngine28log_qso_with_station_profile0B8_
FNDA:0,_RNCNvMNtNtCs5kss5fdZ6xS_14qsoripper_core11application7logbookNtB4_13LogbookEngine7get_qso0B8_
FNDA:0,_RNCNvMNtNtCs5kss5fdZ6xS_14qsoripper_core11application7logbookNtB4_13LogbookEngine7log_qso0B8_
FNDA:0,_RNCNvMNtNtCs5kss5fdZ6xS_14qsoripper_core11application7logbookNtB4_13LogbookEngine9list_qsos0B8_
FNDA:0,_RNCNvNtNtCs5kss5fdZ6xS_14qsoripper_core11application7logbook18merge_optional_str0B7_
FNDA:0,_RNCNvNtNtCs5kss5fdZ6xS_14qsoripper_core11application7logbook18merge_optional_u320B7_
FNDA:0,_RNCNvNtNtCs5kss5fdZ6xS_14qsoripper_core11application7logbook18merge_optional_u640B7_
FNDA:0,_RNCNvNtNtCs5kss5fdZ6xS_14qsoripper_core11application7logbook21invalid_import_reason0B7_
FNDA:0,_RNCNvNtNtCs5kss5fdZ6xS_14qsoripper_core11application7logbook21station_profile_label0B7_
FNDA:0,_RNCNvNtNtCs5kss5fdZ6xS_14qsoripper_core11application7logbook21station_profile_labels_0B7_
FNDA:0,_RNCNvNtNtCs5kss5fdZ6xS_14qsoripper_core11application7logbook24non_empty_trimmed_option0B7_
FNDA:0,_RNvMNtNtCs5kss5fdZ6xS_14qsoripper_core11application7logbookNtB2_13LogbookEngine10delete_qso
FNDA:0,_RNvMNtNtCs5kss5fdZ6xS_14qsoripper_core11application7logbookNtB2_13LogbookEngine10update_qso
FNDA:0,_RNvMNtNtCs5kss5fdZ6xS_14qsoripper_core11application7logbookNtB2_13LogbookEngine15get_sync_status
FNDA:0,_RNvMNtNtCs5kss5fdZ6xS_14qsoripper_core11application7logbookNtB2_13LogbookEngine16import_adif_qsos
FNDA:0,_RNvMNtNtCs5kss5fdZ6xS_14qsoripper_core11application7logbookNtB2_13LogbookEngine20storage_backend_name
FNDA:0,_RNvMNtNtCs5kss5fdZ6xS_14qsoripper_core11application7logbookNtB2_13LogbookEngine20update_sync_metadata
FNDA:0,_RNvMNtNtCs5kss5fdZ6xS_14qsoripper_core11application7logbookNtB2_13LogbookEngine21find_duplicate_import
FNDA:0,_RNvMNtNtCs5kss5fdZ6xS_14qsoripper_core11application7logbookNtB2_13LogbookEngine22import_single_adif_qso
FNDA:0,_RNvMNtNtCs5kss5fdZ6xS_14qsoripper_core11application7logbookNtB2_13LogbookEngine28log_qso_with_station_profile
FNDA:0,_RNvMNtNtCs5kss5fdZ6xS_14qsoripper_core11application7logbookNtB2_13LogbookEngine3new
FNDA:0,_RNvMNtNtCs5kss5fdZ6xS_14qsoripper_core11application7logbookNtB2_13LogbookEngine7get_qso
FNDA:0,_RNvMNtNtCs5kss5fdZ6xS_14qsoripper_core11application7logbookNtB2_13LogbookEngine7log_qso
FNDA:0,_RNvMNtNtCs5kss5fdZ6xS_14qsoripper_core11application7logbookNtB2_13LogbookEngine9list_qsos
FNDA:0,_RNvMs0_NtNtCs5kss5fdZ6xS_14qsoripper_core11application7logbookNtB5_17AdifImportOutcome7skipped
FNDA:0,_RNvMs_NtNtCs5kss5fdZ6xS_14qsoripper_core11application7logbookNtB4_17LogbookSyncStatus10from_parts
FNDA:0,_RNvNtNtCs5kss5fdZ6xS_14qsoripper_core11application7logbook13now_timestamp
FNDA:0,_RNvNtNtCs5kss5fdZ6xS_14qsoripper_core11application7logbook16timestamps_match
FNDA:0,_RNvNtNtCs5kss5fdZ6xS_14qsoripper_core11application7logbook17non_empty_trimmed
FNDA:0,_RNvNtNtCs5kss5fdZ6xS_14qsoripper_core11application7logbook18merge_optional_str
FNDA:0,_RNvNtNtCs5kss5fdZ6xS_14qsoripper_core11application7logbook18merge_optional_u32
FNDA:0,_RNvNtNtCs5kss5fdZ6xS_14qsoripper_core11application7logbook18merge_optional_u64
FNDA:0,_RNvNtNtCs5kss5fdZ6xS_14qsoripper_core11application7logbook21invalid_import_reason
FNDA:0,_RNvNtNtCs5kss5fdZ6xS_14qsoripper_core11application7logbook21merge_qso_for_refresh
FNDA:0,_RNvNtNtCs5kss5fdZ6xS_14qsoripper_core11application7logbook21station_profile_label
FNDA:0,_RNvNtNtCs5kss5fdZ6xS_14qsoripper_core11application7logbook22is_pending_sync_status
FNDA:0,_RNvNtNtCs5kss5fdZ6xS_14qsoripper_core11application7logbook23optional_u64_compatible
FNDA:0,_RNvNtNtCs5kss5fdZ6xS_14qsoripper_core11application7logbook23qso_has_station_context
FNDA:0,_RNvNtNtCs5kss5fdZ6xS_14qsoripper_core11application7logbook24merge_optional_timestamp
FNDA:0,_RNvNtNtCs5kss5fdZ6xS_14qsoripper_core11application7logbook24non_empty_trimmed_option
FNDA:0,_RNvNtNtCs5kss5fdZ6xS_14qsoripper_core11application7logbook24qsos_match_for_duplicate
FNDA:0,_RNvNtNtCs5kss5fdZ6xS_14qsoripper_core11application7logbook27optional_strings_compatible
FNDA:0,_RNvNtNtCs5kss5fdZ6xS_14qsoripper_core11application7logbook28validate_qso_for_persistence
FNDA:0,_RNvNtNtCs5kss5fdZ6xS_14qsoripper_core11application7logbook29normalize_qso_for_persistence
FNDA:0,_RNvNtNtCs5kss5fdZ6xS_14qsoripper_core11application7logbook31strings_equal_ignore_ascii_case
FNDA:0,_RNCNCNvMNtNtCsgPbJLsevrBc_14qsoripper_core11application7logbookNtB6_13LogbookEngine10update_qso00CsujLUsjorcV_16qsoripper_server
FNDA:0,_RNCNCNvMNtNtCsgPbJLsevrBc_14qsoripper_core11application7logbookNtB6_13LogbookEngine10update_qso0s_0CsujLUsjorcV_16qsoripper_server
FNDA:0,_RNCNCNvMNtNtCsgPbJLsevrBc_14qsoripper_core11application7logbookNtB6_13LogbookEngine21find_duplicate_import00CsujLUsjorcV_16qsoripper_server
FNDA:5,_RNCNCNvMNtNtCsgPbJLsevrBc_14qsoripper_core11application7logbookNtB6_13LogbookEngine21find_duplicate_import0s_0CsujLUsjorcV_16qsoripper_server
FNDA:2,_RNCNCNvMNtNtCsgPbJLsevrBc_14qsoripper_core11application7logbookNtB6_13LogbookEngine7get_qso00CsujLUsjorcV_16qsoripper_server
FNDA:3,_RNCNvMNtNtCsgPbJLsevrBc_14qsoripper_core11application7logbookNtB4_13LogbookEngine10delete_qso0CsujLUsjorcV_16qsoripper_server
FNDA:2,_RNCNvMNtNtCsgPbJLsevrBc_14qsoripper_core11application7logbookNtB4_13LogbookEngine10update_qso0CsujLUsjorcV_16qsoripper_server
FNDA:4,_RNCNvMNtNtCsgPbJLsevrBc_14qsoripper_core11application7logbookNtB4_13LogbookEngine15get_sync_status0CsujLUsjorcV_16qsoripper_server
FNDA:10,_RNCNvMNtNtCsgPbJLsevrBc_14qsoripper_core11application7logbookNtB4_13LogbookEngine16import_adif_qsos0CsujLUsjorcV_16qsoripper_server
FNDA:11,_RNCNvMNtNtCsgPbJLsevrBc_14qsoripper_core11application7logbookNtB4_13LogbookEngine21find_duplicate_import0CsujLUsjorcV_16qsoripper_server
FNDA:12,_RNCNvMNtNtCsgPbJLsevrBc_14qsoripper_core11application7logbookNtB4_13LogbookEngine22import_single_adif_qso0CsujLUsjorcV_16qsoripper_server
FNDA:10,_RNCNvMNtNtCsgPbJLsevrBc_14qsoripper_core11application7logbookNtB4_13LogbookEngine28log_qso_with_station_profile0CsujLUsjorcV_16qsoripper_server
FNDA:7,_RNCNvMNtNtCsgPbJLsevrBc_14qsoripper_core11application7logbookNtB4_13LogbookEngine7get_qso0CsujLUsjorcV_16qsoripper_server
FNDA:7,_RNCNvMNtNtCsgPbJLsevrBc_14qsoripper_core11application7logbookNtB4_13LogbookEngine7log_qso0CsujLUsjorcV_16qsoripper_server
FNDA:7,_RNCNvMNtNtCsgPbJLsevrBc_14qsoripper_core11application7logbookNtB4_13LogbookEngine9list_qsos0CsujLUsjorcV_16qsoripper_server
FNDA:0,_RNCNCNvMNtNtCsgPbJLsevrBc_14qsoripper_core11application7logbookNtB6_13LogbookEngine7get_qso00CsaQT5tdxFSLB_24qsoripper_storage_memory
FNDA:1,_RNCNvMNtNtCsgPbJLsevrBc_14qsoripper_core11application7logbookNtB4_13LogbookEngine7get_qso0CsaQT5tdxFSLB_24qsoripper_storage_memory
FNDA:3,_RNCNvMNtNtCsgPbJLsevrBc_14qsoripper_core11application7logbookNtB4_13LogbookEngine7log_qso0CsaQT5tdxFSLB_24qsoripper_storage_memory
FNDA:2,_RNCNvMNtNtCsgPbJLsevrBc_14qsoripper_core11application7logbookNtB4_13LogbookEngine9list_qsos0CsaQT5tdxFSLB_24qsoripper_storage_memory
FNDA:0,_RNCNCNvMNtNtCsgPbJLsevrBc_14qsoripper_core11application7logbookNtB6_13LogbookEngine7get_qso00CslOMEjNOpVly_24qsoripper_storage_sqlite
[...]
FN:380,_RINvCs3yFwPKqX78L_24qsoripper_storage_sqlite14encode_messageNtNtNtNtCsgPbJLsevrBc_14qsoripper_core5proto9qsoripper6domain12LookupResultEB2_
FN:380,_RINvCs3yFwPKqX78L_24qsoripper_storage_sqlite14encode_messageNtNtNtNtCsgPbJLsevrBc_14qsoripper_core5proto9qsoripper6domain9QsoRecordEB2_
FN:411,_RINvCs3yFwPKqX78L_24qsoripper_storage_sqlite14query_optionalINtNtCs2ocB3yIIgEv_5alloc3vec3VechEEB2_
FN:411,_RINvCs3yFwPKqX78L_24qsoripper_storage_sqlite14query_optionalxEB2_
FN:83,_RNCNCNvXs0_Cs3yFwPKqX78L_24qsoripper_storage_sqliteNtB9_13SqliteStorageNtNtNtCsgPbJLsevrBc_14qsoripper_core7storage5ports12LogbookStore10insert_qso00B9_
FN:242,_RNCNCNvXs0_Cs3yFwPKqX78L_24qsoripper_storage_sqliteNtB9_13SqliteStorageNtNtNtCsgPbJLsevrBc_14qsoripper_core7storage5ports12LogbookStore10qso_counts00B9_
FN:244,_RNCNCNvXs0_Cs3yFwPKqX78L_24qsoripper_storage_sqliteNtB9_13SqliteStorageNtNtNtCsgPbJLsevrBc_14qsoripper_core7storage5ports12LogbookStore10qso_counts0s_0B9_
FN:264,_RNCNCNvXs0_Cs3yFwPKqX78L_24qsoripper_storage_sqliteNtB9_13SqliteStorageNtNtNtCsgPbJLsevrBc_14qsoripper_core7storage5ports12LogbookStore17get_sync_metadata00B9_
FN:150,_RNCNCNvXs0_Cs3yFwPKqX78L_24qsoripper_storage_sqliteNtB9_13SqliteStorageNtNtNtCsgPbJLsevrBc_14qsoripper_core7storage5ports12LogbookStore7get_qso00B9_
FN:221,_RNCNCNvXs0_Cs3yFwPKqX78L_24qsoripper_storage_sqliteNtB9_13SqliteStorageNtNtNtCsgPbJLsevrBc_14qsoripper_core7storage5ports12LogbookStore9list_qsos00B9_
FN:320,_RNCNCNvXs1_Cs3yFwPKqX78L_24qsoripper_storage_sqliteNtB9_13SqliteStorageNtNtNtCsgPbJLsevrBc_14qsoripper_core7storage5ports19LookupSnapshotStore19get_lookup_snapshot00B9_
FN:385,_RNCNvCs3yFwPKqX78L_24qsoripper_storage_sqlite10decode_qso0B3_
FN:460,_RNCNvCs3yFwPKqX78L_24qsoripper_storage_sqlite19millis_to_timestamp0B3_
FN:450,_RNCNvCs3yFwPKqX78L_24qsoripper_storage_sqlite19timestamp_to_millis0B3_
FN:27,_RNCNvMCs3yFwPKqX78L_24qsoripper_storage_sqliteNtB4_13SqliteStorage10connection0B4_
FN:502,_RNvNtCslOMEjNOpVly_24qsoripper_storage_sqlite5testss_38sqlite_storage_lists_qsos_with_filters
FN:544,_RNvNtCslOMEjNOpVly_24qsoripper_storage_sqlite5testss_40sqlite_storage_persists_lookup_snapshots
FN:582,_RNvNtCslOMEjNOpVly_24qsoripper_storage_sqlite5testss_47timestamp_to_millis_saturates_negative_overflow
FN:572,_RNvNtCslOMEjNOpVly_24qsoripper_storage_sqlite5testss_47timestamp_to_millis_saturates_positive_overflow
FN:479,_RNvNtCslOMEjNOpVly_24qsoripper_storage_sqlite5testss_54sqlite_storage_round_trips_qsos_through_logbook_engine
FN:538,_RNCNCNvNtCslOMEjNOpVly_24qsoripper_storage_sqlite5testss_38sqlite_storage_lists_qsos_with_filters00B7_
FN:502,_RNCNvNtCslOMEjNOpVly_24qsoripper_storage_sqlite5testss_38sqlite_storage_lists_qsos_with_filters0B5_
FN:544,_RNCNvNtCslOMEjNOpVly_24qsoripper_storage_sqlite5testss_40sqlite_storage_persists_lookup_snapshots0B5_
FN:479,_RNCNvNtCslOMEjNOpVly_24qsoripper_storage_sqlite5testss_54sqlite_storage_round_trips_qsos_through_logbook_engine0B5_
FN:380,_RINvCslOMEjNOpVly_24qsoripper_storage_sqlite14encode_messageNtNtNtNtCsgPbJLsevrBc_14qsoripper_core5proto9qsoripper6domain12LookupResultEB2_
FN:380,_RINvCslOMEjNOpVly_24qsoripper_storage_sqlite14encode_messageNtNtNtNtCsgPbJLsevrBc_14qsoripper_core5proto9qsoripper6domain9QsoRecordEB2_
FN:411,_RINvCslOMEjNOpVly_24qsoripper_storage_sqlite14query_optionalINtNtCs2ocB3yIIgEv_5alloc3vec3VechEEB2_
FN:411,_RINvCslOMEjNOpVly_24qsoripper_storage_sqlite14query_optionalxEB2_
FN:83,_RNCNCNvXs0_CslOMEjNOpVly_24qsoripper_storage_sqliteNtB9_13SqliteStorageNtNtNtCsgPbJLsevrBc_14qsoripper_core7storage5ports12LogbookStore10insert_qso00B9_
FN:242,_RNCNCNvXs0_CslOMEjNOpVly_24qsoripper_storage_sqliteNtB9_13SqliteStorageNtNtNtCsgPbJLsevrBc_14qsoripper_core7storage5ports12LogbookStore10qso_counts00B9_
FN:244,_RNCNCNvXs0_CslOMEjNOpVly_24qsoripper_storage_sqliteNtB9_13SqliteStorageNtNtNtCsgPbJLsevrBc_14qsoripper_core7storage5ports12LogbookStore10qso_counts0s_0B9_
FN:264,_RNCNCNvXs0_CslOMEjNOpVly_24qsoripper_storage_sqliteNtB9_13SqliteStorageNtNtNtCsgPbJLsevrBc_14qsoripper_core7storage5ports12LogbookStore17get_sync_metadata00B9_
FN:150,_RNCNCNvXs0_CslOMEjNOpVly_24qsoripper_storage_sqliteNtB9_13SqliteStorageNtNtNtCsgPbJLsevrBc_14qsoripper_core7storage5ports12LogbookStore7get_qso00B9_
FN:221,_RNCNCNvXs0_CslOMEjNOpVly_24qsoripper_storage_sqliteNtB9_13SqliteStorageNtNtNtCsgPbJLsevrBc_14qsoripper_core7storage5ports12LogbookStore9list_qsos00B9_
FN:320,_RNCNCNvXs1_CslOMEjNOpVly_24qsoripper_storage_sqliteNtB9_13SqliteStorageNtNtNtCsgPbJLsevrBc_14qsoripper_core7storage5ports19LookupSnapshotStore19get_lookup_snapshot00B9_
FN:385,_RNCNvCslOMEjNOpVly_24qsoripper_storage_sqlite10decode_qso0B3_
FN:460,_RNCNvCslOMEjNOpVly_24qsoripper_storage_sqlite19millis_to_timestamp0B3_
FN:450,_RNCNvCslOMEjNOpVly_24qsoripper_storage_sqlite19timestamp_to_millis0B3_
FN:27,_RNCNvMCslOMEjNOpVly_24qsoripper_storage_sqliteNtB4_13SqliteStorage10connection0B4_
FN:384,_RNvCslOMEjNOpVly_24qsoripper_storage_sqlite10decode_qso
FN:427,_RNvCslOMEjNOpVly_24qsoripper_storage_sqlite16map_insert_error
FN:438,_RNvCslOMEjNOpVly_24qsoripper_storage_sqlite16map_sqlite_error
FN:401,_RNvCslOMEjNOpVly_24qsoripper_storage_sqlite17execute_statement
FN:388,_RNvCslOMEjNOpVly_24qsoripper_storage_sqlite17prepare_statement
FN:458,_RNvCslOMEjNOpVly_24qsoripper_storage_sqlite19millis_to_timestamp
FN:449,_RNvCslOMEjNOpVly_24qsoripper_storage_sqlite19timestamp_to_millis
FN:24,_RNvMCslOMEjNOpVly_24qsoripper_storage_sqliteNtB2_13SqliteStorage10connection
FN:128,_RNvXs0_CslOMEjNOpVly_24qsoripper_storage_sqliteNtB5_13SqliteStorageNtNtNtCsgPbJLsevrBc_14qsoripper_core7storage5ports12LogbookStore10delete_qso
FN:47,_RNvXs0_CslOMEjNOpVly_24qsoripper_storage_sqliteNtB5_13SqliteStorageNtNtNtCsgPbJLsevrBc_14qsoripper_core7storage5ports12LogbookStore10insert_qso
FN:225,_RNvXs0_CslOMEjNOpVly_24qsoripper_storage_sqliteNtB5_13SqliteStorageNtNtNtCsgPbJLsevrBc_14qsoripper_core7storage5ports12LogbookStore10qso_counts
FN:88,_RNvXs0_CslOMEjNOpVly_24qsoripper_storage_sqliteNtB5_13SqliteStorageNtNtNtCsgPbJLsevrBc_14qsoripper_core7storage5ports12LogbookStore10update_qso
FN:248,_RNvXs0_CslOMEjNOpVly_24qsoripper_storage_sqliteNtB5_13SqliteStorageNtNtNtCsgPbJLsevrBc_14qsoripper_core7storage5ports12LogbookStore17get_sync_metadata
FN:278,_RNvXs0_CslOMEjNOpVly_24qsoripper_storage_sqliteNtB5_13SqliteStorageNtNtNtCsgPbJLsevrBc_14qsoripper_core7storage5ports12LogbookStore20upsert_sync_metadata
FN:140,_RNvXs0_CslOMEjNOpVly_24qsoripper_storage_sqliteNtB5_13SqliteStorageNtNtNtCsgPbJLsevrBc_14qsoripper_core7storage5ports12LogbookStore7get_qso
FN:153,_RNvXs0_CslOMEjNOpVly_24qsoripper_storage_sqliteNtB5_13SqliteStorageNtNtNtCsgPbJLsevrBc_14qsoripper_core7storage5ports12LogbookStore9list_qsos
FN:305,_RNvXs1_CslOMEjNOpVly_24qsoripper_storage_sqliteNtB5_13SqliteStorageNtNtNtCsgPbJLsevrBc_14qsoripper_core7storage5ports19LookupSnapshotStore19get_lookup_snapshot
FN:367,_RNvXs1_CslOMEjNOpVly_24qsoripper_storage_sqliteNtB5_13SqliteStorageNtNtNtCsgPbJLsevrBc_14qsoripper_core7storage5ports19LookupSnapshotStore22delete_lookup_snapshot
FN:342,_RNvXs1_CslOMEjNOpVly_24qsoripper_storage_sqliteNtB5_13SqliteStorageNtNtNtCsgPbJLsevrBc_14qsoripper_core7storage5ports19LookupSnapshotStore22upsert_lookup_snapshot
FN:40,_RNvXs_CslOMEjNOpVly_24qsoripper_storage_sqliteNtB4_13SqliteStorageNtNtNtCsgPbJLsevrBc_14qsoripper_core7storage5ports13EngineStorage12backend_name
FN:36,_RNvXs_CslOMEjNOpVly_24qsoripper_storage_sqliteNtB4_13SqliteStorageNtNtNtCsgPbJLsevrBc_14qsoripper_core7storage5ports13EngineStorage16lookup_snapshots
FN:32,_RNvXs_CslOMEjNOpVly_24qsoripper_storage_sqliteNtB4_13SqliteStorageNtNtNtCsgPbJLsevrBc_14qsoripper_core7storage5ports13EngineStorage7logbook
FNDA:4,_RNvCs3yFwPKqX78L_24qsoripper_storage_sqlite10decode_qso
FNDA:0,_RNvCs3yFwPKqX78L_24qsoripper_storage_sqlite16map_insert_error
FNDA:0,_RNvCs3yFwPKqX78L_24qsoripper_storage_sqlite16map_sqlite_error
FNDA:4,_RNvCs3yFwPKqX78L_24qsoripper_storage_sqlite17execute_statement
FNDA:12,_RNvCs3yFwPKqX78L_24qsoripper_storage_sqlite17prepare_statement
FNDA:1,_RNvCs3yFwPKqX78L_24qsoripper_storage_sqlite19millis_to_timestamp
FNDA:9,_RNvCs3yFwPKqX78L_24qsoripper_storage_sqlite19timestamp_to_millis
FNDA:11,_RNvMCs3yFwPKqX78L_24qsoripper_storage_sqliteNtB2_13SqliteStorage10connection
FNDA:1,_RNvXs0_Cs3yFwPKqX78L_24qsoripper_storage_sqliteNtB5_13SqliteStorageNtNtNtCsgPbJLsevrBc_14qsoripper_core7storage5ports12LogbookStore10delete_qso
FNDA:2,_RNvXs0_Cs3yFwPKqX78L_24qsoripper_storage_sqliteNtB5_13SqliteStorageNtNtNtCsgPbJLsevrBc_14qsoripper_core7storage5ports12LogbookStore10insert_qso
FNDA:1,_RNvXs0_Cs3yFwPKqX78L_24qsoripper_storage_sqliteNtB5_13SqliteStorageNtNtNtCsgPbJLsevrBc_14qsoripper_core7storage5ports12LogbookStore10qso_counts
FNDA:1,_RNvXs0_Cs3yFwPKqX78L_24qsoripper_storage_sqliteNtB5_13SqliteStorageNtNtNtCsgPbJLsevrBc_14qsoripper_core7storage5ports12LogbookStore10update_qso
FNDA:1,_RNvXs0_Cs3yFwPKqX78L_24qsoripper_storage_sqliteNtB5_13SqliteStorageNtNtNtCsgPbJLsevrBc_14qsoripper_core7storage5ports12LogbookStore17get_sync_metadata
FNDA:0,_RNvXs0_Cs3yFwPKqX78L_24qsoripper_storage_sqliteNtB5_13SqliteStorageNtNtNtCsgPbJLsevrBc_14qsoripper_core7storage5ports12LogbookStore20upsert_sync_metadata
FNDA:4,_RNvXs0_Cs3yFwPKqX78L_24qsoripper_storage_sqliteNtB5_13SqliteStorageNtNtNtCsgPbJLsevrBc_14qsoripper_core7storage5ports12LogbookStore7get_qso
FNDA:1,_RNvXs0_Cs3yFwPKqX78L_24qsoripper_storage_sqliteNtB5_13SqliteStorageNtNtNtCsgPbJLsevrBc_14qsoripper_core7storage5ports12LogbookStore9list_qsos
FNDA:0,_RNvXs1_Cs3yFwPKqX78L_24qsoripper_storage_sqliteNtB5_13SqliteStorageNtNtNtCsgPbJLsevrBc_14qsoripper_core7storage5ports19LookupSnapshotStore19get_lookup_snapshot
FNDA:0,_RNvXs1_Cs3yFwPKqX78L_24qsoripper_storage_sqliteNtB5_13SqliteStorageNtNtNtCsgPbJLsevrBc_14qsoripper_core7storage5ports19LookupSnapshotStore22delete_lookup_snapshot
FNDA:0,_RNvXs1_Cs3yFwPKqX78L_24qsoripper_storage_sqliteNtB5_13SqliteStorageNtNtNtCsgPbJLsevrBc_14qsoripper_core7storage5ports19LookupSnapshotStore22upsert_lookup_snapshot
FNDA:19,_RNvXs_Cs3yFwPKqX78L_24qsoripper_storage_sqliteNtB4_13SqliteStorageNtNtNtCsgPbJLsevrBc_14qsoripper_core7storage5ports13EngineStorage12backend_name
FNDA:0,_RNvXs_Cs3yFwPKqX78L_24qsoripper_storage_sqliteNtB4_13SqliteStorageNtNtNtCsgPbJLsevrBc_14qsoripper_core7storage5ports13EngineStorage16lookup_snapshots
FNDA:11,_RNvXs_Cs3yFwPKqX78L_24qsoripper_storage_sqliteNtB4_13SqliteStorageNtNtNtCsgPbJLsevrBc_14qsoripper_core7storage5ports13EngineStorage7logbook
FNDA:0,_RINvCs3yFwPKqX78L_24qsoripper_storage_sqlite14encode_messageNtNtNtNtCsgPbJLsevrBc_14qsoripper_core5proto9qsoripper6domain12LookupResultEB2_
FNDA:3,_RINvCs3yFwPKqX78L_24qsoripper_storage_sqlite14encode_messageNtNtNtNtCsgPbJLsevrBc_14qsoripper_core5proto9qsoripper6domain9QsoRecordEB2_
FNDA:4,_RINvCs3yFwPKqX78L_24qsoripper_storage_sqlite14query_optionalINtNtCs2ocB3yIIgEv_5alloc3vec3VechEEB2_
FNDA:2,_RINvCs3yFwPKqX78L_24qsoripper_storage_sqlite14query_optionalxEB2_
FNDA:0,_RNCNCNvXs0_Cs3yFwPKqX78L_24qsoripper_storage_sqliteNtB9_13SqliteStorageNtNtNtCsgPbJLsevrBc_14qsoripper_core7storage5ports12LogbookStore10insert_qso00B9_
FNDA:0,_RNCNCNvXs0_Cs3yFwPKqX78L_24qsoripper_storage_sqliteNtB9_13SqliteStorageNtNtNtCsgPbJLsevrBc_14qsoripper_core7storage5ports12LogbookStore10qso_counts00B9_
FNDA:0,_RNCNCNvXs0_Cs3yFwPKqX78L_24qsoripper_storage_sqliteNtB9_13SqliteStorageNtNtNtCsgPbJLsevrBc_14qsoripper_core7storage5ports12LogbookStore10qso_counts0s_0B9_
FNDA:0,_RNCNCNvXs0_Cs3yFwPKqX78L_24qsoripper_storage_sqliteNtB9_13SqliteStorageNtNtNtCsgPbJLsevrBc_14qsoripper_core7storage5ports12LogbookStore17get_sync_metadata00B9_
FNDA:3,_RNCNCNvXs0_Cs3yFwPKqX78L_24qsoripper_storage_sqliteNtB9_13SqliteStorageNtNtNtCsgPbJLsevrBc_14qsoripper_core7storage5ports12LogbookStore7get_qso00B9_
FNDA:1,_RNCNCNvXs0_Cs3yFwPKqX78L_24qsoripper_storage_sqliteNtB9_13SqliteStorageNtNtNtCsgPbJLsevrBc_14qsoripper_core7storage5ports12LogbookStore9list_qsos00B9_
FNDA:0,_RNCNCNvXs1_Cs3yFwPKqX78L_24qsoripper_storage_sqliteNtB9_13SqliteStorageNtNtNtCsgPbJLsevrBc_14qsoripper_core7storage5ports19LookupSnapshotStore19get_lookup_snapshot00B9_
FNDA:0,_RNCNvCs3yFwPKqX78L_24qsoripper_storage_sqlite10decode_qso0B3_
FNDA:0,_RNCNvCs3yFwPKqX78L_24qsoripper_storage_sqlite19millis_to_timestamp0B3_
FNDA:9,_RNCNvCs3yFwPKqX78L_24qsoripper_storage_sqlite19timestamp_to_millis0B3_
FNDA:0,_RNCNvMCs3yFwPKqX78L_24qsoripper_storage_sqliteNtB4_13SqliteStorage10connection0B4_
FNDA:1,_RNvNtCslOMEjNOpVly_24qsoripper_storage_sqlite5testss_38sqlite_storage_lists_qsos_with_filters
FNDA:1,_RNvNtCslOMEjNOpVly_24qsoripper_storage_sqlite5testss_40sqlite_storage_persists_lookup_snapshots
FNDA:1,_RNvNtCslOMEjNOpVly_24qsoripper_storage_sqlite5testss_47timestamp_to_millis_saturates_negative_overflow
FNDA:1,_RNvNtCslOMEjNOpVly_24qsoripper_storage_sqlite5testss_47timestamp_to_millis_saturates_positive_overflow
FNDA:1,_RNvNtCslOMEjNOpVly_24qsoripper_storage_sqlite5testss_54sqlite_storage_round_trips_qsos_through_logbook_engine
FNDA:1,_RNCNCNvNtCslOMEjNOpVly_24qsoripper_storage_sqlite5testss_38sqlite_storage_lists_qsos_with_filters00B7_
FNDA:1,_RNCNvNtCslOMEjNOpVly_24qsoripper_storage_sqlite5testss_38sqlite_storage_lists_qsos_with_filters0B5_
FNDA:1,_RNCNvNtCslOMEjNOpVly_24qsoripper_storage_sqlite5testss_40sqlite_storage_persists_lookup_snapshots0B5_
FNDA:1,_RNCNvNtCslOMEjNOpVly_24qsoripper_storage_sqlite5testss_54sqlite_storage_round_trips_qsos_through_logbook_engine0B5_
FNDA:1,_RINvCslOMEjNOpVly_24qsoripper_storage_sqlite14encode_messageNtNtNtNtCsgPbJLsevrBc_14qsoripper_core5proto9qsoripper6domain12LookupResultEB2_
FNDA:3,_RINvCslOMEjNOpVly_24qsoripper_storage_sqlite14encode_messageNtNtNtNtCsgPbJLsevrBc_14qsoripper_core5proto9qsoripper6domain9QsoRecordEB2_
FNDA:1,_RINvCslOMEjNOpVly_24qsoripper_storage_sqlite14query_optionalINtNtCs2ocB3yIIgEv_5alloc3vec3VechEEB2_
FNDA:0,_RINvCslOMEjNOpVly_24qsoripper_storage_sqlite14query_optionalxEB2_
FNDA:0,_RNCNCNvXs0_CslOMEjNOpVly_24qsoripper_storage_sqliteNtB9_13SqliteStorageNtNtNtCsgPbJLsevrBc_14qsoripper_core7storage5ports12LogbookStore10insert_qso00B9_
FNDA:0,_RNCNCNvXs0_CslOMEjNOpVly_24qsoripper_storage_sqliteNtB9_13SqliteStorageNtNtNtCsgPbJLsevrBc_14qsoripper_core7storage5ports12LogbookStore10qso_counts00B9_
FNDA:0,_RNCNCNvXs0_CslOMEjNOpVly_24qsoripper_storage_sqliteNtB9_13SqliteStorageNtNtNtCsgPbJLsevrBc_14qsoripper_core7storage5ports12LogbookStore10qso_counts0s_0B9_
FNDA:0,_RNCNCNvXs0_CslOMEjNOpVly_24qsoripper_storage_sqliteNtB9_13SqliteStorageNtNtNtCsgPbJLsevrBc_14qsoripper_core7storage5ports12LogbookStore17get_sync_metadata00B9_
FNDA:1,_RNCNCNvXs0_CslOMEjNOpVly_24qsoripper_storage_sqliteNtB9_13SqliteStorageNtNtNtCsgPbJLsevrBc_14qsoripper_core7storage5ports12LogbookStore7get_qso00B9_
FNDA:1,_RNCNCNvXs0_CslOMEjNOpVly_24qsoripper_storage_sqliteNtB9_13SqliteStorageNtNtNtCsgPbJLsevrBc_14qsoripper_core7storage5ports12LogbookStore9list_qsos00B9_
FNDA:0,_RNCNCNvXs1_CslOMEjNOpVly_24qsoripper_storage_sqliteNtB9_13SqliteStorageNtNtNtCsgPbJLsevrBc_14qsoripper_core7storage5ports19LookupSnapshotStore19get_lookup_snapshot00B9_
FNDA:0,_RNCNvCslOMEjNOpVly_24qsoripper_storage_sqlite10decode_qso0B3_
FNDA:1,_RNCNvCslOMEjNOpVly_24qsoripper_storage_sqlite19millis_to_timestamp0B3_
FNDA:12,_RNCNvCslOMEjNOpVly_24qsoripper_storage_sqlite19timestamp_to_millis0B3_
FNDA:0,_RNCNvMCslOMEjNOpVly_24qsoripper_storage_sqliteNtB4_13SqliteStorage10connection0B4_
FNDA:2,_RNvCslOMEjNOpVly_24qsoripper_storage_sqlite10decode_qso
FNDA:0,_RNvCslOMEjNOpVly_24qsoripper_storage_sqlite16map_insert_error
FNDA:0,_RNvCslOMEjNOpVly_24qsoripper_storage_sqlite16map_sqlite_error
FNDA:4,_RNvCslOMEjNOpVly_24qsoripper_storage_sqlite17execute_statement
FNDA:7,_RNvCslOMEjNOpVly_24qsoripper_storage_sqlite17prepare_statement
FNDA:2,_RNvCslOMEjNOpVly_24qsoripper_storage_sqlite19millis_to_timestamp
FNDA:13,_RNvCslOMEjNOpVly_24qsoripper_storage_sqlite19timestamp_to_millis
FNDA:7,_RNvMCslOMEjNOpVly_24qsoripper_storage_sqliteNtB2_13SqliteStorage10connection
FNDA:0,_RNvXs0_CslOMEjNOpVly_24qsoripper_storage_sqliteNtB5_13SqliteStorageNtNtNtCsgPbJLsevrBc_14qsoripper_core7storage5ports12LogbookStore10delete_qso
FNDA:3,_RNvXs0_CslOMEjNOpVly_24qsoripper_storage_sqliteNtB5_13SqliteStorageNtNtNtCsgPbJLsevrBc_14qsoripper_core7storage5ports12LogbookStore10insert_qso
FNDA:0,_RNvXs0_CslOMEjNOpVly_24qsoripper_storage_sqliteNtB5_13SqliteStorageNtNtNtCsgPbJLsevrBc_14qsoripper_core7storage5ports12LogbookStore10qso_counts
FNDA:0,_RNvXs0_CslOMEjNOpVly_24qsoripper_storage_sqliteNtB5_13SqliteStorageNtNtNtCsgPbJLsevrBc_14qsoripper_core7storage5ports12LogbookStore10update_qso
FNDA:0,_RNvXs0_CslOMEjNOpVly_24qsoripper_storage_sqliteNtB5_13SqliteStorageNtNtNtCsgPbJLsevrBc_14qsoripper_core7storage5ports12LogbookStore17get_sync_metadata
FNDA:0,_RNvXs0_CslOMEjNOpVly_24qsoripper_storage_sqliteNtB5_13SqliteStorageNtNtNtCsgPbJLsevrBc_14qsoripper_core7storage5ports12LogbookStore20upsert_sync_metadata
FNDA:1,_RNvXs0_CslOMEjNOpVly_24qsoripper_storage_sqliteNtB5_13SqliteStorageNtNtNtCsgPbJLsevrBc_14qsoripper_core7storage5ports12LogbookStore7get_qso
FNDA:1,_RNvXs0_CslOMEjNOpVly_24qsoripper_storage_sqliteNtB5_13SqliteStorageNtNtNtCsgPbJLsevrBc_14qsoripper_core7storage5ports12LogbookStore9list_qsos
FNDA:1,_RNvXs1_CslOMEjNOpVly_24qsoripper_storage_sqliteNtB5_13SqliteStorageNtNtNtCsgPbJLsevrBc_14qsoripper_core7storage5ports19LookupSnapshotStore19get_lookup_snapshot
FNDA:0,_RNvXs1_CslOMEjNOpVly_24qsoripper_storage_sqliteNtB5_13SqliteStorageNtNtNtCsgPbJLsevrBc_14qsoripper_core7storage5ports19LookupSnapshotStore22delete_lookup_snapshot
FNDA:1,_RNvXs1_CslOMEjNOpVly_24qsoripper_storage_sqliteNtB5_13SqliteStorageNtNtNtCsgPbJLsevrBc_14qsoripper_core7storage5ports19LookupSnapshotStore22upsert_lookup_snapshot
FNDA:0,_RNvXs_CslOMEjNOpVly_24qsoripper_storage_sqliteNtB4_13SqliteStorageNtNtNtCsgPbJLsevrBc_14qsoripper_core7storage5ports13EngineStorage12backend_name
FNDA:0,_RNvXs_CslOMEjNOpVly_24qsoripper_storage_sqliteNtB4_13SqliteStorageNtNtNtCsgPbJLsevrBc_14qsoripper_core7storage5ports13EngineStorage16lookup_snapshots
FNDA:5,_RNvXs_CslOMEjNOpVly_24qsoripper_storage_sqliteNtB4_13SqliteStorageNtNtNtCsgPbJLsevrBc_14qsoripper_core7storage5ports13EngineStorage7logbook
FNF:44
FNH:32
DA:24,18
DA:25,18
DA:26,18
DA:27,18
DA:28,18
DA:32,16
DA:33,16
DA:34,16
DA:36,0
DA:37,0
DA:38,0
DA:40,19
DA:41,19
DA:42,19
DA:47,5
DA:83,0
DA:86,5
DA:88,1
DA:126,1
DA:128,1
DA:138,1
DA:140,5
DA:150,4
DA:151,5
DA:153,2
DA:179,2
DA:184,2
DA:194,2
DA:203,2
DA:221,2
DA:223,2
DA:225,1
DA:242,0
DA:244,0
DA:246,1
DA:248,1
DA:264,0
DA:276,1
DA:278,0
DA:297,0
DA:305,1
DA:320,0
DA:340,1
DA:342,1
DA:365,1
DA:367,0
DA:377,0
DA:380,7
DA:381,7
DA:382,7
DA:384,6
DA:385,6
DA:386,6
DA:388,19
DA:389,19
DA:390,19
DA:391,19
DA:392,19
DA:393,19
DA:394,19
DA:395,17
DA:396,2
DA:398,19
DA:399,19
DA:401,8
DA:402,8
DA:403,8
DA:404,8
DA:405,8
DA:406,8
DA:407,8
DA:408,8
DA:409,8
DA:411,7
DA:412,7
DA:413,7
DA:414,7
DA:415,7
DA:416,7
DA:417,7
DA:418,7
DA:420,7
DA:421,7
DA:422,6
DA:423,1
DA:425,7
DA:427,0
DA:428,0
DA:429,0
DA:430,0
DA:432,0
DA:434,0
DA:436,0
DA:438,0
DA:439,0
DA:440,0
DA:441,0
DA:442,0
DA:443,0
DA:446,0
DA:447,0
DA:449,22
DA:450,22
DA:451,21
DA:452,21
DA:453,21
DA:454,21
DA:455,21
DA:456,22
DA:458,3
DA:459,3
DA:460,1
DA:461,1
DA:462,1
DA:463,3
DA:479,1
DA:480,1
DA:481,1
DA:482,1
DA:483,1
DA:484,1
DA:485,1
DA:486,1
DA:487,1
DA:488,1
DA:489,1
DA:490,1
DA:492,1
DA:493,1
DA:495,1
DA:496,1
DA:497,1
DA:498,1
DA:499,1
DA:502,1
DA:503,1
DA:504,1
DA:505,1
DA:507,1
DA:508,1
DA:509,1
DA:510,1
DA:511,1
DA:512,1
DA:513,1
DA:514,1
DA:515,1
DA:516,1
DA:517,1
DA:518,1
DA:519,1
DA:520,1
DA:521,1
DA:522,1
DA:523,1
DA:525,1
DA:526,1
DA:528,1
DA:529,1
DA:530,1
DA:531,1
DA:532,1
DA:533,1
DA:534,1
DA:536,1
DA:537,1
DA:538,1
DA:539,1
DA:540,1
DA:541,1
DA:544,1
DA:545,1
DA:546,1
DA:547,1
DA:548,1
DA:549,1
DA:550,1
DA:551,1
DA:552,1
DA:553,1
DA:554,1
DA:555,1
DA:556,1
DA:557,1
DA:558,1
DA:560,1
DA:561,1
DA:563,1
DA:564,0
DA:567,1
DA:568,1
DA:569,1
DA:572,1
DA:573,1
DA:574,1
DA:575,1
DA:576,1
DA:578,1
DA:579,1
DA:582,1
DA:583,1
DA:584,1
DA:585,1
DA:586,1
DA:588,1
DA:589,1
BRF:0
BRH:0
LF:217
LH:187
end_of_record