<?xml version="1.0" encoding="utf-8"?>
<coverage line-rate="0.9383" branch-rate="0.9444" version="1.9" timestamp="1777306679" lines-covered="335" lines-valid="357" branches-covered="85" branches-valid="90">
  <sources>
    <source>C:\wdgit\qsoripper\src\dotnet\</source>
  </sources>
  <packages>
    <package name="QsoRipper.Engine.Storage.Abstractions" line-rate="0.35710000000000003" branch-rate="1" complexity="7">
      <classes>
        <class name="QsoRipper.Engine.Storage.StorageException" filename="QsoRipper.Engine.Storage.Abstractions\StorageException.cs" line-rate="0.35710000000000003" branch-rate="1" complexity="7">
          <methods>
            <method name="Duplicate" signature="(System.String,System.String)" line-rate="1" branch-rate="1" complexity="1">
              <lines>
                <line number="40" hits="1" branch="False" />
              </lines>
            </method>
            <method name="Backend" signature="(System.String)" line-rate="1" branch-rate="1" complexity="1">
              <lines>
                <line number="44" hits="1" branch="False" />
              </lines>
            </method>
            <method name=".ctor" signature="()" line-rate="0" branch-rate="1" complexity="1">
              <lines>
                <line number="12" hits="0" branch="False" />
                <line number="14" hits="0" branch="False" />
              </lines>
            </method>
            <method name=".ctor" signature="(System.String)" line-rate="0" branch-rate="1" complexity="1">
              <lines>
                <line number="17" hits="0" branch="False" />
                <line number="19" hits="0" branch="False" />
              </lines>
            </method>
            <method name=".ctor" signature="(System.String,System.Exception)" line-rate="0" branch-rate="1" complexity="1">
              <lines>
                <line number="22" hits="0" branch="False" />
                <line number="24" hits="0" branch="False" />
              </lines>
            </method>
            <method name=".ctor" signature="(QsoRipper.Engine.Storage.StorageErrorKind,System.String)" line-rate="1" branch-rate="1" complexity="1">
              <lines>
                <line number="27" hits="2" branch="False" />
                <line number="29" hits="2" branch="False" />
                <line number="30" hits="2" branch="False" />
              </lines>
            </method>
            <method name=".ctor" signature="(QsoRipper.Engine.Storage.StorageErrorKind,System.String,System.Exception)" line-rate="0" branch-rate="1" complexity="1">
              <lines>
                <line number="33" hits="0" branch="False" />
                <line number="35" hits="0" branch="False" />
                <line number="36" hits="0" branch="False" />
              </lines>
            </method>
          </methods>
          <lines>
            <line number="40" hits="1" branch="False" />
            <line number="44" hits="1" branch="False" />
            <line number="12" hits="0" branch="False" />
            <line number="14" hits="0" branch="False" />
            <line number="17" hits="0" branch="False" />
            <line number="19" hits="0" branch="False" />
            <line number="22" hits="0" branch="False" />
            <line number="24" hits="0" branch="False" />
            <line number="27" hits="2" branch="False" />
            <line number="29" hits="2" branch="False" />
            <line number="30" hits="2" branch="False" />
            <line number="33" hits="0" branch="False" />
            <line number="35" hits="0" branch="False" />
            <line number="36" hits="0" branch="False" />
          </lines>
        </class>
      </classes>
    </package>
    <package name="QsoRipper.Engine.Storage.Sqlite" line-rate="0.9620000000000001" branch-rate="0.9444" complexity="109">
      <classes>
        <class name="QsoRipper.Engine.Storage.Sqlite.SqliteStorage" filename="QsoRipper.Engine.Storage.Sqlite\SqliteStorage.cs" line-rate="0.9743999999999999" branch-rate="0.9418000000000001" complexity="101">
          <methods>
            <method name="get_BackendName" signature="()" line-rate="1" branch-rate="1" complexity="1">
              <lines>
                <line number="72" hits="2" branch="False" />
              </lines>
            </method>
            <method name="get_Logbook" signature="()" line-rate="1" branch-rate="1" complexity="1">
              <lines>
                <line number="75" hits="144" branch="False" />
              </lines>
            </method>
            <method name="get_LookupSnapshots" signature="()" line-rate="1" branch-rate="1" complexity="1">
              <lines>
                <line number="78" hits="22" branch="False" />
              </lines>
            </method>
            <method name="InsertQsoAsync" signature="(QsoRipper.Domain.QsoRecord)" line-rate="1" branch-rate="1" complexity="1">
              <lines>
                <line number="87" hits="70" branch="False" />
                <line number="91" hits="70" branch="False" />
                <line number="94" hits="70" branch="False" />
                <line number="95" hits="70" branch="False" />
                <line number="96" hits="70" branch="False" />
                <line number="97" hits="70" branch="False" />
                <line number="98" hits="70" branch="False" />
                <line number="99" hits="70" branch="False" />
                <line number="100" hits="70" branch="False" />
                <line number="101" hits="70" branch="False" />
                <line number="102" hits="70" branch="False" />
                <line number="103" hits="70" branch="False" />
                <line number="104" hits="70" branch="False" />
                <line number="105" hits="70" branch="False" />
                <line number="106" hits="68" branch="False" />
                <line number="107" hits="2" branch="False" />
                <line number="109" hits="1" branch="False" />
                <line number="111" hits="1" branch="False" />
                <line number="113" hits="1" branch="False" />
                <line number="117" hits="68" branch="False" />
              </lines>
            </method>
            <method name="UpdateQsoAsync" signature="(QsoRipper.Domain.QsoRecord)" line-rate="1" branch-rate="1" complexity="1">
              <lines>
                <line number="123" hits="14" branch="False" />
                <line number="127" hits="14" branch="False" />
                <line number="128" hits="14" branch="False" />
                <line number="129" hits="14" branch="False" />
                <line number="130" hits="14" branch="False" />
                <line number="131" hits="14" branch="False" />
                <line number="132" hits="14" branch="False" />
                <line number="133" hits="14" branch="False" />
                <line number="134" hits="14" branch="False" />
                <line number="135" hits="14" branch="False" />
                <line number="136" hits="14" branch="False" />
                <line number="137" hits="14" branch="False" />
                <line number="138" hits="14" branch="False" />
                <line number="139" hits="14" branch="False" />
                <line number="140" hits="14" branch="False" />
                <line number="141" hits="14" branch="False" />
                <line number="142" hits="14" branch="False" />
                <line number="143" hits="14" branch="False" />
                <line number="144" hits="14" branch="False" />
                <line number="145" hits="14" branch="False" />
                <line number="146" hits="14" branch="False" />
                <line number="147" hits="14" branch="False" />
                <line number="148" hits="14" branch="False" />
                <line number="149" hits="14" branch="False" />
                <line number="150" hits="14" branch="False" />
                <line number="152" hits="14" branch="False" />
              </lines>
            </method>
            <method name="DeleteQsoAsync" signature="(System.String)" line-rate="1" branch-rate="1" complexity="1">
              <lines>
                <line number="157" hits="3" branch="False" />
                <line number="161" hits="3" branch="False" />
                <line number="162" hits="3" branch="False" />
                <line number="163" hits="3" branch="False" />
                <line number="164" hits="3" branch="False" />
                <line number="165" hits="3" branch="False" />
                <line number="166" hits="3" branch="False" />
                <line number="168" hits="3" branch="False" />
              </lines>
            </method>
            <method name="GetQsoAsync" signature="(System.String)" line-rate="1" branch-rate="1" complexity="2">
              <lines>
                <line number="205" hits="33" branch="False" />
                <line number="209" hits="33" branch="False" />
                <line number="210" hits="33" branch="False" />
                <line number="211" hits="33" branch="False" />
                <line number="212" hits="33" branch="False" />
                <line number="213" hits="33" branch="False" />
                <line number="214" hits="33" branch="True" condition-coverage="100% (2/2)">
                  <conditions>
                    <condition number="88" type="jump" coverage="100%" />
                  </conditions>
                </line>
                <line number="216" hits="25" branch="False" />
                <line number="217" hits="25" branch="False" />
                <line number="220" hits="8" branch="False" />
                <line number="222" hits="33" branch="False" />
              </lines>
            </method>
            <method name="ListQsosAsync" signature="(QsoRipper.Engine.Storage.QsoListQuery)" line-rate="1" branch-rate="1" complexity="28">
              <lines>
                <line number="227" hits="20" branch="False" />
                <line number="231" hits="20" branch="False" />
                <line number="232" hits="20" branch="False" />
                <line number="233" hits="20" branch="False" />
                <line number="235" hits="20" branch="True" condition-coverage="100% (4/4)">
                  <conditions>
                    <condition number="57" type="switch" coverage="100%" />
                  </conditions>
                </line>
                <line number="238" hits="18" branch="False" />
                <line number="239" hits="18" branch="False" />
                <line number="241" hits="1" branch="False" />
                <line number="247" hits="20" branch="True" condition-coverage="100% (2/2)">
                  <conditions>
                    <condition number="115" type="jump" coverage="100%" />
                  </conditions>
                </line>
                <line number="249" hits="1" branch="False" />
                <line number="250" hits="1" branch="False" />
                <line number="253" hits="20" branch="True" condition-coverage="100% (2/2)">
                  <conditions>
                    <condition number="180" type="jump" coverage="100%" />
                  </conditions>
                </line>
                <line number="255" hits="1" branch="False" />
                <line number="256" hits="1" branch="False" />
                <line number="259" hits="20" branch="True" condition-coverage="100% (2/2)">
                  <conditions>
                    <condition number="242" type="jump" coverage="100%" />
                  </conditions>
                </line>
                <line number="261" hits="4" branch="False" />
                <line number="262" hits="4" branch="False" />
                <line number="263" hits="4" branch="False" />
                <line number="264" hits="4" branch="False" />
                <line number="265" hits="4" branch="False" />
                <line number="268" hits="20" branch="True" condition-coverage="100% (2/2)">
                  <conditions>
                    <condition number="318" type="jump" coverage="100%" />
                  </conditions>
                </line>
                <line number="270" hits="2" branch="False" />
                <line number="271" hits="2" branch="False" />
                <line number="274" hits="20" branch="True" condition-coverage="100% (2/2)">
                  <conditions>
                    <condition number="379" type="jump" coverage="100%" />
                  </conditions>
                </line>
                <line number="276" hits="2" branch="False" />
                <line number="277" hits="2" branch="False" />
                <line number="280" hits="20" branch="True" condition-coverage="100% (2/2)">
                  <conditions>
                    <condition number="436" type="jump" coverage="100%" />
                  </conditions>
                </line>
                <line number="282" hits="2" branch="False" />
                <line number="283" hits="2" branch="False" />
                <line number="286" hits="20" branch="True" condition-coverage="100% (2/2)">
                  <conditions>
                    <condition number="484" type="jump" coverage="100%" />
                  </conditions>
                </line>
                <line number="287" hits="20" branch="True" condition-coverage="100% (2/2)">
                  <conditions>
                    <condition number="507" type="jump" coverage="100%" />
                  </conditions>
                </line>
                <line number="288" hits="20" branch="False" />
                <line number="289" hits="20" branch="False" />
                <line number="291" hits="20" branch="False" />
                <line number="292" hits="20" branch="False" />
                <line number="293" hits="20" branch="False" />
                <line number="295" hits="20" branch="True" condition-coverage="100% (2/2)">
                  <conditions>
                    <condition number="647" type="jump" coverage="100%" />
                  </conditions>
                </line>
                <line number="297" hits="2" branch="False" />
                <line number="300" hits="20" branch="True" condition-coverage="100% (2/2)">
                  <conditions>
                    <condition number="722" type="jump" coverage="100%" />
                  </conditions>
                </line>
                <line number="302" hits="2" branch="True" condition-coverage="100% (2/2)">
                  <conditions>
                    <condition number="739" type="jump" coverage="100%" />
                  </conditions>
                </line>
                <line number="304" hits="1" branch="False" />
                <line number="307" hits="2" branch="False" />
                <line number="312" hits="20" branch="False" />
                <line number="314" hits="20" branch="False" />
                <line number="315" hits="20" branch="False" />
                <line number="316" hits="53" branch="True" condition-coverage="100% (2/2)">
                  <conditions>
                    <condition number="886" type="jump" coverage="100%" />
                  </conditions>
                </line>
                <line number="318" hits="33" branch="False" />
                <line number="319" hits="33" branch="False" />
                <line number="322" hits="20" branch="False" />
                <line number="323" hits="20" branch="False" />
                <line number="325" hits="20" branch="False" />
              </lines>
            </method>
            <method name="PurgeDeletedQsosAsync" signature="(System.Collections.Generic.IReadOnlyList`1&lt;System.String&gt;,System.Nullable`1&lt;System.DateTimeOffset&gt;)" line-rate="0.9166" branch-rate="0.875" complexity="8">
              <lines>
                <line number="329" hits="4" branch="False" />
                <line number="332" hits="4" branch="False" />
                <line number="334" hits="4" branch="True" condition-coverage="75% (3/4)">
                  <conditions>
                    <condition number="19" type="jump" coverage="100%" />
                    <condition number="27" type="jump" coverage="50%" />
                  </conditions>
                </line>
                <line number="336" hits="0" branch="False" />
                <line number="339" hits="4" branch="False" />
                <line number="341" hits="4" branch="True" condition-coverage="100% (2/2)">
                  <conditions>
                    <condition number="41" type="jump" coverage="100%" />
                  </conditions>
                </line>
                <line number="344" hits="4" branch="True" condition-coverage="100% (2/2)">
                  <conditions>
                    <condition number="98" type="jump" coverage="100%" />
                  </conditions>
                </line>
                <line number="346" hits="1" branch="False" />
                <line number="347" hits="1" branch="False" />
                <line number="352" hits="3" branch="False" />
                <line number="355" hits="4" branch="False" />
                <line number="357" hits="4" branch="False" />
              </lines>
            </method>
            <method name="GetCountsAsync" signature="()" line-rate="1" branch-rate="1" complexity="1">
              <lines>
                <line number="361" hits="3" branch="False" />
                <line number="364" hits="3" branch="False" />
                <line number="365" hits="3" branch="False" />
                <line number="366" hits="3" branch="False" />
                <line number="367" hits="3" branch="False" />
                <line number="369" hits="3" branch="False" />
                <line number="370" hits="3" branch="False" />
                <line number="371" hits="3" branch="False" />
                <line number="372" hits="3" branch="False" />
                <line number="374" hits="3" branch="False" />
                <line number="376" hits="3" branch="False" />
              </lines>
            </method>
            <method name="GetSyncMetadataAsync" signature="()" line-rate="0.9411" branch-rate="0.875" complexity="8">
              <lines>
                <line number="380" hits="4" branch="False" />
                <line number="383" hits="4" branch="False" />
                <line number="384" hits="4" branch="False" />
                <line number="385" hits="4" branch="False" />
                <line number="386" hits="4" branch="False" />
                <line number="387" hits="4" branch="True" condition-coverage="50% (1/2)">
                  <conditions>
                    <condition number="54" type="jump" coverage="50%" />
                  </conditions>
                </line>
                <line number="389" hits="4" branch="False" />
                <line number="390" hits="4" branch="True" condition-coverage="100% (2/2)">
                  <conditions>
                    <condition number="74" type="jump" coverage="100%" />
                  </conditions>
                </line>
                <line number="391" hits="4" branch="True" condition-coverage="100% (2/2)">
                  <conditions>
                    <condition number="109" type="jump" coverage="100%" />
                  </conditions>
                </line>
                <line number="393" hits="4" branch="True" condition-coverage="100% (2/2)">
                  <conditions>
                    <condition number="143" type="jump" coverage="100%" />
                  </conditions>
                </line>
                <line number="394" hits="4" branch="False" />
                <line number="395" hits="4" branch="False" />
                <line number="396" hits="4" branch="False" />
                <line number="397" hits="4" branch="False" />
                <line number="398" hits="4" branch="False" />
                <line number="401" hits="0" branch="False" />
                <line number="403" hits="4" branch="False" />
              </lines>
            </method>
            <method name="UpsertSyncMetadataAsync" signature="(QsoRipper.Engine.Storage.SyncMetadata)" line-rate="1" branch-rate="1" complexity="4">
              <lines>
                <line number="408" hits="4" branch="False" />
                <line number="412" hits="4" branch="False" />
                <line number="413" hits="4" branch="False" />
                <line number="414" hits="4" branch="False" />
                <line number="415" hits="4" branch="False" />
                <line number="416" hits="4" branch="False" />
                <line number="417" hits="4" branch="False" />
                <line number="418" hits="4" branch="False" />
                <line number="419" hits="4" branch="False" />
                <line number="420" hits="4" branch="False" />
                <line number="421" hits="4" branch="False" />
                <line number="422" hits="4" branch="False" />
                <line number="423" hits="4" branch="False" />
                <line number="424" hits="4" branch="True" condition-coverage="100% (2/2)">
                  <conditions>
                    <condition number="106" type="jump" coverage="100%" />
                  </conditions>
                </line>
                <line number="425" hits="4" branch="False" />
                <line number="426" hits="4" branch="True" condition-coverage="100% (2/2)">
                  <conditions>
                    <condition number="162" type="jump" coverage="100%" />
                  </conditions>
                </line>
                <line number="427" hits="4" branch="False" />
                <line number="428" hits="4" branch="False" />
                <line number="431" hits="4" branch="False" />
              </lines>
            </method>
            <method name="GetAsync" signature="(System.String)" line-rate="1" branch-rate="1" complexity="2">
              <lines>
                <line number="441" hits="10" branch="False" />
                <line number="443" hits="10" branch="False" />
                <line number="446" hits="10" branch="False" />
                <line number="447" hits="10" branch="False" />
                <line number="448" hits="10" branch="False" />
                <line number="449" hits="10" branch="False" />
                <line number="450" hits="10" branch="False" />
                <line number="451" hits="10" branch="True" condition-coverage="100% (2/2)">
                  <conditions>
                    <condition number="90" type="jump" coverage="100%" />
                  </conditions>
                </line>
                <line number="453" hits="8" branch="False" />
                <line number="456" hits="2" branch="False" />
                <line number="458" hits="10" branch="False" />
              </lines>
            </method>
            <method name="UpsertAsync" signature="(QsoRipper.Engine.Storage.LookupSnapshot)" line-rate="1" branch-rate="1" complexity="2">
              <lines>
                <line number="463" hits="9" branch="False" />
                <line number="465" hits="9" branch="False" />
                <line number="468" hits="9" branch="False" />
                <line number="469" hits="9" branch="False" />
                <line number="470" hits="9" branch="False" />
                <line number="471" hits="9" branch="False" />
                <line number="472" hits="9" branch="False" />
                <line number="473" hits="9" branch="False" />
                <line number="474" hits="9" branch="False" />
                <line number="475" hits="9" branch="False" />
                <line number="476" hits="9" branch="False" />
                <line number="477" hits="9" branch="False" />
                <line number="478" hits="9" branch="False" />
                <line number="479" hits="9" branch="False" />
                <line number="480" hits="9" branch="False" />
                <line number="481" hits="9" branch="False" />
                <line number="482" hits="9" branch="True" condition-coverage="100% (2/2)">
                  <conditions>
                    <condition number="173" type="jump" coverage="100%" />
                  </conditions>
                </line>
                <line number="483" hits="9" branch="False" />
                <line number="484" hits="9" branch="False" />
                <line number="487" hits="9" branch="False" />
              </lines>
            </method>
            <method name="DeleteAsync" signature="(System.String)" line-rate="1" branch-rate="1" complexity="1">
              <lines>
                <line number="493" hits="2" branch="False" />
                <line number="495" hits="2" branch="False" />
                <line number="498" hits="2" branch="False" />
                <line number="499" hits="2" branch="False" />
                <line number="500" hits="2" branch="False" />
                <line number="501" hits="2" branch="False" />
                <line number="502" hits="2" branch="False" />
                <line number="503" hits="2" branch="False" />
                <line number="505" hits="2" branch="False" />
              </lines>
            </method>
            <method name="Dispose" signature="()" line-rate="1" branch-rate="1" complexity="2">
              <lines>
                <line number="512" hits="60" branch="False" />
                <line number="515" hits="60" branch="True" condition-coverage="100% (2/2)">
                  <conditions>
                    <condition number="18" type="jump" coverage="100%" />
                  </conditions>
                </line>
                <line number="517" hits="60" branch="False" />
                <line number="518" hits="60" branch="False" />
                <line number="520" hits="60" branch="False" />
                <line number="521" hits="60" branch="False" />
              </lines>
            </method>
            <method name="RunMigrations" signature="()" line-rate="1" branch-rate="1" complexity="1">
              <lines>
                <line number="528" hits="60" branch="False" />
                <line number="531" hits="60" branch="False" />
                <line number="532" hits="60" branch="False" />
                <line number="533" hits="60" branch="False" />
                <line number="535" hits="60" branch="False" />
                <line number="537" hits="60" branch="False" />
              </lines>
            </method>
            <method name="ApplySoftDeleteMigration" signature="()" line-rate="0.5" branch-rate="0.5" complexity="4">
              <lines>
                <line number="541" hits="60" branch="True" condition-coverage="50% (1/2)">
                  <conditions>
                    <condition number="16" type="jump" coverage="50%" />
                  </conditions>
                </line>
                <line number="543" hits="0" branch="False" />
                <line number="544" hits="0" branch="False" />
                <line number="545" hits="0" branch="False" />
                <line number="548" hits="60" branch="True" condition-coverage="50% (1/2)">
                  <conditions>
                    <condition number="76" type="jump" coverage="50%" />
                  </conditions>
                </line>
                <line number="550" hits="0" branch="False" />
                <line number="551" hits="0" branch="False" />
                <line number="552" hits="0" branch="False" />
                <line number="555" hits="60" branch="False" />
                <line number="556" hits="60" branch="False" />
                <line number="557" hits="60" branch="False" />
                <line number="558" hits="120" branch="False" />
              </lines>
            </method>
            <method name="HasColumn" signature="(System.String,System.String)" line-rate="1" branch-rate="1" complexity="1">
              <lines>
                <line number="562" hits="120" branch="False" />
                <line number="563" hits="120" branch="False" />
                <line number="564" hits="120" branch="False" />
                <line number="565" hits="120" branch="False" />
                <line number="566" hits="120" branch="False" />
                <line number="567" hits="120" branch="False" />
                <line number="568" hits="120" branch="False" />
              </lines>
            </method>
            <method name="ConfigurePragmas" signature="(System.TimeSpan)" line-rate="1" branch-rate="1" complexity="1">
              <lines>
                <line number="571" hits="60" branch="False" />
                <line number="574" hits="60" branch="False" />
                <line number="575" hits="60" branch="False" />
                <line number="576" hits="60" branch="False" />
                <line number="577" hits="60" branch="False" />
                <line number="578" hits="60" branch="False" />
              </lines>
            </method>
            <method name="NormalizeCallsign" signature="(System.String)" line-rate="1" branch-rate="1" complexity="1">
              <lines>
                <line number="584" hits="21" branch="False" />
              </lines>
            </method>
            <method name="TimestampToMs" signature="(Google.Protobuf.WellKnownTypes.Timestamp)" line-rate="1" branch-rate="0.8332999999999999" complexity="6">
              <lines>
                <line number="588" hits="336" branch="True" condition-coverage="83.33% (5/6)">
                  <conditions>
                    <condition number="1" type="jump" coverage="100%" />
                    <condition number="9" type="jump" coverage="50%" />
                    <condition number="17" type="jump" coverage="100%" />
                  </conditions>
                </line>
                <line number="590" hits="241" branch="False" />
                <line number="593" hits="95" branch="False" />
              </lines>
            </method>
            <method name="NullIfEmpty" signature="(System.String)" line-rate="1" branch-rate="1" complexity="2">
              <lines>
                <line number="597" hits="252" branch="True" condition-coverage="100% (2/2)">
                  <conditions>
                    <condition number="6" type="jump" coverage="100%" />
                  </conditions>
                </line>
              </lines>
            </method>
            <method name="BindQsoParameters" signature="(Microsoft.Data.Sqlite.SqliteCommand,QsoRipper.Domain.QsoRecord)" line-rate="1" branch-rate="1" complexity="6">
              <lines>
                <line number="601" hits="84" branch="False" />
                <line number="602" hits="84" branch="True" condition-coverage="100% (2/2)">
                  <conditions>
                    <condition number="46" type="jump" coverage="100%" />
                  </conditions>
                </line>
                <line number="603" hits="84" branch="True" condition-coverage="100% (2/2)">
                  <conditions>
                    <condition number="83" type="jump" coverage="100%" />
                  </conditions>
                </line>
                <line number="604" hits="84" branch="False" />
                <line number="605" hits="84" branch="False" />
                <line number="606" hits="84" branch="False" />
                <line number="607" hits="84" branch="False" />
                <line number="608" hits="84" branch="False" />
                <line number="609" hits="84" branch="True" condition-coverage="100% (2/2)">
                  <conditions>
                    <condition number="255" type="jump" coverage="100%" />
                  </conditions>
                </line>
                <line number="610" hits="84" branch="False" />
                <line number="611" hits="84" branch="False" />
                <line number="612" hits="84" branch="False" />
                <line number="613" hits="84" branch="False" />
                <line number="614" hits="84" branch="False" />
                <line number="615" hits="84" branch="False" />
                <line number="616" hits="84" branch="False" />
              </lines>
            </method>
            <method name="NullableMsToDbValue" signature="(System.Nullable`1&lt;System.Int64&gt;)" line-rate="1" branch-rate="1" complexity="2">
              <lines>
                <line number="619" hits="336" branch="True" condition-coverage="100% (2/2)">
                  <conditions>
                    <condition number="7" type="jump" coverage="100%" />
                  </conditions>
                </line>
              </lines>
            </method>
            <method name="ReadLookupSnapshot" signature="(Microsoft.Data.Sqlite.SqliteDataReader)" line-rate="1" branch-rate="1" complexity="4">
              <lines>
                <line number="623" hits="8" branch="False" />
                <line number="624" hits="8" branch="False" />
                <line number="625" hits="8" branch="False" />
                <line number="626" hits="8" branch="True" condition-coverage="100% (2/2)">
                  <conditions>
                    <condition number="40" type="jump" coverage="100%" />
                  </conditions>
                </line>
                <line number="628" hits="8" branch="True" condition-coverage="100% (2/2)">
                  <conditions>
                    <condition number="116" type="jump" coverage="100%" />
                  </conditions>
                </line>
                <line number="629" hits="8" branch="False" />
                <line number="630" hits="8" branch="False" />
                <line number="631" hits="8" branch="False" />
                <line number="632" hits="8" branch="False" />
                <line number="633" hits="8" branch="False" />
                <line number="634" hits="8" branch="False" />
              </lines>
            </method>
            <method name="ExecutePragma" signature="(System.String,System.String)" line-rate="1" branch-rate="1" complexity="1">
              <lines>
                <line number="639" hits="180" branch="False" />
                <line number="641" hits="180" branch="False" />
                <line number="643" hits="180" branch="False" />
                <line number="644" hits="360" branch="False" />
              </lines>
            </method>
            <method name="ExecutePurgeChunk" signature="(System.Collections.Generic.List`1&lt;System.String&gt;,System.Nullable`1&lt;System.DateTimeOffset&gt;)" line-rate="1" branch-rate="1" complexity="6">
              <lines>
                <line number="648" hits="4" branch="False" />
                <line number="649" hits="4" branch="False" />
                <line number="651" hits="4" branch="True" condition-coverage="100% (2/2)">
                  <conditions>
                    <condition number="19" type="jump" coverage="100%" />
                  </conditions>
                </line>
                <line number="653" hits="1" branch="False" />
                <line number="654" hits="4" branch="True" condition-coverage="100% (2/2)">
                  <conditions>
                    <condition number="135" type="jump" coverage="100%" />
                  </conditions>
                </line>
                <line number="656" hits="1" branch="False" />
                <line number="657" hits="1" branch="False" />
                <line number="658" hits="1" branch="False" />
                <line number="661" hits="1" branch="False" />
                <line number="664" hits="4" branch="True" condition-coverage="100% (2/2)">
                  <conditions>
                    <condition number="172" type="jump" coverage="100%" />
                  </conditions>
                </line>
                <line number="666" hits="1" branch="False" />
                <line number="667" hits="1" branch="False" />
                <line number="671" hits="4" branch="False" />
                <line number="673" hits="4" branch="False" />
                <line number="674" hits="4" branch="False" />
              </lines>
            </method>
            <method name="ThrowIfDisposed" signature="()" line-rate="1" branch-rate="1" complexity="1">
              <lines>
                <line number="678" hits="176" branch="False" />
                <line number="679" hits="176" branch="False" />
              </lines>
            </method>
            <method name=".ctor" signature="(Microsoft.Data.Sqlite.SqliteConnection)" line-rate="1" branch-rate="1" complexity="1">
              <lines>
                <line number="62" hits="60" branch="False" />
                <line number="66" hits="60" branch="False" />
                <line number="68" hits="60" branch="False" />
                <line number="69" hits="60" branch="False" />
              </lines>
            </method>
          </methods>
          <lines>
            <line number="72" hits="2" branch="False" />
            <line number="75" hits="144" branch="False" />
            <line number="78" hits="22" branch="False" />
            <line number="87" hits="70" branch="False" />
            <line number="91" hits="70" branch="False" />
            <line number="94" hits="70" branch="False" />
            <line number="95" hits="70" branch="False" />
            <line number="96" hits="70" branch="False" />
            <line number="97" hits="70" branch="False" />
            <line number="98" hits="70" branch="False" />
            <line number="99" hits="70" branch="False" />
            <line number="100" hits="70" branch="False" />
            <line number="101" hits="70" branch="False" />
            <line number="102" hits="70" branch="False" />
            <line number="103" hits="70" branch="False" />
            <line number="104" hits="70" branch="False" />
            <line number="105" hits="70" branch="False" />
            <line number="106" hits="68" branch="False" />
            <line number="107" hits="2" branch="False" />
            <line number="109" hits="1" branch="False" />
            <line number="111" hits="1" branch="False" />
            <line number="113" hits="1" branch="False" />
            <line number="117" hits="68" branch="False" />
            <line number="123" hits="14" branch="False" />
            <line number="127" hits="14" branch="False" />
            <line number="128" hits="14" branch="False" />
            <line number="129" hits="14" branch="False" />
            <line number="130" hits="14" branch="False" />
            <line number="131" hits="14" branch="False" />
            <line number="132" hits="14" branch="False" />
            <line number="133" hits="14" branch="False" />
            <line number="134" hits="14" branch="False" />
            <line number="135" hits="14" branch="False" />
            <line number="136" hits="14" branch="False" />
            <line number="137" hits="14" branch="False" />
            <line number="138" hits="14" branch="False" />
            <line number="139" hits="14" branch="False" />
            <line number="140" hits="14" branch="False" />
            <line number="141" hits="14" branch="False" />
            <line number="142" hits="14" branch="False" />
            <line number="143" hits="14" branch="False" />
            <line number="144" hits="14" branch="False" />
            <line number="145" hits="14" branch="False" />
            <line number="146" hits="14" branch="False" />
            <line number="147" hits="14" branch="False" />
            <line number="148" hits="14" branch="False" />
            <line number="149" hits="14" branch="False" />
            <line number="150" hits="14" branch="False" />
            <line number="152" hits="14" branch="False" />
            <line number="157" hits="3" branch="False" />
            <line number="161" hits="3" branch="False" />
            <line number="162" hits="3" branch="False" />
            <line number="163" hits="3" branch="False" />
            <line number="164" hits="3" branch="False" />
            <line number="165" hits="3" branch="False" />
            <line number="166" hits="3" branch="False" />
            <line number="168" hits="3" branch="False" />
            <line number="205" hits="33" branch="False" />
            <line number="209" hits="33" branch="False" />
            <line number="210" hits="33" branch="False" />
            <line number="211" hits="33" branch="False" />
            <line number="212" hits="33" branch="False" />
            <line number="213" hits="33" branch="False" />
            <line number="214" hits="33" branch="True" condition-coverage="100% (2/2)">
              <conditions>
                <condition number="88" type="jump" coverage="100%" />
              </conditions>
            </line>
            <line number="216" hits="25" branch="False" />
            <line number="217" hits="25" branch="False" />
            <line number="220" hits="8" branch="False" />
            <line number="222" hits="33" branch="False" />
            <line number="227" hits="20" branch="False" />
            <line number="231" hits="20" branch="False" />
            <line number="232" hits="20" branch="False" />
            <line number="233" hits="20" branch="False" />
            <line number="235" hits="20" branch="True" condition-coverage="100% (4/4)">
              <conditions>
                <condition number="57" type="switch" coverage="100%" />
              </conditions>
            </line>
            <line number="238" hits="18" branch="False" />
            <line number="239" hits="18" branch="False" />
            <line number="241" hits="1" branch="False" />
            <line number="247" hits="20" branch="True" condition-coverage="100% (2/2)">
              <conditions>
                <condition number="115" type="jump" coverage="100%" />
              </conditions>
            </line>
            <line number="249" hits="1" branch="False" />
            <line number="250" hits="1" branch="False" />
            <line number="253" hits="20" branch="True" condition-coverage="100% (2/2)">
              <conditions>
                <condition number="180" type="jump" coverage="100%" />
              </conditions>
            </line>
            <line number="255" hits="1" branch="False" />
            <line number="256" hits="1" branch="False" />
            <line number="259" hits="20" branch="True" condition-coverage="100% (2/2)">
              <conditions>
                <condition number="242" type="jump" coverage="100%" />
              </conditions>
            </line>
            <line number="261" hits="4" branch="False" />
            <line number="262" hits="4" branch="False" />
            <line number="263" hits="4" branch="False" />
            <line number="264" hits="4" branch="False" />
            <line number="265" hits="4" branch="False" />
            <line number="268" hits="20" branch="True" condition-coverage="100% (2/2)">
              <conditions>
                <condition number="318" type="jump" coverage="100%" />
              </conditions>
            </line>
            <line number="270" hits="2" branch="False" />
            <line number="271" hits="2" branch="False" />
            <line number="274" hits="20" branch="True" condition-coverage="100% (2/2)">
              <conditions>
                <condition number="379" type="jump" coverage="100%" />
              </conditions>
            </line>
            <line number="276" hits="2" branch="False" />
            <line number="277" hits="2" branch="False" />
            <line number="280" hits="20" branch="True" condition-coverage="100% (2/2)">
              <conditions>
                <condition number="436" type="jump" coverage="100%" />
              </conditions>
            </line>
            <line number="282" hits="2" branch="False" />
            <line number="283" hits="2" branch="False" />
            <line number="286" hits="20" branch="True" condition-coverage="100% (2/2)">
              <conditions>
                <condition number="484" type="jump" coverage="100%" />
              </conditions>
            </line>
            <line number="287" hits="20" branch="True" condition-coverage="100% (2/2)">
              <conditions>
                <condition number="507" type="jump" coverage="100%" />
              </conditions>
            </line>
            <line number="288" hits="20" branch="False" />
            <line number="289" hits="20" branch="False" />
            <line number="291" hits="20" branch="False" />
            <line number="292" hits="20" branch="False" />
            <line number="293" hits="20" branch="False" />
            <line number="295" hits="20" branch="True" condition-coverage="100% (2/2)">
              <conditions>
                <condition number="647" type="jump" coverage="100%" />
              </conditions>
            </line>
            <line number="297" hits="2" branch="False" />
            <line number="300" hits="20" branch="True" condition-coverage="100% (2/2)">
              <conditions>
                <condition number="722" type="jump" coverage="100%" />
              </conditions>
            </line>
            <line number="302" hits="2" branch="True" condition-coverage="100% (2/2)">
              <conditions>
                <condition number="739" type="jump" coverage="100%" />
              </conditions>
            </line>
            <line number="304" hits="1" branch="False" />
            <line number="307" hits="2" branch="False" />
            <line number="312" hits="20" branch="False" />
            <line number="314" hits="20" branch="False" />
            <line number="315" hits="20" branch="False" />
            <line number="316" hits="53" branch="True" condition-coverage="100% (2/2)">
              <conditions>
                <condition number="886" type="jump" coverage="100%" />
              </conditions>
            </line>
            <line number="318" hits="33" branch="False" />
            <line number="319" hits="33" branch="False" />
            <line number="322" hits="20" branch="False" />
            <line number="323" hits="20" branch="False" />
            <line number="325" hits="20" branch="False" />
            <line number="329" hits="4" branch="False" />
            <line number="332" hits="4" branch="False" />
            <line number="334" hits="4" branch="True" condition-coverage="75% (3/4)">
              <conditions>
                <condition number="19" type="jump" coverage="100%" />
                <condition number="27" type="jump" coverage="50%" />
              </conditions>
            </line>
            <line number="336" hits="0" branch="False" />
            <line number="339" hits="4" branch="False" />
            <line number="341" hits="4" branch="True" condition-coverage="100% (2/2)">
              <conditions>
                <condition number="41" type="jump" coverage="100%" />
              </conditions>
            </line>
            <line number="344" hits="4" branch="True" condition-coverage="100% (2/2)">
              <conditions>
                <condition number="98" type="jump" coverage="100%" />
              </conditions>
            </line>
            <line number="346" hits="1" branch="False" />
            <line number="347" hits="1" branch="False" />
            <line number="352" hits="3" branch="False" />
            <line number="355" hits="4" branch="False" />
            <line number="357" hits="4" branch="False" />
            <line number="361" hits="3" branch="False" />
            <line number="364" hits="3" branch="False" />
            <line number="365" hits="3" branch="False" />
            <line number="366" hits="3" branch="False" />
            <line number="367" hits="3" branch="False" />
            <line number="369" hits="3" branch="False" />
            <line number="370" hits="3" branch="False" />
            <line number="371" hits="3" branch="False" />
            <line number="372" hits="3" branch="False" />
            <line number="374" hits="3" branch="False" />
            <line number="376" hits="3" branch="False" />
            <line number="380" hits="4" branch="False" />
            <line number="383" hits="4" branch="False" />
            <line number="384" hits="4" branch="False" />
            <line number="385" hits="4" branch="False" />
            <line number="386" hits="4" branch="False" />
            <line number="387" hits="4" branch="True" condition-coverage="50% (1/2)">
              <conditions>
                <condition number="54" type="jump" coverage="50%" />
              </conditions>
            </line>
            <line number="389" hits="4" branch="False" />
            <line number="390" hits="4" branch="True" condition-coverage="100% (2/2)">
              <conditions>
                <condition number="74" type="jump" coverage="100%" />
              </conditions>
            </line>
            <line number="391" hits="4" branch="True" condition-coverage="100% (2/2)">
              <conditions>
                <condition number="109" type="jump" coverage="100%" />
              </conditions>
            </line>
            <line number="393" hits="4" branch="True" condition-coverage="100% (2/2)">
              <conditions>
                <condition number="143" type="jump" coverage="100%" />
              </conditions>
            </line>
            <line number="394" hits="4" branch="False" />
            <line number="395" hits="4" branch="False" />
            <line number="396" hits="4" branch="False" />
            <line number="397" hits="4" branch="False" />
            <line number="398" hits="4" branch="False" />
            <line number="401" hits="0" branch="False" />
            <line number="403" hits="4" branch="False" />
            <line number="408" hits="4" branch="False" />
            <line number="412" hits="4" branch="False" />
            <line number="413" hits="4" branch="False" />
            <line number="414" hits="4" branch="False" />
            <line number="415" hits="4" branch="False" />
            <line number="416" hits="4" branch="False" />
            <line number="417" hits="4" branch="False" />
            <line number="418" hits="4" branch="False" />
            <line number="419" hits="4" branch="False" />
            <line number="420" hits="4" branch="False" />
            <line number="421" hits="4" branch="False" />
            <line number="422" hits="4" branch="False" />
            <line number="423" hits="4" branch="False" />
            <line number="424" hits="4" branch="True" condition-coverage="100% (2/2)">
              <conditions>
                <condition number="106" type="jump" coverage="100%" />
              </conditions>
            </line>
            <line number="425" hits="4" branch="False" />
            <line number="426" hits="4" branch="True" condition-coverage="100% (2/2)">
              <conditions>
                <condition number="162" type="jump" coverage="100%" />
              </conditions>
            </line>
            <line number="427" hits="4" branch="False" />
            <line number="428" hits="4" branch="False" />
            <line number="431" hits="4" branch="False" />
            <line number="441" hits="10" branch="False" />
            <line number="443" hits="10" branch="False" />
            <line number="446" hits="10" branch="False" />
            <line number="447" hits="10" branch="False" />
            <line number="448" hits="10" branch="False" />
            <line number="449" hits="10" branch="False" />
            <line number="450" hits="10" branch="False" />
            <line number="451" hits="10" branch="True" condition-coverage="100% (2/2)">
              <conditions>
                <condition number="90" type="jump" coverage="100%" />
              </conditions>
            </line>
            <line number="453" hits="8" branch="False" />
            <line number="456" hits="2" branch="False" />
            <line number="458" hits="10" branch="False" />
            <line number="463" hits="9" branch="False" />
            <line number="465" hits="9" branch="False" />
            <line number="468" hits="9" branch="False" />
            <line number="469" hits="9" branch="False" />
            <line number="470" hits="9" branch="False" />
            <line number="471" hits="9" branch="False" />
            <line number="472" hits="9" branch="False" />
            <line number="473" hits="9" branch="False" />
            <line number="474" hits="9" branch="False" />
            <line number="475" hits="9" branch="False" />
            <line number="476" hits="9" branch="False" />
            <line number="477" hits="9" branch="False" />
            <line number="478" hits="9" branch="False" />
            <line number="479" hits="9" branch="False" />
            <line number="480" hits="9" branch="False" />
            <line number="481" hits="9" branch="False" />
            <line number="482" hits="9" branch="True" condition-coverage="100% (2/2)">
              <conditions>
                <condition number="173" type="jump" coverage="100%" />
              </conditions>
            </line>
            <line number="483" hits="9" branch="False" />
            <line number="484" hits="9" branch="False" />
            <line number="487" hits="9" branch="False" />
            <line number="493" hits="2" branch="False" />
            <line number="495" hits="2" branch="False" />
            <line number="498" hits="2" branch="False" />
            <line number="499" hits="2" branch="False" />
            <line number="500" hits="2" branch="False" />
            <line number="501" hits="2" branch="False" />
            <line number="502" hits="2" branch="False" />
            <line number="503" hits="2" branch="False" />
            <line number="505" hits="2" branch="False" />
            <line number="512" hits="60" branch="False" />
            <line number="515" hits="60" branch="True" condition-coverage="100% (2/2)">
              <conditions>
                <condition number="18" type="jump" coverage="100%" />
              </conditions>
            </line>
            <line number="517" hits="60" branch="False" />
            <line number="518" hits="60" branch="False" />
            <line number="520" hits="60" branch="False" />
            <line number="521" hits="60" branch="False" />
            <line number="528" hits="60" branch="False" />
            <line number="531" hits="60" branch="False" />
            <line number="532" hits="60" branch="False" />
            <line number="533" hits="60" branch="False" />
            <line number="535" hits="60" branch="False" />
            <line number="537" hits="60" branch="False" />
            <line number="541" hits="60" branch="True" condition-coverage="50% (1/2)">
              <conditions>
                <condition number="16" type="jump" coverage="50%" />
              </conditions>
            </line>
            <line number="543" hits="0" branch="False" />
            <line number="544" hits="0" branch="False" />
            <line number="545" hits="0" branch="False" />
            <line number="548" hits="60" branch="True" condition-coverage="50% (1/2)">
              <conditions>
                <condition number="76" type="jump" coverage="50%" />
              </conditions>
            </line>
            <line number="550" hits="0" branch="False" />
            <line number="551" hits="0" branch="False" />
            <line number="552" hits="0" branch="False" />
            <line number="555" hits="60" branch="False" />
            <line number="556" hits="60" branch="False" />
            <line number="557" hits="60" branch="False" />
            <line number="558" hits="120" branch="False" />
            <line number="562" hits="120" branch="False" />
            <line number="563" hits="120" branch="False" />
            <line number="564" hits="120" branch="False" />
            <line number="565" hits="120" branch="False" />
            <line number="566" hits="120" branch="False" />
            <line number="567" hits="120" branch="False" />
            <line number="568" hits="120" branch="False" />
            <line number="571" hits="60" branch="False" />
            <line number="574" hits="60" branch="False" />
            <line number="575" hits="60" branch="False" />
            <line number="576" hits="60" branch="False" />
            <line number="577" hits="60" branch="False" />
            <line number="578" hits="60" branch="False" />
            <line number="584" hits="21" branch="False" />
            <line number="588" hits="336" branch="True" condition-coverage="83.33% (5/6)">
              <conditions>
                <condition number="1" type="jump" coverage="100%" />
                <condition number="9" type="jump" coverage="50%" />
                <condition number="17" type="jump" coverage="100%" />
              </conditions>
            </line>
            <line number="590" hits="241" branch="False" />
            <line number="593" hits="95" branch="False" />
            <line number="597" hits="252" branch="True" condition-coverage="100% (2/2)">
              <conditions>
                <condition number="6" type="jump" coverage="100%" />
              </conditions>
            </line>
            <line number="601" hits="84" branch="False" />
            <line number="602" hits="84" branch="True" condition-coverage="100% (2/2)">
              <conditions>
                <condition number="46" type="jump" coverage="100%" />
              </conditions>
            </line>
            <line number="603" hits="84" branch="True" condition-coverage="100% (2/2)">
              <conditions>
                <condition number="83" type="jump" coverage="100%" />
              </conditions>
            </line>
            <line number="604" hits="84" branch="False" />
            <line number="605" hits="84" branch="False" />
            <line number="606" hits="84" branch="False" />
            <line number="607" hits="84" branch="False" />
            <line number="608" hits="84" branch="False" />
            <line number="609" hits="84" branch="True" condition-coverage="100% (2/2)">
              <conditions>
                <condition number="255" type="jump" coverage="100%" />
              </conditions>
            </line>
            <line number="610" hits="84" branch="False" />
            <line number="611" hits="84" branch="False" />
            <line number="612" hits="84" branch="False" />
            <line number="613" hits="84" branch="False" />
            <line number="614" hits="84" branch="False" />
            <line number="615" hits="84" branch="False" />
            <line number="616" hits="84" branch="False" />
            <line number="619" hits="336" branch="True" condition-coverage="100% (2/2)">
              <conditions>
                <condition number="7" type="jump" coverage="100%" />
              </conditions>
            </line>
            <line number="623" hits="8" branch="False" />
            <line number="624" hits="8" branch="False" />
            <line number="625" hits="8" branch="False" />
            <line number="626" hits="8" branch="True" condition-coverage="100% (2/2)">
              <conditions>
                <condition number="40" type="jump" coverage="100%" />
              </conditions>
            </line>
            <line number="628" hits="8" branch="True" condition-coverage="100% (2/2)">
              <conditions>
                <condition number="116" type="jump" coverage="100%" />
              </conditions>
            </line>
            <line number="629" hits="8" branch="False" />
            <line number="630" hits="8" branch="False" />
            <line number="631" hits="8" branch="False" />
            <line number="632" hits="8" branch="False" />
            <line number="633" hits="8" branch="False" />
            <line number="634" hits="8" branch="False" />
            <line number="639" hits="180" branch="False" />
            <line number="641" hits="180" branch="False" />
            <line number="643" hits="180" branch="False" />
            <line number="644" hits="360" branch="False" />
            <line number="648" hits="4" branch="False" />
            <line number="649" hits="4" branch="False" />
            <line number="651" hits="4" branch="True" condition-coverage="100% (2/2)">
              <conditions>
                <condition number="19" type="jump" coverage="100%" />
              </conditions>
            </line>
            <line number="653" hits="1" branch="False" />
            <line number="654" hits="4" branch="True" condition-coverage="100% (2/2)">
              <conditions>
                <condition number="135" type="jump" coverage="100%" />
              </conditions>
            </line>
            <line number="656" hits="1" branch="False" />
            <line number="657" hits="1" branch="False" />
            <line number="658" hits="1" branch="False" />
            <line number="661" hits="1" branch="False" />
            <line number="664" hits="4" branch="True" condition-coverage="100% (2/2)">
              <conditions>
                <condition number="172" type="jump" coverage="100%" />
              </conditions>
            </line>
            <line number="666" hits="1" branch="False" />
            <line number="667" hits="1" branch="False" />
            <line number="671" hits="4" branch="False" />
            <line number="673" hits="4" branch="False" />
            <line number="674" hits="4" branch="False" />
            <line number="678" hits="176" branch="False" />
            <line number="679" hits="176" branch="False" />
            <line number="62" hits="60" branch="False" />
            <line number="66" hits="60" branch="False" />
            <line number="68" hits="60" branch="False" />
            <line number="69" hits="60" branch="False" />
          </lines>
        </class>
        <class name="QsoRipper.Engine.Storage.Sqlite.SqliteStorageBuilder" filename="QsoRipper.Engine.Storage.Sqlite\SqliteStorageBuilder.cs" line-rate="0.8332999999999999" branch-rate="1" complexity="8">
          <methods>
            <method name="Path" signature="(System.String)" line-rate="1" branch-rate="1" complexity="1">
              <lines>
                <line number="16" hits="4" branch="False" />
                <line number="17" hits="4" branch="False" />
                <line number="18" hits="4" branch="False" />
              </lines>
            </method>
            <method name="InMemory" signature="()" line-rate="1" branch-rate="1" complexity="1">
              <lines>
                <line number="24" hits="56" branch="False" />
                <line number="25" hits="56" branch="False" />
              </lines>
            </method>
            <method name="BusyTimeout" signature="(System.TimeSpan)" line-rate="0" branch-rate="1" complexity="1">
              <lines>
                <line number="31" hits="0" branch="False" />
                <line number="32" hits="0" branch="False" />
              </lines>
            </method>
            <method name="Build" signature="()" line-rate="0.8571" branch-rate="1" complexity="4">
              <lines>
                <line number="39" hits="60" branch="True" condition-coverage="100% (2/2)">
                  <conditions>
                    <condition number="6" type="jump" coverage="100%" />
                  </conditions>
                </line>
                <line number="42" hits="56" branch="False" />
                <line number="46" hits="4" branch="False" />
                <line number="47" hits="4" branch="False" />
                <line number="48" hits="4" branch="True" condition-coverage="100% (2/2)">
                  <conditions>
                    <condition number="41" type="jump" coverage="100%" />
                  </conditions>
                </line>
                <line number="50" hits="4" branch="False" />
                <line number="53" hits="4" branch="False" />
                <line number="54" hits="4" branch="False" />
                <line number="55" hits="4" branch="False" />
                <line number="56" hits="4" branch="False" />
                <line number="57" hits="4" branch="False" />
                <line number="60" hits="60" branch="False" />
                <line number="63" hits="60" branch="False" />
                <line number="64" hits="60" branch="False" />
                <line number="65" hits="60" branch="False" />
                <line number="66" hits="60" branch="False" />
                <line number="67" hits="60" branch="False" />
                <line number="69" hits="0" branch="False" />
                <line number="71" hits="0" branch="False" />
                <line number="72" hits="0" branch="False" />
                <line number="74" hits="60" branch="False" />
              </lines>
            </method>
            <method name=".ctor" signature="()" line-rate="1" branch-rate="1" complexity="1">
              <lines>
                <line number="10" hits="60" branch="False" />
                <line number="11" hits="60" branch="False" />
              </lines>
            </method>
          </methods>
          <lines>
            <line number="16" hits="4" branch="False" />
            <line number="17" hits="4" branch="False" />
            <line number="18" hits="4" branch="False" />
            <line number="24" hits="56" branch="False" />
            <line number="25" hits="56" branch="False" />
            <line number="31" hits="0" branch="False" />
            <line number="32" hits="0" branch="False" />
            <line number="39" hits="60" branch="True" condition-coverage="100% (2/2)">
              <conditions>
                <condition number="6" type="jump" coverage="100%" />
              </conditions>
            </line>
            <line number="42" hits="56" branch="False" />
            <line number="46" hits="4" branch="False" />
            <line number="47" hits="4" branch="False" />
            <line number="48" hits="4" branch="True" condition-coverage="100% (2/2)">
              <conditions>
                <condition number="41" type="jump" coverage="100%" />
              </conditions>
            </line>
            <line number="50" hits="4" branch="False" />
            <line number="53" hits="4" branch="False" />
            <line number="54" hits="4" branch="False" />
            <line number="55" hits="4" branch="False" />
            <line number="56" hits="4" branch="False" />
            <line number="57" hits="4" branch="False" />
            <line number="60" hits="60" branch="False" />
            <line number="63" hits="60" branch="False" />
            <line number="64" hits="60" branch="False" />
            <line number="65" hits="60" branch="False" />
            <line number="66" hits="60" branch="False" />
            <line number="67" hits="60" branch="False" />
            <line number="69" hits="0" branch="False" />
            <line number="71" hits="0" branch="False" />
            <line number="72" hits="0" branch="False" />
            <line number="74" hits="60" branch="False" />
            <line number="10" hits="60" branch="False" />
            <line number="11" hits="60" branch="False" />
          </lines>
        </class>
      </classes>
    </package>
  </packages>
</coverage>